<?xml version="1.0" encoding="UTF-8"?>
<testsuites>
  <testsuite name="CLI Arguments" tests="529" assertions="574" errors="134" failures="14" skipped="3" time="0.428370">
    <testsuite name="Test\Ease\TWB5\AlertTest" file="/home/vitex/Projects/VitexSoftware/php-ease-twbootstrap5/tests/src/Ease/TWB5/AlertTest.php" tests="66" assertions="96" errors="1" failures="0" skipped="0" time="0.077870">
      <testcase name="testgetObjectName" file="/home/vitex/Projects/VitexSoftware/php-ease-twbootstrap5/vendor/vitexsoftware/ease-core/tests/src/Ease/AtomTest.php" line="61" class="Test\Ease\TWB5\AlertTest" classname="Test.Ease.TWB5.AlertTest" assertions="1" time="0.006303"/>
      <testcase name="testDataReset" file="/home/vitex/Projects/VitexSoftware/php-ease-twbootstrap5/vendor/vitexsoftware/ease-core/tests/src/Ease/SandTest.php" line="53" class="Test\Ease\TWB5\AlertTest" classname="Test.Ease.TWB5.AlertTest" assertions="1" time="0.000739"/>
      <testcase name="testSetData" file="/home/vitex/Projects/VitexSoftware/php-ease-twbootstrap5/vendor/vitexsoftware/ease-core/tests/src/Ease/SandTest.php" line="62" class="Test\Ease\TWB5\AlertTest" classname="Test.Ease.TWB5.AlertTest" assertions="1" time="0.000914"/>
      <testcase name="testGetData" file="/home/vitex/Projects/VitexSoftware/php-ease-twbootstrap5/vendor/vitexsoftware/ease-core/tests/src/Ease/SandTest.php" line="74" class="Test\Ease\TWB5\AlertTest" classname="Test.Ease.TWB5.AlertTest" assertions="1" time="0.000884"/>
      <testcase name="testGetDataCount" file="/home/vitex/Projects/VitexSoftware/php-ease-twbootstrap5/vendor/vitexsoftware/ease-core/tests/src/Ease/SandTest.php" line="84" class="Test\Ease\TWB5\AlertTest" classname="Test.Ease.TWB5.AlertTest" assertions="1" time="0.000913"/>
      <testcase name="testGetDataValue" file="/home/vitex/Projects/VitexSoftware/php-ease-twbootstrap5/vendor/vitexsoftware/ease-core/tests/src/Ease/SandTest.php" line="95" class="Test\Ease\TWB5\AlertTest" classname="Test.Ease.TWB5.AlertTest" assertions="2" time="0.000907"/>
      <testcase name="testSetDataValue" file="/home/vitex/Projects/VitexSoftware/php-ease-twbootstrap5/vendor/vitexsoftware/ease-core/tests/src/Ease/SandTest.php" line="106" class="Test\Ease\TWB5\AlertTest" classname="Test.Ease.TWB5.AlertTest" assertions="1" time="0.000812"/>
      <testcase name="testUnsetDataValue" file="/home/vitex/Projects/VitexSoftware/php-ease-twbootstrap5/vendor/vitexsoftware/ease-core/tests/src/Ease/SandTest.php" line="115" class="Test\Ease\TWB5\AlertTest" classname="Test.Ease.TWB5.AlertTest" assertions="3" time="0.000981"/>
      <testcase name="testTakeData" file="/home/vitex/Projects/VitexSoftware/php-ease-twbootstrap5/vendor/vitexsoftware/ease-core/tests/src/Ease/SandTest.php" line="127" class="Test\Ease\TWB5\AlertTest" classname="Test.Ease.TWB5.AlertTest" assertions="2" time="0.000811"/>
      <testcase name="testAddItemCustom" file="/home/vitex/Projects/VitexSoftware/php-ease-twbootstrap5/vendor/vitexsoftware/ease-html/tests/src/Ease/ContainerTest.php" line="60" class="Test\Ease\TWB5\AlertTest" classname="Test.Ease.TWB5.AlertTest" assertions="2" time="0.001374"/>
      <testcase name="testAddAsFirst" file="/home/vitex/Projects/VitexSoftware/php-ease-twbootstrap5/vendor/vitexsoftware/ease-html/tests/src/Ease/ContainerTest.php" line="92" class="Test\Ease\TWB5\AlertTest" classname="Test.Ease.TWB5.AlertTest" assertions="1" time="0.001030"/>
      <testcase name="testSuicide" file="/home/vitex/Projects/VitexSoftware/php-ease-twbootstrap5/vendor/vitexsoftware/ease-html/tests/src/Ease/ContainerTest.php" line="108" class="Test\Ease\TWB5\AlertTest" classname="Test.Ease.TWB5.AlertTest" assertions="3" time="0.000845"/>
      <testcase name="testGetItemsCount" file="/home/vitex/Projects/VitexSoftware/php-ease-twbootstrap5/vendor/vitexsoftware/ease-html/tests/src/Ease/ContainerTest.php" line="120" class="Test\Ease\TWB5\AlertTest" classname="Test.Ease.TWB5.AlertTest" assertions="2" time="0.000824"/>
      <testcase name="testAddNextTo" file="/home/vitex/Projects/VitexSoftware/php-ease-twbootstrap5/vendor/vitexsoftware/ease-html/tests/src/Ease/ContainerTest.php" line="131" class="Test\Ease\TWB5\AlertTest" classname="Test.Ease.TWB5.AlertTest" assertions="1" time="0.000868"/>
      <testcase name="testLastItem" file="/home/vitex/Projects/VitexSoftware/php-ease-twbootstrap5/vendor/vitexsoftware/ease-html/tests/src/Ease/ContainerTest.php" line="141" class="Test\Ease\TWB5\AlertTest" classname="Test.Ease.TWB5.AlertTest" assertions="1" time="0.001187"/>
      <testcase name="testAddToLastItem" file="/home/vitex/Projects/VitexSoftware/php-ease-twbootstrap5/vendor/vitexsoftware/ease-html/tests/src/Ease/ContainerTest.php" line="152" class="Test\Ease\TWB5\AlertTest" classname="Test.Ease.TWB5.AlertTest" assertions="1" time="0.000977"/>
      <testcase name="testGetFirstPart" file="/home/vitex/Projects/VitexSoftware/php-ease-twbootstrap5/vendor/vitexsoftware/ease-html/tests/src/Ease/ContainerTest.php" line="166" class="Test\Ease\TWB5\AlertTest" classname="Test.Ease.TWB5.AlertTest" assertions="2" time="0.000943"/>
      <testcase name="testGetContents" file="/home/vitex/Projects/VitexSoftware/php-ease-twbootstrap5/vendor/vitexsoftware/ease-html/tests/src/Ease/ContainerTest.php" line="181" class="Test\Ease\TWB5\AlertTest" classname="Test.Ease.TWB5.AlertTest" assertions="1" time="0.000805"/>
      <testcase name="testAddItems" file="/home/vitex/Projects/VitexSoftware/php-ease-twbootstrap5/vendor/vitexsoftware/ease-html/tests/src/Ease/ContainerTest.php" line="190" class="Test\Ease\TWB5\AlertTest" classname="Test.Ease.TWB5.AlertTest" assertions="1" time="0.000850"/>
      <testcase name="testEmptyContents" file="/home/vitex/Projects/VitexSoftware/php-ease-twbootstrap5/vendor/vitexsoftware/ease-html/tests/src/Ease/ContainerTest.php" line="200" class="Test\Ease\TWB5\AlertTest" classname="Test.Ease.TWB5.AlertTest" assertions="1" time="0.000838"/>
      <testcase name="testDrawAllContents" file="/home/vitex/Projects/VitexSoftware/php-ease-twbootstrap5/vendor/vitexsoftware/ease-html/tests/src/Ease/ContainerTest.php" line="210" class="Test\Ease\TWB5\AlertTest" classname="Test.Ease.TWB5.AlertTest" assertions="1" time="0.000917"/>
      <testcase name="testGetRendered" file="/home/vitex/Projects/VitexSoftware/php-ease-twbootstrap5/vendor/vitexsoftware/ease-html/tests/src/Ease/ContainerTest.php" line="239" class="Test\Ease\TWB5\AlertTest" classname="Test.Ease.TWB5.AlertTest" assertions="1" time="0.000859"/>
      <testcase name="testDrawIfNotDrawn" file="/home/vitex/Projects/VitexSoftware/php-ease-twbootstrap5/vendor/vitexsoftware/ease-html/tests/src/Ease/ContainerTest.php" line="261" class="Test\Ease\TWB5\AlertTest" classname="Test.Ease.TWB5.AlertTest" assertions="2" time="0.000838"/>
      <testcase name="testIsFinalized" file="/home/vitex/Projects/VitexSoftware/php-ease-twbootstrap5/vendor/vitexsoftware/ease-html/tests/src/Ease/ContainerTest.php" line="277" class="Test\Ease\TWB5\AlertTest" classname="Test.Ease.TWB5.AlertTest" assertions="2" time="0.000884"/>
      <testcase name="testSetFinalized" file="/home/vitex/Projects/VitexSoftware/php-ease-twbootstrap5/vendor/vitexsoftware/ease-html/tests/src/Ease/ContainerTest.php" line="287" class="Test\Ease\TWB5\AlertTest" classname="Test.Ease.TWB5.AlertTest" assertions="1" time="0.000812"/>
      <testcase name="testIsEmpty" file="/home/vitex/Projects/VitexSoftware/php-ease-twbootstrap5/vendor/vitexsoftware/ease-html/tests/src/Ease/ContainerTest.php" line="296" class="Test\Ease\TWB5\AlertTest" classname="Test.Ease.TWB5.AlertTest" assertions="2" time="0.000895"/>
      <testcase name="testToString" file="/home/vitex/Projects/VitexSoftware/php-ease-twbootstrap5/vendor/vitexsoftware/ease-html/tests/src/Ease/ContainerTest.php" line="341" class="Test\Ease\TWB5\AlertTest" classname="Test.Ease.TWB5.AlertTest" assertions="1" time="0.001079"/>
      <testcase name="testSingleton" file="/home/vitex/Projects/VitexSoftware/php-ease-twbootstrap5/vendor/vitexsoftware/ease-html/tests/src/Ease/DocumentTest.php" line="52" class="Test\Ease\TWB5\AlertTest" classname="Test.Ease.TWB5.AlertTest" assertions="1" time="0.000792"/>
      <testcase name="testAddJavaScript" file="/home/vitex/Projects/VitexSoftware/php-ease-twbootstrap5/vendor/vitexsoftware/ease-html/tests/src/Ease/DocumentTest.php" line="67" class="Test\Ease\TWB5\AlertTest" classname="Test.Ease.TWB5.AlertTest" assertions="2" time="0.004071"/>
      <testcase name="testIncludeJavaScript" file="/home/vitex/Projects/VitexSoftware/php-ease-twbootstrap5/vendor/vitexsoftware/ease-html/tests/src/Ease/DocumentTest.php" line="81" class="Test\Ease\TWB5\AlertTest" classname="Test.Ease.TWB5.AlertTest" assertions="2" time="0.000773"/>
      <testcase name="testAddCSS" file="/home/vitex/Projects/VitexSoftware/php-ease-twbootstrap5/vendor/vitexsoftware/ease-html/tests/src/Ease/DocumentTest.php" line="91" class="Test\Ease\TWB5\AlertTest" classname="Test.Ease.TWB5.AlertTest" assertions="1" time="0.000855"/>
      <testcase name="testIncludeCss" file="/home/vitex/Projects/VitexSoftware/php-ease-twbootstrap5/vendor/vitexsoftware/ease-html/tests/src/Ease/DocumentTest.php" line="100" class="Test\Ease\TWB5\AlertTest" classname="Test.Ease.TWB5.AlertTest" assertions="1" time="0.000819"/>
      <testcase name="testRedirect" file="/home/vitex/Projects/VitexSoftware/php-ease-twbootstrap5/vendor/vitexsoftware/ease-html/tests/src/Ease/DocumentTest.php" line="109" class="Test\Ease\TWB5\AlertTest" classname="Test.Ease.TWB5.AlertTest" assertions="2" time="0.001662"/>
      <testcase name="testGetUri" file="/home/vitex/Projects/VitexSoftware/php-ease-twbootstrap5/vendor/vitexsoftware/ease-html/tests/src/Ease/DocumentTest.php" line="120" class="Test\Ease\TWB5\AlertTest" classname="Test.Ease.TWB5.AlertTest" assertions="1" time="0.000999"/>
      <testcase name="testPhpSelf" file="/home/vitex/Projects/VitexSoftware/php-ease-twbootstrap5/vendor/vitexsoftware/ease-html/tests/src/Ease/DocumentTest.php" line="129" class="Test\Ease\TWB5\AlertTest" classname="Test.Ease.TWB5.AlertTest" assertions="1" time="0.000932"/>
      <testcase name="testOnlyForLogged" file="/home/vitex/Projects/VitexSoftware/php-ease-twbootstrap5/vendor/vitexsoftware/ease-html/tests/src/Ease/DocumentTest.php" line="138" class="Test\Ease\TWB5\AlertTest" classname="Test.Ease.TWB5.AlertTest" assertions="0" time="0.006518">
        <error type="Error">Test\Ease\TWB5\AlertTest::testOnlyForLogged
Error: Class "User" not found

/home/vitex/Projects/VitexSoftware/php-ease-twbootstrap5/vendor/vitexsoftware/ease-core/src/Ease/Shared.php:318
/home/vitex/Projects/VitexSoftware/php-ease-twbootstrap5/vendor/vitexsoftware/ease-html/src/Ease/Document.php:222
/home/vitex/Projects/VitexSoftware/php-ease-twbootstrap5/vendor/vitexsoftware/ease-html/tests/src/Ease/DocumentTest.php:141</error>
      </testcase>
      <testcase name="testGetRequestValues" file="/home/vitex/Projects/VitexSoftware/php-ease-twbootstrap5/vendor/vitexsoftware/ease-html/tests/src/Ease/DocumentTest.php" line="151" class="Test\Ease\TWB5\AlertTest" classname="Test.Ease.TWB5.AlertTest" assertions="1" time="0.000863"/>
      <testcase name="testIsPosted" file="/home/vitex/Projects/VitexSoftware/php-ease-twbootstrap5/vendor/vitexsoftware/ease-html/tests/src/Ease/DocumentTest.php" line="163" class="Test\Ease\TWB5\AlertTest" classname="Test.Ease.TWB5.AlertTest" assertions="2" time="0.000730"/>
      <testcase name="testSanitizeAsType" file="/home/vitex/Projects/VitexSoftware/php-ease-twbootstrap5/vendor/vitexsoftware/ease-html/tests/src/Ease/DocumentTest.php" line="174" class="Test\Ease\TWB5\AlertTest" classname="Test.Ease.TWB5.AlertTest" assertions="8" time="0.000959"/>
      <testcase name="testGetRequestValue" file="/home/vitex/Projects/VitexSoftware/php-ease-twbootstrap5/vendor/vitexsoftware/ease-html/tests/src/Ease/DocumentTest.php" line="192" class="Test\Ease\TWB5\AlertTest" classname="Test.Ease.TWB5.AlertTest" assertions="1" time="0.000866"/>
      <testcase name="testGetGetValue" file="/home/vitex/Projects/VitexSoftware/php-ease-twbootstrap5/vendor/vitexsoftware/ease-html/tests/src/Ease/DocumentTest.php" line="201" class="Test\Ease\TWB5\AlertTest" classname="Test.Ease.TWB5.AlertTest" assertions="1" time="0.000885"/>
      <testcase name="testGetPostValue" file="/home/vitex/Projects/VitexSoftware/php-ease-twbootstrap5/vendor/vitexsoftware/ease-html/tests/src/Ease/DocumentTest.php" line="210" class="Test\Ease\TWB5\AlertTest" classname="Test.Ease.TWB5.AlertTest" assertions="1" time="0.000869"/>
      <testcase name="testIsFormPosted" file="/home/vitex/Projects/VitexSoftware/php-ease-twbootstrap5/vendor/vitexsoftware/ease-html/tests/src/Ease/DocumentTest.php" line="219" class="Test\Ease\TWB5\AlertTest" classname="Test.Ease.TWB5.AlertTest" assertions="2" time="0.000876"/>
      <testcase name="testArrayToUrlParams" file="/home/vitex/Projects/VitexSoftware/php-ease-twbootstrap5/vendor/vitexsoftware/ease-html/tests/src/Ease/DocumentTest.php" line="230" class="Test\Ease\TWB5\AlertTest" classname="Test.Ease.TWB5.AlertTest" assertions="2" time="0.000909"/>
      <testcase name="testAddItem" file="/home/vitex/Projects/VitexSoftware/php-ease-twbootstrap5/vendor/vitexsoftware/ease-html/tests/src/Ease/DocumentTest.php" line="251" class="Test\Ease\TWB5\AlertTest" classname="Test.Ease.TWB5.AlertTest" assertions="3" time="0.001062"/>
      <testcase name="testRegisterItem" file="/home/vitex/Projects/VitexSoftware/php-ease-twbootstrap5/vendor/vitexsoftware/ease-html/tests/src/Ease/DocumentTest.php" line="263" class="Test\Ease\TWB5\AlertTest" classname="Test.Ease.TWB5.AlertTest" assertions="1" time="0.000850"/>
      <testcase name="testSetObjectName" file="/home/vitex/Projects/VitexSoftware/php-ease-twbootstrap5/vendor/vitexsoftware/ease-html/tests/src/Ease/Html/TagTest.php" line="72" class="Test\Ease\TWB5\AlertTest" classname="Test.Ease.TWB5.AlertTest" assertions="2" time="0.000836"/>
      <testcase name="testSetTagName" file="/home/vitex/Projects/VitexSoftware/php-ease-twbootstrap5/vendor/vitexsoftware/ease-html/tests/src/Ease/Html/TagTest.php" line="101" class="Test\Ease\TWB5\AlertTest" classname="Test.Ease.TWB5.AlertTest" assertions="1" time="0.000859"/>
      <testcase name="testGetTagName" file="/home/vitex/Projects/VitexSoftware/php-ease-twbootstrap5/vendor/vitexsoftware/ease-html/tests/src/Ease/Html/TagTest.php" line="111" class="Test\Ease\TWB5\AlertTest" classname="Test.Ease.TWB5.AlertTest" assertions="2" time="0.000816"/>
      <testcase name="testSetTagType" file="/home/vitex/Projects/VitexSoftware/php-ease-twbootstrap5/vendor/vitexsoftware/ease-html/tests/src/Ease/Html/TagTest.php" line="122" class="Test\Ease\TWB5\AlertTest" classname="Test.Ease.TWB5.AlertTest" assertions="1" time="0.000883"/>
      <testcase name="testGetTagType" file="/home/vitex/Projects/VitexSoftware/php-ease-twbootstrap5/vendor/vitexsoftware/ease-html/tests/src/Ease/Html/TagTest.php" line="131" class="Test\Ease\TWB5\AlertTest" classname="Test.Ease.TWB5.AlertTest" assertions="1" time="0.000800"/>
      <testcase name="testSetTagClass" file="/home/vitex/Projects/VitexSoftware/php-ease-twbootstrap5/vendor/vitexsoftware/ease-html/tests/src/Ease/Html/TagTest.php" line="140" class="Test\Ease\TWB5\AlertTest" classname="Test.Ease.TWB5.AlertTest" assertions="1" time="0.000807"/>
      <testcase name="testAddTagClass" file="/home/vitex/Projects/VitexSoftware/php-ease-twbootstrap5/vendor/vitexsoftware/ease-html/tests/src/Ease/Html/TagTest.php" line="149" class="Test\Ease\TWB5\AlertTest" classname="Test.Ease.TWB5.AlertTest" assertions="1" time="0.000810"/>
      <testcase name="testGetTagClass" file="/home/vitex/Projects/VitexSoftware/php-ease-twbootstrap5/vendor/vitexsoftware/ease-html/tests/src/Ease/Html/TagTest.php" line="159" class="Test\Ease\TWB5\AlertTest" classname="Test.Ease.TWB5.AlertTest" assertions="1" time="0.000809"/>
      <testcase name="testSetTagID" file="/home/vitex/Projects/VitexSoftware/php-ease-twbootstrap5/vendor/vitexsoftware/ease-html/tests/src/Ease/Html/TagTest.php" line="168" class="Test\Ease\TWB5\AlertTest" classname="Test.Ease.TWB5.AlertTest" assertions="2" time="0.001599"/>
      <testcase name="testGetTagID" file="/home/vitex/Projects/VitexSoftware/php-ease-twbootstrap5/vendor/vitexsoftware/ease-html/tests/src/Ease/Html/TagTest.php" line="179" class="Test\Ease\TWB5\AlertTest" classname="Test.Ease.TWB5.AlertTest" assertions="1" time="0.000817"/>
      <testcase name="testGetTagProperty" file="/home/vitex/Projects/VitexSoftware/php-ease-twbootstrap5/vendor/vitexsoftware/ease-html/tests/src/Ease/Html/TagTest.php" line="188" class="Test\Ease\TWB5\AlertTest" classname="Test.Ease.TWB5.AlertTest" assertions="1" time="0.000785"/>
      <testcase name="testSetTagProperties" file="/home/vitex/Projects/VitexSoftware/php-ease-twbootstrap5/vendor/vitexsoftware/ease-html/tests/src/Ease/Html/TagTest.php" line="197" class="Test\Ease\TWB5\AlertTest" classname="Test.Ease.TWB5.AlertTest" assertions="2" time="0.000843"/>
      <testcase name="testTagPropertiesToString" file="/home/vitex/Projects/VitexSoftware/php-ease-twbootstrap5/vendor/vitexsoftware/ease-html/tests/src/Ease/Html/TagTest.php" line="208" class="Test\Ease\TWB5\AlertTest" classname="Test.Ease.TWB5.AlertTest" assertions="1" time="0.000853"/>
      <testcase name="testSetTagCss" file="/home/vitex/Projects/VitexSoftware/php-ease-twbootstrap5/vendor/vitexsoftware/ease-html/tests/src/Ease/Html/TagTest.php" line="218" class="Test\Ease\TWB5\AlertTest" classname="Test.Ease.TWB5.AlertTest" assertions="1" time="0.000900"/>
      <testcase name="testCssPropertiesToString" file="/home/vitex/Projects/VitexSoftware/php-ease-twbootstrap5/vendor/vitexsoftware/ease-html/tests/src/Ease/Html/TagTest.php" line="230" class="Test\Ease\TWB5\AlertTest" classname="Test.Ease.TWB5.AlertTest" assertions="1" time="0.000858"/>
      <testcase name="testFinalize" file="/home/vitex/Projects/VitexSoftware/php-ease-twbootstrap5/vendor/vitexsoftware/ease-html/tests/src/Ease/Html/TagTest.php" line="268" class="Test\Ease\TWB5\AlertTest" classname="Test.Ease.TWB5.AlertTest" assertions="1" time="0.000840"/>
      <testcase name="testDraw" file="/home/vitex/Projects/VitexSoftware/php-ease-twbootstrap5/vendor/vitexsoftware/ease-html/tests/src/Ease/Html/PairTagTest.php" line="77" class="Test\Ease\TWB5\AlertTest" classname="Test.Ease.TWB5.AlertTest" assertions="1" time="0.000803"/>
      <testcase name="testTagBegin" file="/home/vitex/Projects/VitexSoftware/php-ease-twbootstrap5/vendor/vitexsoftware/ease-html/tests/src/Ease/Html/PairTagTest.php" line="105" class="Test\Ease\TWB5\AlertTest" classname="Test.Ease.TWB5.AlertTest" assertions="1" time="0.000818"/>
      <testcase name="testTagEnclousure" file="/home/vitex/Projects/VitexSoftware/php-ease-twbootstrap5/vendor/vitexsoftware/ease-html/tests/src/Ease/Html/PairTagTest.php" line="125" class="Test\Ease\TWB5\AlertTest" classname="Test.Ease.TWB5.AlertTest" assertions="1" time="0.001012"/>
      <testcase name="testConstructor" file="/home/vitex/Projects/VitexSoftware/php-ease-twbootstrap5/tests/src/Ease/TWB5/AlertTest.php" line="50" class="Test\Ease\TWB5\AlertTest" classname="Test.Ease.TWB5.AlertTest" assertions="1" time="0.004746"/>
    </testsuite>
    <testsuite name="Test\Ease\TWB5\BadgeTest" file="/home/vitex/Projects/VitexSoftware/php-ease-twbootstrap5/tests/src/Ease/TWB5/BadgeTest.php" tests="66" assertions="94" errors="2" failures="2" skipped="0" time="0.065945">
      <testcase name="testgetObjectName" file="/home/vitex/Projects/VitexSoftware/php-ease-twbootstrap5/vendor/vitexsoftware/ease-core/tests/src/Ease/AtomTest.php" line="61" class="Test\Ease\TWB5\BadgeTest" classname="Test.Ease.TWB5.BadgeTest" assertions="1" time="0.001464"/>
      <testcase name="testDataReset" file="/home/vitex/Projects/VitexSoftware/php-ease-twbootstrap5/vendor/vitexsoftware/ease-core/tests/src/Ease/SandTest.php" line="53" class="Test\Ease\TWB5\BadgeTest" classname="Test.Ease.TWB5.BadgeTest" assertions="1" time="0.000996"/>
      <testcase name="testSetData" file="/home/vitex/Projects/VitexSoftware/php-ease-twbootstrap5/vendor/vitexsoftware/ease-core/tests/src/Ease/SandTest.php" line="62" class="Test\Ease\TWB5\BadgeTest" classname="Test.Ease.TWB5.BadgeTest" assertions="1" time="0.000822"/>
      <testcase name="testGetData" file="/home/vitex/Projects/VitexSoftware/php-ease-twbootstrap5/vendor/vitexsoftware/ease-core/tests/src/Ease/SandTest.php" line="74" class="Test\Ease\TWB5\BadgeTest" classname="Test.Ease.TWB5.BadgeTest" assertions="1" time="0.000894"/>
      <testcase name="testGetDataCount" file="/home/vitex/Projects/VitexSoftware/php-ease-twbootstrap5/vendor/vitexsoftware/ease-core/tests/src/Ease/SandTest.php" line="84" class="Test\Ease\TWB5\BadgeTest" classname="Test.Ease.TWB5.BadgeTest" assertions="1" time="0.000824"/>
      <testcase name="testGetDataValue" file="/home/vitex/Projects/VitexSoftware/php-ease-twbootstrap5/vendor/vitexsoftware/ease-core/tests/src/Ease/SandTest.php" line="95" class="Test\Ease\TWB5\BadgeTest" classname="Test.Ease.TWB5.BadgeTest" assertions="2" time="0.000859"/>
      <testcase name="testSetDataValue" file="/home/vitex/Projects/VitexSoftware/php-ease-twbootstrap5/vendor/vitexsoftware/ease-core/tests/src/Ease/SandTest.php" line="106" class="Test\Ease\TWB5\BadgeTest" classname="Test.Ease.TWB5.BadgeTest" assertions="1" time="0.000812"/>
      <testcase name="testUnsetDataValue" file="/home/vitex/Projects/VitexSoftware/php-ease-twbootstrap5/vendor/vitexsoftware/ease-core/tests/src/Ease/SandTest.php" line="115" class="Test\Ease\TWB5\BadgeTest" classname="Test.Ease.TWB5.BadgeTest" assertions="3" time="0.000955"/>
      <testcase name="testTakeData" file="/home/vitex/Projects/VitexSoftware/php-ease-twbootstrap5/vendor/vitexsoftware/ease-core/tests/src/Ease/SandTest.php" line="127" class="Test\Ease\TWB5\BadgeTest" classname="Test.Ease.TWB5.BadgeTest" assertions="2" time="0.000816"/>
      <testcase name="testAddItemCustom" file="/home/vitex/Projects/VitexSoftware/php-ease-twbootstrap5/vendor/vitexsoftware/ease-html/tests/src/Ease/ContainerTest.php" line="60" class="Test\Ease\TWB5\BadgeTest" classname="Test.Ease.TWB5.BadgeTest" assertions="2" time="0.001028"/>
      <testcase name="testAddAsFirst" file="/home/vitex/Projects/VitexSoftware/php-ease-twbootstrap5/vendor/vitexsoftware/ease-html/tests/src/Ease/ContainerTest.php" line="92" class="Test\Ease\TWB5\BadgeTest" classname="Test.Ease.TWB5.BadgeTest" assertions="1" time="0.000931"/>
      <testcase name="testSuicide" file="/home/vitex/Projects/VitexSoftware/php-ease-twbootstrap5/vendor/vitexsoftware/ease-html/tests/src/Ease/ContainerTest.php" line="108" class="Test\Ease\TWB5\BadgeTest" classname="Test.Ease.TWB5.BadgeTest" assertions="3" time="0.000863"/>
      <testcase name="testGetItemsCount" file="/home/vitex/Projects/VitexSoftware/php-ease-twbootstrap5/vendor/vitexsoftware/ease-html/tests/src/Ease/ContainerTest.php" line="120" class="Test\Ease\TWB5\BadgeTest" classname="Test.Ease.TWB5.BadgeTest" assertions="2" time="0.000882"/>
      <testcase name="testAddNextTo" file="/home/vitex/Projects/VitexSoftware/php-ease-twbootstrap5/vendor/vitexsoftware/ease-html/tests/src/Ease/ContainerTest.php" line="131" class="Test\Ease\TWB5\BadgeTest" classname="Test.Ease.TWB5.BadgeTest" assertions="1" time="0.000836"/>
      <testcase name="testLastItem" file="/home/vitex/Projects/VitexSoftware/php-ease-twbootstrap5/vendor/vitexsoftware/ease-html/tests/src/Ease/ContainerTest.php" line="141" class="Test\Ease\TWB5\BadgeTest" classname="Test.Ease.TWB5.BadgeTest" assertions="1" time="0.000906"/>
      <testcase name="testAddToLastItem" file="/home/vitex/Projects/VitexSoftware/php-ease-twbootstrap5/vendor/vitexsoftware/ease-html/tests/src/Ease/ContainerTest.php" line="152" class="Test\Ease\TWB5\BadgeTest" classname="Test.Ease.TWB5.BadgeTest" assertions="1" time="0.001025"/>
      <testcase name="testGetFirstPart" file="/home/vitex/Projects/VitexSoftware/php-ease-twbootstrap5/vendor/vitexsoftware/ease-html/tests/src/Ease/ContainerTest.php" line="166" class="Test\Ease\TWB5\BadgeTest" classname="Test.Ease.TWB5.BadgeTest" assertions="2" time="0.000899"/>
      <testcase name="testGetContents" file="/home/vitex/Projects/VitexSoftware/php-ease-twbootstrap5/vendor/vitexsoftware/ease-html/tests/src/Ease/ContainerTest.php" line="181" class="Test\Ease\TWB5\BadgeTest" classname="Test.Ease.TWB5.BadgeTest" assertions="1" time="0.000875"/>
      <testcase name="testAddItems" file="/home/vitex/Projects/VitexSoftware/php-ease-twbootstrap5/vendor/vitexsoftware/ease-html/tests/src/Ease/ContainerTest.php" line="190" class="Test\Ease\TWB5\BadgeTest" classname="Test.Ease.TWB5.BadgeTest" assertions="1" time="0.000913"/>
      <testcase name="testEmptyContents" file="/home/vitex/Projects/VitexSoftware/php-ease-twbootstrap5/vendor/vitexsoftware/ease-html/tests/src/Ease/ContainerTest.php" line="200" class="Test\Ease\TWB5\BadgeTest" classname="Test.Ease.TWB5.BadgeTest" assertions="1" time="0.000878"/>
      <testcase name="testDrawAllContents" file="/home/vitex/Projects/VitexSoftware/php-ease-twbootstrap5/vendor/vitexsoftware/ease-html/tests/src/Ease/ContainerTest.php" line="210" class="Test\Ease\TWB5\BadgeTest" classname="Test.Ease.TWB5.BadgeTest" assertions="1" time="0.000885"/>
      <testcase name="testGetRendered" file="/home/vitex/Projects/VitexSoftware/php-ease-twbootstrap5/vendor/vitexsoftware/ease-html/tests/src/Ease/ContainerTest.php" line="239" class="Test\Ease\TWB5\BadgeTest" classname="Test.Ease.TWB5.BadgeTest" assertions="1" time="0.000796"/>
      <testcase name="testDrawIfNotDrawn" file="/home/vitex/Projects/VitexSoftware/php-ease-twbootstrap5/vendor/vitexsoftware/ease-html/tests/src/Ease/ContainerTest.php" line="261" class="Test\Ease\TWB5\BadgeTest" classname="Test.Ease.TWB5.BadgeTest" assertions="1" time="0.004570">
        <failure type="PHPUnit\Framework\ExpectationFailedException">Test\Ease\TWB5\BadgeTest::testDrawIfNotDrawn
Failed asserting that two strings are equal.
--- Expected
+++ Actual
@@ @@
-'&lt;span&gt;&lt;/span&gt;'
+'&lt;span class="badge bg-default"&gt;&lt;/span&gt;'

/home/vitex/Projects/VitexSoftware/php-ease-twbootstrap5/vendor/vitexsoftware/ease-html/tests/src/Ease/ContainerTest.php:266</failure>
      </testcase>
      <testcase name="testIsFinalized" file="/home/vitex/Projects/VitexSoftware/php-ease-twbootstrap5/vendor/vitexsoftware/ease-html/tests/src/Ease/ContainerTest.php" line="277" class="Test\Ease\TWB5\BadgeTest" classname="Test.Ease.TWB5.BadgeTest" assertions="2" time="0.000806"/>
      <testcase name="testSetFinalized" file="/home/vitex/Projects/VitexSoftware/php-ease-twbootstrap5/vendor/vitexsoftware/ease-html/tests/src/Ease/ContainerTest.php" line="287" class="Test\Ease\TWB5\BadgeTest" classname="Test.Ease.TWB5.BadgeTest" assertions="1" time="0.000807"/>
      <testcase name="testIsEmpty" file="/home/vitex/Projects/VitexSoftware/php-ease-twbootstrap5/vendor/vitexsoftware/ease-html/tests/src/Ease/ContainerTest.php" line="296" class="Test\Ease\TWB5\BadgeTest" classname="Test.Ease.TWB5.BadgeTest" assertions="2" time="0.000879"/>
      <testcase name="testToString" file="/home/vitex/Projects/VitexSoftware/php-ease-twbootstrap5/vendor/vitexsoftware/ease-html/tests/src/Ease/ContainerTest.php" line="341" class="Test\Ease\TWB5\BadgeTest" classname="Test.Ease.TWB5.BadgeTest" assertions="1" time="0.000863"/>
      <testcase name="testSingleton" file="/home/vitex/Projects/VitexSoftware/php-ease-twbootstrap5/vendor/vitexsoftware/ease-html/tests/src/Ease/DocumentTest.php" line="52" class="Test\Ease\TWB5\BadgeTest" classname="Test.Ease.TWB5.BadgeTest" assertions="1" time="0.000818"/>
      <testcase name="testAddJavaScript" file="/home/vitex/Projects/VitexSoftware/php-ease-twbootstrap5/vendor/vitexsoftware/ease-html/tests/src/Ease/DocumentTest.php" line="67" class="Test\Ease\TWB5\BadgeTest" classname="Test.Ease.TWB5.BadgeTest" assertions="2" time="0.000833"/>
      <testcase name="testIncludeJavaScript" file="/home/vitex/Projects/VitexSoftware/php-ease-twbootstrap5/vendor/vitexsoftware/ease-html/tests/src/Ease/DocumentTest.php" line="81" class="Test\Ease\TWB5\BadgeTest" classname="Test.Ease.TWB5.BadgeTest" assertions="2" time="0.000850"/>
      <testcase name="testAddCSS" file="/home/vitex/Projects/VitexSoftware/php-ease-twbootstrap5/vendor/vitexsoftware/ease-html/tests/src/Ease/DocumentTest.php" line="91" class="Test\Ease\TWB5\BadgeTest" classname="Test.Ease.TWB5.BadgeTest" assertions="1" time="0.000790"/>
      <testcase name="testIncludeCss" file="/home/vitex/Projects/VitexSoftware/php-ease-twbootstrap5/vendor/vitexsoftware/ease-html/tests/src/Ease/DocumentTest.php" line="100" class="Test\Ease\TWB5\BadgeTest" classname="Test.Ease.TWB5.BadgeTest" assertions="1" time="0.000801"/>
      <testcase name="testRedirect" file="/home/vitex/Projects/VitexSoftware/php-ease-twbootstrap5/vendor/vitexsoftware/ease-html/tests/src/Ease/DocumentTest.php" line="109" class="Test\Ease\TWB5\BadgeTest" classname="Test.Ease.TWB5.BadgeTest" assertions="2" time="0.000841"/>
      <testcase name="testGetUri" file="/home/vitex/Projects/VitexSoftware/php-ease-twbootstrap5/vendor/vitexsoftware/ease-html/tests/src/Ease/DocumentTest.php" line="120" class="Test\Ease\TWB5\BadgeTest" classname="Test.Ease.TWB5.BadgeTest" assertions="1" time="0.000958"/>
      <testcase name="testPhpSelf" file="/home/vitex/Projects/VitexSoftware/php-ease-twbootstrap5/vendor/vitexsoftware/ease-html/tests/src/Ease/DocumentTest.php" line="129" class="Test\Ease\TWB5\BadgeTest" classname="Test.Ease.TWB5.BadgeTest" assertions="1" time="0.000883"/>
      <testcase name="testOnlyForLogged" file="/home/vitex/Projects/VitexSoftware/php-ease-twbootstrap5/vendor/vitexsoftware/ease-html/tests/src/Ease/DocumentTest.php" line="138" class="Test\Ease\TWB5\BadgeTest" classname="Test.Ease.TWB5.BadgeTest" assertions="0" time="0.002318">
        <error type="Error">Test\Ease\TWB5\BadgeTest::testOnlyForLogged
Error: Class "User" not found

/home/vitex/Projects/VitexSoftware/php-ease-twbootstrap5/vendor/vitexsoftware/ease-core/src/Ease/Shared.php:318
/home/vitex/Projects/VitexSoftware/php-ease-twbootstrap5/vendor/vitexsoftware/ease-html/src/Ease/Document.php:222
/home/vitex/Projects/VitexSoftware/php-ease-twbootstrap5/vendor/vitexsoftware/ease-html/tests/src/Ease/DocumentTest.php:141</error>
      </testcase>
      <testcase name="testGetRequestValues" file="/home/vitex/Projects/VitexSoftware/php-ease-twbootstrap5/vendor/vitexsoftware/ease-html/tests/src/Ease/DocumentTest.php" line="151" class="Test\Ease\TWB5\BadgeTest" classname="Test.Ease.TWB5.BadgeTest" assertions="1" time="0.000910"/>
      <testcase name="testIsPosted" file="/home/vitex/Projects/VitexSoftware/php-ease-twbootstrap5/vendor/vitexsoftware/ease-html/tests/src/Ease/DocumentTest.php" line="163" class="Test\Ease\TWB5\BadgeTest" classname="Test.Ease.TWB5.BadgeTest" assertions="2" time="0.000821"/>
      <testcase name="testSanitizeAsType" file="/home/vitex/Projects/VitexSoftware/php-ease-twbootstrap5/vendor/vitexsoftware/ease-html/tests/src/Ease/DocumentTest.php" line="174" class="Test\Ease\TWB5\BadgeTest" classname="Test.Ease.TWB5.BadgeTest" assertions="8" time="0.000882"/>
      <testcase name="testGetRequestValue" file="/home/vitex/Projects/VitexSoftware/php-ease-twbootstrap5/vendor/vitexsoftware/ease-html/tests/src/Ease/DocumentTest.php" line="192" class="Test\Ease\TWB5\BadgeTest" classname="Test.Ease.TWB5.BadgeTest" assertions="1" time="0.000823"/>
      <testcase name="testGetGetValue" file="/home/vitex/Projects/VitexSoftware/php-ease-twbootstrap5/vendor/vitexsoftware/ease-html/tests/src/Ease/DocumentTest.php" line="201" class="Test\Ease\TWB5\BadgeTest" classname="Test.Ease.TWB5.BadgeTest" assertions="1" time="0.000874"/>
      <testcase name="testGetPostValue" file="/home/vitex/Projects/VitexSoftware/php-ease-twbootstrap5/vendor/vitexsoftware/ease-html/tests/src/Ease/DocumentTest.php" line="210" class="Test\Ease\TWB5\BadgeTest" classname="Test.Ease.TWB5.BadgeTest" assertions="1" time="0.000845"/>
      <testcase name="testIsFormPosted" file="/home/vitex/Projects/VitexSoftware/php-ease-twbootstrap5/vendor/vitexsoftware/ease-html/tests/src/Ease/DocumentTest.php" line="219" class="Test\Ease\TWB5\BadgeTest" classname="Test.Ease.TWB5.BadgeTest" assertions="2" time="0.000829"/>
      <testcase name="testArrayToUrlParams" file="/home/vitex/Projects/VitexSoftware/php-ease-twbootstrap5/vendor/vitexsoftware/ease-html/tests/src/Ease/DocumentTest.php" line="230" class="Test\Ease\TWB5\BadgeTest" classname="Test.Ease.TWB5.BadgeTest" assertions="2" time="0.000843"/>
      <testcase name="testAddItem" file="/home/vitex/Projects/VitexSoftware/php-ease-twbootstrap5/vendor/vitexsoftware/ease-html/tests/src/Ease/DocumentTest.php" line="251" class="Test\Ease\TWB5\BadgeTest" classname="Test.Ease.TWB5.BadgeTest" assertions="3" time="0.000854"/>
      <testcase name="testRegisterItem" file="/home/vitex/Projects/VitexSoftware/php-ease-twbootstrap5/vendor/vitexsoftware/ease-html/tests/src/Ease/DocumentTest.php" line="263" class="Test\Ease\TWB5\BadgeTest" classname="Test.Ease.TWB5.BadgeTest" assertions="1" time="0.000832"/>
      <testcase name="testSetObjectName" file="/home/vitex/Projects/VitexSoftware/php-ease-twbootstrap5/vendor/vitexsoftware/ease-html/tests/src/Ease/Html/TagTest.php" line="72" class="Test\Ease\TWB5\BadgeTest" classname="Test.Ease.TWB5.BadgeTest" assertions="2" time="0.000913"/>
      <testcase name="testSetTagName" file="/home/vitex/Projects/VitexSoftware/php-ease-twbootstrap5/vendor/vitexsoftware/ease-html/tests/src/Ease/Html/TagTest.php" line="101" class="Test\Ease\TWB5\BadgeTest" classname="Test.Ease.TWB5.BadgeTest" assertions="1" time="0.000802"/>
      <testcase name="testGetTagName" file="/home/vitex/Projects/VitexSoftware/php-ease-twbootstrap5/vendor/vitexsoftware/ease-html/tests/src/Ease/Html/TagTest.php" line="111" class="Test\Ease\TWB5\BadgeTest" classname="Test.Ease.TWB5.BadgeTest" assertions="2" time="0.000816"/>
      <testcase name="testSetTagType" file="/home/vitex/Projects/VitexSoftware/php-ease-twbootstrap5/vendor/vitexsoftware/ease-html/tests/src/Ease/Html/TagTest.php" line="122" class="Test\Ease\TWB5\BadgeTest" classname="Test.Ease.TWB5.BadgeTest" assertions="1" time="0.000794"/>
      <testcase name="testGetTagType" file="/home/vitex/Projects/VitexSoftware/php-ease-twbootstrap5/vendor/vitexsoftware/ease-html/tests/src/Ease/Html/TagTest.php" line="131" class="Test\Ease\TWB5\BadgeTest" classname="Test.Ease.TWB5.BadgeTest" assertions="1" time="0.000791"/>
      <testcase name="testSetTagClass" file="/home/vitex/Projects/VitexSoftware/php-ease-twbootstrap5/vendor/vitexsoftware/ease-html/tests/src/Ease/Html/TagTest.php" line="140" class="Test\Ease\TWB5\BadgeTest" classname="Test.Ease.TWB5.BadgeTest" assertions="1" time="0.000832"/>
      <testcase name="testAddTagClass" file="/home/vitex/Projects/VitexSoftware/php-ease-twbootstrap5/vendor/vitexsoftware/ease-html/tests/src/Ease/Html/TagTest.php" line="149" class="Test\Ease\TWB5\BadgeTest" classname="Test.Ease.TWB5.BadgeTest" assertions="1" time="0.000806"/>
      <testcase name="testGetTagClass" file="/home/vitex/Projects/VitexSoftware/php-ease-twbootstrap5/vendor/vitexsoftware/ease-html/tests/src/Ease/Html/TagTest.php" line="159" class="Test\Ease\TWB5\BadgeTest" classname="Test.Ease.TWB5.BadgeTest" assertions="1" time="0.000800"/>
      <testcase name="testSetTagID" file="/home/vitex/Projects/VitexSoftware/php-ease-twbootstrap5/vendor/vitexsoftware/ease-html/tests/src/Ease/Html/TagTest.php" line="168" class="Test\Ease\TWB5\BadgeTest" classname="Test.Ease.TWB5.BadgeTest" assertions="2" time="0.000832"/>
      <testcase name="testGetTagID" file="/home/vitex/Projects/VitexSoftware/php-ease-twbootstrap5/vendor/vitexsoftware/ease-html/tests/src/Ease/Html/TagTest.php" line="179" class="Test\Ease\TWB5\BadgeTest" classname="Test.Ease.TWB5.BadgeTest" assertions="1" time="0.000826"/>
      <testcase name="testGetTagProperty" file="/home/vitex/Projects/VitexSoftware/php-ease-twbootstrap5/vendor/vitexsoftware/ease-html/tests/src/Ease/Html/TagTest.php" line="188" class="Test\Ease\TWB5\BadgeTest" classname="Test.Ease.TWB5.BadgeTest" assertions="1" time="0.000872"/>
      <testcase name="testSetTagProperties" file="/home/vitex/Projects/VitexSoftware/php-ease-twbootstrap5/vendor/vitexsoftware/ease-html/tests/src/Ease/Html/TagTest.php" line="197" class="Test\Ease\TWB5\BadgeTest" classname="Test.Ease.TWB5.BadgeTest" assertions="2" time="0.000839"/>
      <testcase name="testTagPropertiesToString" file="/home/vitex/Projects/VitexSoftware/php-ease-twbootstrap5/vendor/vitexsoftware/ease-html/tests/src/Ease/Html/TagTest.php" line="208" class="Test\Ease\TWB5\BadgeTest" classname="Test.Ease.TWB5.BadgeTest" assertions="1" time="0.001013"/>
      <testcase name="testSetTagCss" file="/home/vitex/Projects/VitexSoftware/php-ease-twbootstrap5/vendor/vitexsoftware/ease-html/tests/src/Ease/Html/TagTest.php" line="218" class="Test\Ease\TWB5\BadgeTest" classname="Test.Ease.TWB5.BadgeTest" assertions="1" time="0.000879"/>
      <testcase name="testCssPropertiesToString" file="/home/vitex/Projects/VitexSoftware/php-ease-twbootstrap5/vendor/vitexsoftware/ease-html/tests/src/Ease/Html/TagTest.php" line="230" class="Test\Ease\TWB5\BadgeTest" classname="Test.Ease.TWB5.BadgeTest" assertions="1" time="0.000902"/>
      <testcase name="testFinalize" file="/home/vitex/Projects/VitexSoftware/php-ease-twbootstrap5/vendor/vitexsoftware/ease-html/tests/src/Ease/Html/TagTest.php" line="268" class="Test\Ease\TWB5\BadgeTest" classname="Test.Ease.TWB5.BadgeTest" assertions="1" time="0.000731"/>
      <testcase name="testConstructor" file="/home/vitex/Projects/VitexSoftware/php-ease-twbootstrap5/vendor/vitexsoftware/ease-html/tests/src/Ease/Html/PairTagTest.php" line="52" class="Test\Ease\TWB5\BadgeTest" classname="Test.Ease.TWB5.BadgeTest" assertions="0" time="0.002969">
        <error type="TypeError">Test\Ease\TWB5\BadgeTest::testConstructor
TypeError: Ease\TWB5\Badge::__construct(): Argument #3 ($properties) must be of type array, string given, called in /home/vitex/Projects/VitexSoftware/php-ease-twbootstrap5/vendor/vitexsoftware/ease-html/tests/src/Ease/Html/PairTagTest.php on line 62

/home/vitex/Projects/VitexSoftware/php-ease-twbootstrap5/src/Ease/TWB5/Badge.php:32
/home/vitex/Projects/VitexSoftware/php-ease-twbootstrap5/vendor/vitexsoftware/ease-html/tests/src/Ease/Html/PairTagTest.php:62</error>
      </testcase>
      <testcase name="testDraw" file="/home/vitex/Projects/VitexSoftware/php-ease-twbootstrap5/vendor/vitexsoftware/ease-html/tests/src/Ease/Html/PairTagTest.php" line="77" class="Test\Ease\TWB5\BadgeTest" classname="Test.Ease.TWB5.BadgeTest" assertions="1" time="0.002397">
        <failure type="PHPUnit\Framework\ExpectationFailedException">Test\Ease\TWB5\BadgeTest::testDraw
Failed asserting that two strings are equal.
--- Expected
+++ Actual
@@ @@
-'&lt;span&gt;&lt;/span&gt;'
+'&lt;span class="badge bg-default"&gt;&lt;/span&gt;'

/home/vitex/Projects/VitexSoftware/php-ease-twbootstrap5/vendor/vitexsoftware/ease-html/tests/src/Ease/Html/PairTagTest.php:97</failure>
      </testcase>
      <testcase name="testTagBegin" file="/home/vitex/Projects/VitexSoftware/php-ease-twbootstrap5/vendor/vitexsoftware/ease-html/tests/src/Ease/Html/PairTagTest.php" line="105" class="Test\Ease\TWB5\BadgeTest" classname="Test.Ease.TWB5.BadgeTest" assertions="1" time="0.000735"/>
      <testcase name="testTagEnclousure" file="/home/vitex/Projects/VitexSoftware/php-ease-twbootstrap5/vendor/vitexsoftware/ease-html/tests/src/Ease/Html/PairTagTest.php" line="125" class="Test\Ease\TWB5\BadgeTest" classname="Test.Ease.TWB5.BadgeTest" assertions="1" time="0.000707"/>
    </testsuite>
    <testsuite name="Test\Ease\TWB5\CardTest" file="/home/vitex/Projects/VitexSoftware/php-ease-twbootstrap5/tests/src/Ease/TWB5/CardTest.php" tests="66" assertions="95" errors="1" failures="2" skipped="0" time="0.062944">
      <testcase name="testgetObjectName" file="/home/vitex/Projects/VitexSoftware/php-ease-twbootstrap5/vendor/vitexsoftware/ease-core/tests/src/Ease/AtomTest.php" line="61" class="Test\Ease\TWB5\CardTest" classname="Test.Ease.TWB5.CardTest" assertions="1" time="0.001267"/>
      <testcase name="testDataReset" file="/home/vitex/Projects/VitexSoftware/php-ease-twbootstrap5/vendor/vitexsoftware/ease-core/tests/src/Ease/SandTest.php" line="53" class="Test\Ease\TWB5\CardTest" classname="Test.Ease.TWB5.CardTest" assertions="1" time="0.000861"/>
      <testcase name="testSetData" file="/home/vitex/Projects/VitexSoftware/php-ease-twbootstrap5/vendor/vitexsoftware/ease-core/tests/src/Ease/SandTest.php" line="62" class="Test\Ease\TWB5\CardTest" classname="Test.Ease.TWB5.CardTest" assertions="1" time="0.000899"/>
      <testcase name="testGetData" file="/home/vitex/Projects/VitexSoftware/php-ease-twbootstrap5/vendor/vitexsoftware/ease-core/tests/src/Ease/SandTest.php" line="74" class="Test\Ease\TWB5\CardTest" classname="Test.Ease.TWB5.CardTest" assertions="1" time="0.000929"/>
      <testcase name="testGetDataCount" file="/home/vitex/Projects/VitexSoftware/php-ease-twbootstrap5/vendor/vitexsoftware/ease-core/tests/src/Ease/SandTest.php" line="84" class="Test\Ease\TWB5\CardTest" classname="Test.Ease.TWB5.CardTest" assertions="1" time="0.000869"/>
      <testcase name="testGetDataValue" file="/home/vitex/Projects/VitexSoftware/php-ease-twbootstrap5/vendor/vitexsoftware/ease-core/tests/src/Ease/SandTest.php" line="95" class="Test\Ease\TWB5\CardTest" classname="Test.Ease.TWB5.CardTest" assertions="2" time="0.000882"/>
      <testcase name="testSetDataValue" file="/home/vitex/Projects/VitexSoftware/php-ease-twbootstrap5/vendor/vitexsoftware/ease-core/tests/src/Ease/SandTest.php" line="106" class="Test\Ease\TWB5\CardTest" classname="Test.Ease.TWB5.CardTest" assertions="1" time="0.001226"/>
      <testcase name="testUnsetDataValue" file="/home/vitex/Projects/VitexSoftware/php-ease-twbootstrap5/vendor/vitexsoftware/ease-core/tests/src/Ease/SandTest.php" line="115" class="Test\Ease\TWB5\CardTest" classname="Test.Ease.TWB5.CardTest" assertions="3" time="0.000979"/>
      <testcase name="testTakeData" file="/home/vitex/Projects/VitexSoftware/php-ease-twbootstrap5/vendor/vitexsoftware/ease-core/tests/src/Ease/SandTest.php" line="127" class="Test\Ease\TWB5\CardTest" classname="Test.Ease.TWB5.CardTest" assertions="2" time="0.000825"/>
      <testcase name="testAddItemCustom" file="/home/vitex/Projects/VitexSoftware/php-ease-twbootstrap5/vendor/vitexsoftware/ease-html/tests/src/Ease/ContainerTest.php" line="60" class="Test\Ease\TWB5\CardTest" classname="Test.Ease.TWB5.CardTest" assertions="2" time="0.001042"/>
      <testcase name="testAddAsFirst" file="/home/vitex/Projects/VitexSoftware/php-ease-twbootstrap5/vendor/vitexsoftware/ease-html/tests/src/Ease/ContainerTest.php" line="92" class="Test\Ease\TWB5\CardTest" classname="Test.Ease.TWB5.CardTest" assertions="1" time="0.000979"/>
      <testcase name="testSuicide" file="/home/vitex/Projects/VitexSoftware/php-ease-twbootstrap5/vendor/vitexsoftware/ease-html/tests/src/Ease/ContainerTest.php" line="108" class="Test\Ease\TWB5\CardTest" classname="Test.Ease.TWB5.CardTest" assertions="3" time="0.000846"/>
      <testcase name="testGetItemsCount" file="/home/vitex/Projects/VitexSoftware/php-ease-twbootstrap5/vendor/vitexsoftware/ease-html/tests/src/Ease/ContainerTest.php" line="120" class="Test\Ease\TWB5\CardTest" classname="Test.Ease.TWB5.CardTest" assertions="2" time="0.000875"/>
      <testcase name="testAddNextTo" file="/home/vitex/Projects/VitexSoftware/php-ease-twbootstrap5/vendor/vitexsoftware/ease-html/tests/src/Ease/ContainerTest.php" line="131" class="Test\Ease\TWB5\CardTest" classname="Test.Ease.TWB5.CardTest" assertions="1" time="0.000862"/>
      <testcase name="testLastItem" file="/home/vitex/Projects/VitexSoftware/php-ease-twbootstrap5/vendor/vitexsoftware/ease-html/tests/src/Ease/ContainerTest.php" line="141" class="Test\Ease\TWB5\CardTest" classname="Test.Ease.TWB5.CardTest" assertions="1" time="0.000881"/>
      <testcase name="testAddToLastItem" file="/home/vitex/Projects/VitexSoftware/php-ease-twbootstrap5/vendor/vitexsoftware/ease-html/tests/src/Ease/ContainerTest.php" line="152" class="Test\Ease\TWB5\CardTest" classname="Test.Ease.TWB5.CardTest" assertions="1" time="0.000873"/>
      <testcase name="testGetFirstPart" file="/home/vitex/Projects/VitexSoftware/php-ease-twbootstrap5/vendor/vitexsoftware/ease-html/tests/src/Ease/ContainerTest.php" line="166" class="Test\Ease\TWB5\CardTest" classname="Test.Ease.TWB5.CardTest" assertions="2" time="0.001029"/>
      <testcase name="testGetContents" file="/home/vitex/Projects/VitexSoftware/php-ease-twbootstrap5/vendor/vitexsoftware/ease-html/tests/src/Ease/ContainerTest.php" line="181" class="Test\Ease\TWB5\CardTest" classname="Test.Ease.TWB5.CardTest" assertions="1" time="0.000857"/>
      <testcase name="testAddItems" file="/home/vitex/Projects/VitexSoftware/php-ease-twbootstrap5/vendor/vitexsoftware/ease-html/tests/src/Ease/ContainerTest.php" line="190" class="Test\Ease\TWB5\CardTest" classname="Test.Ease.TWB5.CardTest" assertions="1" time="0.000856"/>
      <testcase name="testEmptyContents" file="/home/vitex/Projects/VitexSoftware/php-ease-twbootstrap5/vendor/vitexsoftware/ease-html/tests/src/Ease/ContainerTest.php" line="200" class="Test\Ease\TWB5\CardTest" classname="Test.Ease.TWB5.CardTest" assertions="1" time="0.000849"/>
      <testcase name="testDrawAllContents" file="/home/vitex/Projects/VitexSoftware/php-ease-twbootstrap5/vendor/vitexsoftware/ease-html/tests/src/Ease/ContainerTest.php" line="210" class="Test\Ease\TWB5\CardTest" classname="Test.Ease.TWB5.CardTest" assertions="1" time="0.000908"/>
      <testcase name="testGetRendered" file="/home/vitex/Projects/VitexSoftware/php-ease-twbootstrap5/vendor/vitexsoftware/ease-html/tests/src/Ease/ContainerTest.php" line="239" class="Test\Ease\TWB5\CardTest" classname="Test.Ease.TWB5.CardTest" assertions="1" time="0.000858"/>
      <testcase name="testDrawIfNotDrawn" file="/home/vitex/Projects/VitexSoftware/php-ease-twbootstrap5/vendor/vitexsoftware/ease-html/tests/src/Ease/ContainerTest.php" line="261" class="Test\Ease\TWB5\CardTest" classname="Test.Ease.TWB5.CardTest" assertions="1" time="0.002497">
        <failure type="PHPUnit\Framework\ExpectationFailedException">Test\Ease\TWB5\CardTest::testDrawIfNotDrawn
Failed asserting that two strings are equal.
--- Expected
+++ Actual
@@ @@
-'&lt;div&gt;&lt;/div&gt;'
+'&lt;div class="card"&gt;&lt;/div&gt;'

/home/vitex/Projects/VitexSoftware/php-ease-twbootstrap5/vendor/vitexsoftware/ease-html/tests/src/Ease/ContainerTest.php:266</failure>
      </testcase>
      <testcase name="testIsFinalized" file="/home/vitex/Projects/VitexSoftware/php-ease-twbootstrap5/vendor/vitexsoftware/ease-html/tests/src/Ease/ContainerTest.php" line="277" class="Test\Ease\TWB5\CardTest" classname="Test.Ease.TWB5.CardTest" assertions="2" time="0.000881"/>
      <testcase name="testSetFinalized" file="/home/vitex/Projects/VitexSoftware/php-ease-twbootstrap5/vendor/vitexsoftware/ease-html/tests/src/Ease/ContainerTest.php" line="287" class="Test\Ease\TWB5\CardTest" classname="Test.Ease.TWB5.CardTest" assertions="1" time="0.000810"/>
      <testcase name="testIsEmpty" file="/home/vitex/Projects/VitexSoftware/php-ease-twbootstrap5/vendor/vitexsoftware/ease-html/tests/src/Ease/ContainerTest.php" line="296" class="Test\Ease\TWB5\CardTest" classname="Test.Ease.TWB5.CardTest" assertions="2" time="0.000825"/>
      <testcase name="testToString" file="/home/vitex/Projects/VitexSoftware/php-ease-twbootstrap5/vendor/vitexsoftware/ease-html/tests/src/Ease/ContainerTest.php" line="341" class="Test\Ease\TWB5\CardTest" classname="Test.Ease.TWB5.CardTest" assertions="1" time="0.000869"/>
      <testcase name="testSingleton" file="/home/vitex/Projects/VitexSoftware/php-ease-twbootstrap5/vendor/vitexsoftware/ease-html/tests/src/Ease/DocumentTest.php" line="52" class="Test\Ease\TWB5\CardTest" classname="Test.Ease.TWB5.CardTest" assertions="1" time="0.000795"/>
      <testcase name="testAddJavaScript" file="/home/vitex/Projects/VitexSoftware/php-ease-twbootstrap5/vendor/vitexsoftware/ease-html/tests/src/Ease/DocumentTest.php" line="67" class="Test\Ease\TWB5\CardTest" classname="Test.Ease.TWB5.CardTest" assertions="2" time="0.000845"/>
      <testcase name="testIncludeJavaScript" file="/home/vitex/Projects/VitexSoftware/php-ease-twbootstrap5/vendor/vitexsoftware/ease-html/tests/src/Ease/DocumentTest.php" line="81" class="Test\Ease\TWB5\CardTest" classname="Test.Ease.TWB5.CardTest" assertions="2" time="0.000846"/>
      <testcase name="testAddCSS" file="/home/vitex/Projects/VitexSoftware/php-ease-twbootstrap5/vendor/vitexsoftware/ease-html/tests/src/Ease/DocumentTest.php" line="91" class="Test\Ease\TWB5\CardTest" classname="Test.Ease.TWB5.CardTest" assertions="1" time="0.000814"/>
      <testcase name="testIncludeCss" file="/home/vitex/Projects/VitexSoftware/php-ease-twbootstrap5/vendor/vitexsoftware/ease-html/tests/src/Ease/DocumentTest.php" line="100" class="Test\Ease\TWB5\CardTest" classname="Test.Ease.TWB5.CardTest" assertions="1" time="0.000795"/>
      <testcase name="testRedirect" file="/home/vitex/Projects/VitexSoftware/php-ease-twbootstrap5/vendor/vitexsoftware/ease-html/tests/src/Ease/DocumentTest.php" line="109" class="Test\Ease\TWB5\CardTest" classname="Test.Ease.TWB5.CardTest" assertions="2" time="0.000835"/>
      <testcase name="testGetUri" file="/home/vitex/Projects/VitexSoftware/php-ease-twbootstrap5/vendor/vitexsoftware/ease-html/tests/src/Ease/DocumentTest.php" line="120" class="Test\Ease\TWB5\CardTest" classname="Test.Ease.TWB5.CardTest" assertions="1" time="0.000777"/>
      <testcase name="testPhpSelf" file="/home/vitex/Projects/VitexSoftware/php-ease-twbootstrap5/vendor/vitexsoftware/ease-html/tests/src/Ease/DocumentTest.php" line="129" class="Test\Ease\TWB5\CardTest" classname="Test.Ease.TWB5.CardTest" assertions="1" time="0.000831"/>
      <testcase name="testOnlyForLogged" file="/home/vitex/Projects/VitexSoftware/php-ease-twbootstrap5/vendor/vitexsoftware/ease-html/tests/src/Ease/DocumentTest.php" line="138" class="Test\Ease\TWB5\CardTest" classname="Test.Ease.TWB5.CardTest" assertions="0" time="0.002067">
        <error type="Error">Test\Ease\TWB5\CardTest::testOnlyForLogged
Error: Class "User" not found

/home/vitex/Projects/VitexSoftware/php-ease-twbootstrap5/vendor/vitexsoftware/ease-core/src/Ease/Shared.php:318
/home/vitex/Projects/VitexSoftware/php-ease-twbootstrap5/vendor/vitexsoftware/ease-html/src/Ease/Document.php:222
/home/vitex/Projects/VitexSoftware/php-ease-twbootstrap5/vendor/vitexsoftware/ease-html/tests/src/Ease/DocumentTest.php:141</error>
      </testcase>
      <testcase name="testGetRequestValues" file="/home/vitex/Projects/VitexSoftware/php-ease-twbootstrap5/vendor/vitexsoftware/ease-html/tests/src/Ease/DocumentTest.php" line="151" class="Test\Ease\TWB5\CardTest" classname="Test.Ease.TWB5.CardTest" assertions="1" time="0.000891"/>
      <testcase name="testIsPosted" file="/home/vitex/Projects/VitexSoftware/php-ease-twbootstrap5/vendor/vitexsoftware/ease-html/tests/src/Ease/DocumentTest.php" line="163" class="Test\Ease\TWB5\CardTest" classname="Test.Ease.TWB5.CardTest" assertions="2" time="0.000778"/>
      <testcase name="testSanitizeAsType" file="/home/vitex/Projects/VitexSoftware/php-ease-twbootstrap5/vendor/vitexsoftware/ease-html/tests/src/Ease/DocumentTest.php" line="174" class="Test\Ease\TWB5\CardTest" classname="Test.Ease.TWB5.CardTest" assertions="8" time="0.000871"/>
      <testcase name="testGetRequestValue" file="/home/vitex/Projects/VitexSoftware/php-ease-twbootstrap5/vendor/vitexsoftware/ease-html/tests/src/Ease/DocumentTest.php" line="192" class="Test\Ease\TWB5\CardTest" classname="Test.Ease.TWB5.CardTest" assertions="1" time="0.000814"/>
      <testcase name="testGetGetValue" file="/home/vitex/Projects/VitexSoftware/php-ease-twbootstrap5/vendor/vitexsoftware/ease-html/tests/src/Ease/DocumentTest.php" line="201" class="Test\Ease\TWB5\CardTest" classname="Test.Ease.TWB5.CardTest" assertions="1" time="0.001146"/>
      <testcase name="testGetPostValue" file="/home/vitex/Projects/VitexSoftware/php-ease-twbootstrap5/vendor/vitexsoftware/ease-html/tests/src/Ease/DocumentTest.php" line="210" class="Test\Ease\TWB5\CardTest" classname="Test.Ease.TWB5.CardTest" assertions="1" time="0.000910"/>
      <testcase name="testIsFormPosted" file="/home/vitex/Projects/VitexSoftware/php-ease-twbootstrap5/vendor/vitexsoftware/ease-html/tests/src/Ease/DocumentTest.php" line="219" class="Test\Ease\TWB5\CardTest" classname="Test.Ease.TWB5.CardTest" assertions="2" time="0.000911"/>
      <testcase name="testArrayToUrlParams" file="/home/vitex/Projects/VitexSoftware/php-ease-twbootstrap5/vendor/vitexsoftware/ease-html/tests/src/Ease/DocumentTest.php" line="230" class="Test\Ease\TWB5\CardTest" classname="Test.Ease.TWB5.CardTest" assertions="2" time="0.000902"/>
      <testcase name="testAddItem" file="/home/vitex/Projects/VitexSoftware/php-ease-twbootstrap5/vendor/vitexsoftware/ease-html/tests/src/Ease/DocumentTest.php" line="251" class="Test\Ease\TWB5\CardTest" classname="Test.Ease.TWB5.CardTest" assertions="3" time="0.000940"/>
      <testcase name="testRegisterItem" file="/home/vitex/Projects/VitexSoftware/php-ease-twbootstrap5/vendor/vitexsoftware/ease-html/tests/src/Ease/DocumentTest.php" line="263" class="Test\Ease\TWB5\CardTest" classname="Test.Ease.TWB5.CardTest" assertions="1" time="0.000839"/>
      <testcase name="testSetObjectName" file="/home/vitex/Projects/VitexSoftware/php-ease-twbootstrap5/vendor/vitexsoftware/ease-html/tests/src/Ease/Html/TagTest.php" line="72" class="Test\Ease\TWB5\CardTest" classname="Test.Ease.TWB5.CardTest" assertions="2" time="0.000778"/>
      <testcase name="testSetTagName" file="/home/vitex/Projects/VitexSoftware/php-ease-twbootstrap5/vendor/vitexsoftware/ease-html/tests/src/Ease/Html/TagTest.php" line="101" class="Test\Ease\TWB5\CardTest" classname="Test.Ease.TWB5.CardTest" assertions="1" time="0.000851"/>
      <testcase name="testGetTagName" file="/home/vitex/Projects/VitexSoftware/php-ease-twbootstrap5/vendor/vitexsoftware/ease-html/tests/src/Ease/Html/TagTest.php" line="111" class="Test\Ease\TWB5\CardTest" classname="Test.Ease.TWB5.CardTest" assertions="2" time="0.000838"/>
      <testcase name="testSetTagType" file="/home/vitex/Projects/VitexSoftware/php-ease-twbootstrap5/vendor/vitexsoftware/ease-html/tests/src/Ease/Html/TagTest.php" line="122" class="Test\Ease\TWB5\CardTest" classname="Test.Ease.TWB5.CardTest" assertions="1" time="0.000800"/>
      <testcase name="testGetTagType" file="/home/vitex/Projects/VitexSoftware/php-ease-twbootstrap5/vendor/vitexsoftware/ease-html/tests/src/Ease/Html/TagTest.php" line="131" class="Test\Ease\TWB5\CardTest" classname="Test.Ease.TWB5.CardTest" assertions="1" time="0.000801"/>
      <testcase name="testSetTagClass" file="/home/vitex/Projects/VitexSoftware/php-ease-twbootstrap5/vendor/vitexsoftware/ease-html/tests/src/Ease/Html/TagTest.php" line="140" class="Test\Ease\TWB5\CardTest" classname="Test.Ease.TWB5.CardTest" assertions="1" time="0.000964"/>
      <testcase name="testAddTagClass" file="/home/vitex/Projects/VitexSoftware/php-ease-twbootstrap5/vendor/vitexsoftware/ease-html/tests/src/Ease/Html/TagTest.php" line="149" class="Test\Ease\TWB5\CardTest" classname="Test.Ease.TWB5.CardTest" assertions="1" time="0.000904"/>
      <testcase name="testGetTagClass" file="/home/vitex/Projects/VitexSoftware/php-ease-twbootstrap5/vendor/vitexsoftware/ease-html/tests/src/Ease/Html/TagTest.php" line="159" class="Test\Ease\TWB5\CardTest" classname="Test.Ease.TWB5.CardTest" assertions="1" time="0.000859"/>
      <testcase name="testSetTagID" file="/home/vitex/Projects/VitexSoftware/php-ease-twbootstrap5/vendor/vitexsoftware/ease-html/tests/src/Ease/Html/TagTest.php" line="168" class="Test\Ease\TWB5\CardTest" classname="Test.Ease.TWB5.CardTest" assertions="2" time="0.000890"/>
      <testcase name="testGetTagID" file="/home/vitex/Projects/VitexSoftware/php-ease-twbootstrap5/vendor/vitexsoftware/ease-html/tests/src/Ease/Html/TagTest.php" line="179" class="Test\Ease\TWB5\CardTest" classname="Test.Ease.TWB5.CardTest" assertions="1" time="0.000838"/>
      <testcase name="testGetTagProperty" file="/home/vitex/Projects/VitexSoftware/php-ease-twbootstrap5/vendor/vitexsoftware/ease-html/tests/src/Ease/Html/TagTest.php" line="188" class="Test\Ease\TWB5\CardTest" classname="Test.Ease.TWB5.CardTest" assertions="1" time="0.000805"/>
      <testcase name="testSetTagProperties" file="/home/vitex/Projects/VitexSoftware/php-ease-twbootstrap5/vendor/vitexsoftware/ease-html/tests/src/Ease/Html/TagTest.php" line="197" class="Test\Ease\TWB5\CardTest" classname="Test.Ease.TWB5.CardTest" assertions="2" time="0.000829"/>
      <testcase name="testTagPropertiesToString" file="/home/vitex/Projects/VitexSoftware/php-ease-twbootstrap5/vendor/vitexsoftware/ease-html/tests/src/Ease/Html/TagTest.php" line="208" class="Test\Ease\TWB5\CardTest" classname="Test.Ease.TWB5.CardTest" assertions="1" time="0.000959"/>
      <testcase name="testSetTagCss" file="/home/vitex/Projects/VitexSoftware/php-ease-twbootstrap5/vendor/vitexsoftware/ease-html/tests/src/Ease/Html/TagTest.php" line="218" class="Test\Ease\TWB5\CardTest" classname="Test.Ease.TWB5.CardTest" assertions="1" time="0.000737"/>
      <testcase name="testCssPropertiesToString" file="/home/vitex/Projects/VitexSoftware/php-ease-twbootstrap5/vendor/vitexsoftware/ease-html/tests/src/Ease/Html/TagTest.php" line="230" class="Test\Ease\TWB5\CardTest" classname="Test.Ease.TWB5.CardTest" assertions="1" time="0.000831"/>
      <testcase name="testFinalize" file="/home/vitex/Projects/VitexSoftware/php-ease-twbootstrap5/vendor/vitexsoftware/ease-html/tests/src/Ease/Html/TagTest.php" line="268" class="Test\Ease\TWB5\CardTest" classname="Test.Ease.TWB5.CardTest" assertions="1" time="0.000798"/>
      <testcase name="testConstructor" file="/home/vitex/Projects/VitexSoftware/php-ease-twbootstrap5/vendor/vitexsoftware/ease-html/tests/src/Ease/Html/PairTagTest.php" line="52" class="Test\Ease\TWB5\CardTest" classname="Test.Ease.TWB5.CardTest" assertions="1" time="0.001362"/>
      <testcase name="testDraw" file="/home/vitex/Projects/VitexSoftware/php-ease-twbootstrap5/vendor/vitexsoftware/ease-html/tests/src/Ease/Html/PairTagTest.php" line="77" class="Test\Ease\TWB5\CardTest" classname="Test.Ease.TWB5.CardTest" assertions="1" time="0.002536">
        <failure type="PHPUnit\Framework\ExpectationFailedException">Test\Ease\TWB5\CardTest::testDraw
Failed asserting that two strings are equal.
--- Expected
+++ Actual
@@ @@
-'&lt;div&gt;&lt;/div&gt;'
+'&lt;div class="card"&gt;&lt;/div&gt;'

/home/vitex/Projects/VitexSoftware/php-ease-twbootstrap5/vendor/vitexsoftware/ease-html/tests/src/Ease/Html/PairTagTest.php:97</failure>
      </testcase>
      <testcase name="testTagBegin" file="/home/vitex/Projects/VitexSoftware/php-ease-twbootstrap5/vendor/vitexsoftware/ease-html/tests/src/Ease/Html/PairTagTest.php" line="105" class="Test\Ease\TWB5\CardTest" classname="Test.Ease.TWB5.CardTest" assertions="1" time="0.000827"/>
      <testcase name="testTagEnclousure" file="/home/vitex/Projects/VitexSoftware/php-ease-twbootstrap5/vendor/vitexsoftware/ease-html/tests/src/Ease/Html/PairTagTest.php" line="125" class="Test\Ease\TWB5\CardTest" classname="Test.Ease.TWB5.CardTest" assertions="1" time="0.000796"/>
    </testsuite>
    <testsuite name="Test\Ease\TWB5\ColTest" file="/home/vitex/Projects/VitexSoftware/php-ease-twbootstrap5/tests/src/Ease/TWB5/ColTest.php" tests="66" assertions="95" errors="1" failures="2" skipped="0" time="0.063493">
      <testcase name="testgetObjectName" file="/home/vitex/Projects/VitexSoftware/php-ease-twbootstrap5/vendor/vitexsoftware/ease-core/tests/src/Ease/AtomTest.php" line="61" class="Test\Ease\TWB5\ColTest" classname="Test.Ease.TWB5.ColTest" assertions="1" time="0.001040"/>
      <testcase name="testDataReset" file="/home/vitex/Projects/VitexSoftware/php-ease-twbootstrap5/vendor/vitexsoftware/ease-core/tests/src/Ease/SandTest.php" line="53" class="Test\Ease\TWB5\ColTest" classname="Test.Ease.TWB5.ColTest" assertions="1" time="0.000798"/>
      <testcase name="testSetData" file="/home/vitex/Projects/VitexSoftware/php-ease-twbootstrap5/vendor/vitexsoftware/ease-core/tests/src/Ease/SandTest.php" line="62" class="Test\Ease\TWB5\ColTest" classname="Test.Ease.TWB5.ColTest" assertions="1" time="0.000792"/>
      <testcase name="testGetData" file="/home/vitex/Projects/VitexSoftware/php-ease-twbootstrap5/vendor/vitexsoftware/ease-core/tests/src/Ease/SandTest.php" line="74" class="Test\Ease\TWB5\ColTest" classname="Test.Ease.TWB5.ColTest" assertions="1" time="0.000843"/>
      <testcase name="testGetDataCount" file="/home/vitex/Projects/VitexSoftware/php-ease-twbootstrap5/vendor/vitexsoftware/ease-core/tests/src/Ease/SandTest.php" line="84" class="Test\Ease\TWB5\ColTest" classname="Test.Ease.TWB5.ColTest" assertions="1" time="0.000802"/>
      <testcase name="testGetDataValue" file="/home/vitex/Projects/VitexSoftware/php-ease-twbootstrap5/vendor/vitexsoftware/ease-core/tests/src/Ease/SandTest.php" line="95" class="Test\Ease\TWB5\ColTest" classname="Test.Ease.TWB5.ColTest" assertions="2" time="0.000829"/>
      <testcase name="testSetDataValue" file="/home/vitex/Projects/VitexSoftware/php-ease-twbootstrap5/vendor/vitexsoftware/ease-core/tests/src/Ease/SandTest.php" line="106" class="Test\Ease\TWB5\ColTest" classname="Test.Ease.TWB5.ColTest" assertions="1" time="0.000957"/>
      <testcase name="testUnsetDataValue" file="/home/vitex/Projects/VitexSoftware/php-ease-twbootstrap5/vendor/vitexsoftware/ease-core/tests/src/Ease/SandTest.php" line="115" class="Test\Ease\TWB5\ColTest" classname="Test.Ease.TWB5.ColTest" assertions="3" time="0.001089"/>
      <testcase name="testTakeData" file="/home/vitex/Projects/VitexSoftware/php-ease-twbootstrap5/vendor/vitexsoftware/ease-core/tests/src/Ease/SandTest.php" line="127" class="Test\Ease\TWB5\ColTest" classname="Test.Ease.TWB5.ColTest" assertions="2" time="0.000962"/>
      <testcase name="testAddItemCustom" file="/home/vitex/Projects/VitexSoftware/php-ease-twbootstrap5/vendor/vitexsoftware/ease-html/tests/src/Ease/ContainerTest.php" line="60" class="Test\Ease\TWB5\ColTest" classname="Test.Ease.TWB5.ColTest" assertions="2" time="0.001007"/>
      <testcase name="testAddAsFirst" file="/home/vitex/Projects/VitexSoftware/php-ease-twbootstrap5/vendor/vitexsoftware/ease-html/tests/src/Ease/ContainerTest.php" line="92" class="Test\Ease\TWB5\ColTest" classname="Test.Ease.TWB5.ColTest" assertions="1" time="0.000931"/>
      <testcase name="testSuicide" file="/home/vitex/Projects/VitexSoftware/php-ease-twbootstrap5/vendor/vitexsoftware/ease-html/tests/src/Ease/ContainerTest.php" line="108" class="Test\Ease\TWB5\ColTest" classname="Test.Ease.TWB5.ColTest" assertions="3" time="0.000835"/>
      <testcase name="testGetItemsCount" file="/home/vitex/Projects/VitexSoftware/php-ease-twbootstrap5/vendor/vitexsoftware/ease-html/tests/src/Ease/ContainerTest.php" line="120" class="Test\Ease\TWB5\ColTest" classname="Test.Ease.TWB5.ColTest" assertions="2" time="0.000846"/>
      <testcase name="testAddNextTo" file="/home/vitex/Projects/VitexSoftware/php-ease-twbootstrap5/vendor/vitexsoftware/ease-html/tests/src/Ease/ContainerTest.php" line="131" class="Test\Ease\TWB5\ColTest" classname="Test.Ease.TWB5.ColTest" assertions="1" time="0.000920"/>
      <testcase name="testLastItem" file="/home/vitex/Projects/VitexSoftware/php-ease-twbootstrap5/vendor/vitexsoftware/ease-html/tests/src/Ease/ContainerTest.php" line="141" class="Test\Ease\TWB5\ColTest" classname="Test.Ease.TWB5.ColTest" assertions="1" time="0.000906"/>
      <testcase name="testAddToLastItem" file="/home/vitex/Projects/VitexSoftware/php-ease-twbootstrap5/vendor/vitexsoftware/ease-html/tests/src/Ease/ContainerTest.php" line="152" class="Test\Ease\TWB5\ColTest" classname="Test.Ease.TWB5.ColTest" assertions="1" time="0.001225"/>
      <testcase name="testGetFirstPart" file="/home/vitex/Projects/VitexSoftware/php-ease-twbootstrap5/vendor/vitexsoftware/ease-html/tests/src/Ease/ContainerTest.php" line="166" class="Test\Ease\TWB5\ColTest" classname="Test.Ease.TWB5.ColTest" assertions="2" time="0.001089"/>
      <testcase name="testGetContents" file="/home/vitex/Projects/VitexSoftware/php-ease-twbootstrap5/vendor/vitexsoftware/ease-html/tests/src/Ease/ContainerTest.php" line="181" class="Test\Ease\TWB5\ColTest" classname="Test.Ease.TWB5.ColTest" assertions="1" time="0.000882"/>
      <testcase name="testAddItems" file="/home/vitex/Projects/VitexSoftware/php-ease-twbootstrap5/vendor/vitexsoftware/ease-html/tests/src/Ease/ContainerTest.php" line="190" class="Test\Ease\TWB5\ColTest" classname="Test.Ease.TWB5.ColTest" assertions="1" time="0.001082"/>
      <testcase name="testEmptyContents" file="/home/vitex/Projects/VitexSoftware/php-ease-twbootstrap5/vendor/vitexsoftware/ease-html/tests/src/Ease/ContainerTest.php" line="200" class="Test\Ease\TWB5\ColTest" classname="Test.Ease.TWB5.ColTest" assertions="1" time="0.000850"/>
      <testcase name="testDrawAllContents" file="/home/vitex/Projects/VitexSoftware/php-ease-twbootstrap5/vendor/vitexsoftware/ease-html/tests/src/Ease/ContainerTest.php" line="210" class="Test\Ease\TWB5\ColTest" classname="Test.Ease.TWB5.ColTest" assertions="1" time="0.000897"/>
      <testcase name="testGetRendered" file="/home/vitex/Projects/VitexSoftware/php-ease-twbootstrap5/vendor/vitexsoftware/ease-html/tests/src/Ease/ContainerTest.php" line="239" class="Test\Ease\TWB5\ColTest" classname="Test.Ease.TWB5.ColTest" assertions="1" time="0.000865"/>
      <testcase name="testDrawIfNotDrawn" file="/home/vitex/Projects/VitexSoftware/php-ease-twbootstrap5/vendor/vitexsoftware/ease-html/tests/src/Ease/ContainerTest.php" line="261" class="Test\Ease\TWB5\ColTest" classname="Test.Ease.TWB5.ColTest" assertions="1" time="0.002729">
        <failure type="PHPUnit\Framework\ExpectationFailedException">Test\Ease\TWB5\ColTest::testDrawIfNotDrawn
Failed asserting that two strings are equal.
--- Expected
+++ Actual
@@ @@
-'&lt;div&gt;&lt;/div&gt;'
+'&lt;div class="col"&gt;&lt;/div&gt;'

/home/vitex/Projects/VitexSoftware/php-ease-twbootstrap5/vendor/vitexsoftware/ease-html/tests/src/Ease/ContainerTest.php:266</failure>
      </testcase>
      <testcase name="testIsFinalized" file="/home/vitex/Projects/VitexSoftware/php-ease-twbootstrap5/vendor/vitexsoftware/ease-html/tests/src/Ease/ContainerTest.php" line="277" class="Test\Ease\TWB5\ColTest" classname="Test.Ease.TWB5.ColTest" assertions="2" time="0.000737"/>
      <testcase name="testSetFinalized" file="/home/vitex/Projects/VitexSoftware/php-ease-twbootstrap5/vendor/vitexsoftware/ease-html/tests/src/Ease/ContainerTest.php" line="287" class="Test\Ease\TWB5\ColTest" classname="Test.Ease.TWB5.ColTest" assertions="1" time="0.000778"/>
      <testcase name="testIsEmpty" file="/home/vitex/Projects/VitexSoftware/php-ease-twbootstrap5/vendor/vitexsoftware/ease-html/tests/src/Ease/ContainerTest.php" line="296" class="Test\Ease\TWB5\ColTest" classname="Test.Ease.TWB5.ColTest" assertions="2" time="0.000795"/>
      <testcase name="testToString" file="/home/vitex/Projects/VitexSoftware/php-ease-twbootstrap5/vendor/vitexsoftware/ease-html/tests/src/Ease/ContainerTest.php" line="341" class="Test\Ease\TWB5\ColTest" classname="Test.Ease.TWB5.ColTest" assertions="1" time="0.000900"/>
      <testcase name="testSingleton" file="/home/vitex/Projects/VitexSoftware/php-ease-twbootstrap5/vendor/vitexsoftware/ease-html/tests/src/Ease/DocumentTest.php" line="52" class="Test\Ease\TWB5\ColTest" classname="Test.Ease.TWB5.ColTest" assertions="1" time="0.000926"/>
      <testcase name="testAddJavaScript" file="/home/vitex/Projects/VitexSoftware/php-ease-twbootstrap5/vendor/vitexsoftware/ease-html/tests/src/Ease/DocumentTest.php" line="67" class="Test\Ease\TWB5\ColTest" classname="Test.Ease.TWB5.ColTest" assertions="2" time="0.000848"/>
      <testcase name="testIncludeJavaScript" file="/home/vitex/Projects/VitexSoftware/php-ease-twbootstrap5/vendor/vitexsoftware/ease-html/tests/src/Ease/DocumentTest.php" line="81" class="Test\Ease\TWB5\ColTest" classname="Test.Ease.TWB5.ColTest" assertions="2" time="0.000897"/>
      <testcase name="testAddCSS" file="/home/vitex/Projects/VitexSoftware/php-ease-twbootstrap5/vendor/vitexsoftware/ease-html/tests/src/Ease/DocumentTest.php" line="91" class="Test\Ease\TWB5\ColTest" classname="Test.Ease.TWB5.ColTest" assertions="1" time="0.000789"/>
      <testcase name="testIncludeCss" file="/home/vitex/Projects/VitexSoftware/php-ease-twbootstrap5/vendor/vitexsoftware/ease-html/tests/src/Ease/DocumentTest.php" line="100" class="Test\Ease\TWB5\ColTest" classname="Test.Ease.TWB5.ColTest" assertions="1" time="0.000829"/>
      <testcase name="testRedirect" file="/home/vitex/Projects/VitexSoftware/php-ease-twbootstrap5/vendor/vitexsoftware/ease-html/tests/src/Ease/DocumentTest.php" line="109" class="Test\Ease\TWB5\ColTest" classname="Test.Ease.TWB5.ColTest" assertions="2" time="0.000842"/>
      <testcase name="testGetUri" file="/home/vitex/Projects/VitexSoftware/php-ease-twbootstrap5/vendor/vitexsoftware/ease-html/tests/src/Ease/DocumentTest.php" line="120" class="Test\Ease\TWB5\ColTest" classname="Test.Ease.TWB5.ColTest" assertions="1" time="0.000782"/>
      <testcase name="testPhpSelf" file="/home/vitex/Projects/VitexSoftware/php-ease-twbootstrap5/vendor/vitexsoftware/ease-html/tests/src/Ease/DocumentTest.php" line="129" class="Test\Ease\TWB5\ColTest" classname="Test.Ease.TWB5.ColTest" assertions="1" time="0.000811"/>
      <testcase name="testOnlyForLogged" file="/home/vitex/Projects/VitexSoftware/php-ease-twbootstrap5/vendor/vitexsoftware/ease-html/tests/src/Ease/DocumentTest.php" line="138" class="Test\Ease\TWB5\ColTest" classname="Test.Ease.TWB5.ColTest" assertions="0" time="0.002096">
        <error type="Error">Test\Ease\TWB5\ColTest::testOnlyForLogged
Error: Class "User" not found

/home/vitex/Projects/VitexSoftware/php-ease-twbootstrap5/vendor/vitexsoftware/ease-core/src/Ease/Shared.php:318
/home/vitex/Projects/VitexSoftware/php-ease-twbootstrap5/vendor/vitexsoftware/ease-html/src/Ease/Document.php:222
/home/vitex/Projects/VitexSoftware/php-ease-twbootstrap5/vendor/vitexsoftware/ease-html/tests/src/Ease/DocumentTest.php:141</error>
      </testcase>
      <testcase name="testGetRequestValues" file="/home/vitex/Projects/VitexSoftware/php-ease-twbootstrap5/vendor/vitexsoftware/ease-html/tests/src/Ease/DocumentTest.php" line="151" class="Test\Ease\TWB5\ColTest" classname="Test.Ease.TWB5.ColTest" assertions="1" time="0.000862"/>
      <testcase name="testIsPosted" file="/home/vitex/Projects/VitexSoftware/php-ease-twbootstrap5/vendor/vitexsoftware/ease-html/tests/src/Ease/DocumentTest.php" line="163" class="Test\Ease\TWB5\ColTest" classname="Test.Ease.TWB5.ColTest" assertions="2" time="0.001007"/>
      <testcase name="testSanitizeAsType" file="/home/vitex/Projects/VitexSoftware/php-ease-twbootstrap5/vendor/vitexsoftware/ease-html/tests/src/Ease/DocumentTest.php" line="174" class="Test\Ease\TWB5\ColTest" classname="Test.Ease.TWB5.ColTest" assertions="8" time="0.000972"/>
      <testcase name="testGetRequestValue" file="/home/vitex/Projects/VitexSoftware/php-ease-twbootstrap5/vendor/vitexsoftware/ease-html/tests/src/Ease/DocumentTest.php" line="192" class="Test\Ease\TWB5\ColTest" classname="Test.Ease.TWB5.ColTest" assertions="1" time="0.000888"/>
      <testcase name="testGetGetValue" file="/home/vitex/Projects/VitexSoftware/php-ease-twbootstrap5/vendor/vitexsoftware/ease-html/tests/src/Ease/DocumentTest.php" line="201" class="Test\Ease\TWB5\ColTest" classname="Test.Ease.TWB5.ColTest" assertions="1" time="0.000906"/>
      <testcase name="testGetPostValue" file="/home/vitex/Projects/VitexSoftware/php-ease-twbootstrap5/vendor/vitexsoftware/ease-html/tests/src/Ease/DocumentTest.php" line="210" class="Test\Ease\TWB5\ColTest" classname="Test.Ease.TWB5.ColTest" assertions="1" time="0.000880"/>
      <testcase name="testIsFormPosted" file="/home/vitex/Projects/VitexSoftware/php-ease-twbootstrap5/vendor/vitexsoftware/ease-html/tests/src/Ease/DocumentTest.php" line="219" class="Test\Ease\TWB5\ColTest" classname="Test.Ease.TWB5.ColTest" assertions="2" time="0.000875"/>
      <testcase name="testArrayToUrlParams" file="/home/vitex/Projects/VitexSoftware/php-ease-twbootstrap5/vendor/vitexsoftware/ease-html/tests/src/Ease/DocumentTest.php" line="230" class="Test\Ease\TWB5\ColTest" classname="Test.Ease.TWB5.ColTest" assertions="2" time="0.000884"/>
      <testcase name="testAddItem" file="/home/vitex/Projects/VitexSoftware/php-ease-twbootstrap5/vendor/vitexsoftware/ease-html/tests/src/Ease/DocumentTest.php" line="251" class="Test\Ease\TWB5\ColTest" classname="Test.Ease.TWB5.ColTest" assertions="3" time="0.000873"/>
      <testcase name="testRegisterItem" file="/home/vitex/Projects/VitexSoftware/php-ease-twbootstrap5/vendor/vitexsoftware/ease-html/tests/src/Ease/DocumentTest.php" line="263" class="Test\Ease\TWB5\ColTest" classname="Test.Ease.TWB5.ColTest" assertions="1" time="0.000846"/>
      <testcase name="testSetObjectName" file="/home/vitex/Projects/VitexSoftware/php-ease-twbootstrap5/vendor/vitexsoftware/ease-html/tests/src/Ease/Html/TagTest.php" line="72" class="Test\Ease\TWB5\ColTest" classname="Test.Ease.TWB5.ColTest" assertions="2" time="0.000823"/>
      <testcase name="testSetTagName" file="/home/vitex/Projects/VitexSoftware/php-ease-twbootstrap5/vendor/vitexsoftware/ease-html/tests/src/Ease/Html/TagTest.php" line="101" class="Test\Ease\TWB5\ColTest" classname="Test.Ease.TWB5.ColTest" assertions="1" time="0.000949"/>
      <testcase name="testGetTagName" file="/home/vitex/Projects/VitexSoftware/php-ease-twbootstrap5/vendor/vitexsoftware/ease-html/tests/src/Ease/Html/TagTest.php" line="111" class="Test\Ease\TWB5\ColTest" classname="Test.Ease.TWB5.ColTest" assertions="2" time="0.001040"/>
      <testcase name="testSetTagType" file="/home/vitex/Projects/VitexSoftware/php-ease-twbootstrap5/vendor/vitexsoftware/ease-html/tests/src/Ease/Html/TagTest.php" line="122" class="Test\Ease\TWB5\ColTest" classname="Test.Ease.TWB5.ColTest" assertions="1" time="0.000854"/>
      <testcase name="testGetTagType" file="/home/vitex/Projects/VitexSoftware/php-ease-twbootstrap5/vendor/vitexsoftware/ease-html/tests/src/Ease/Html/TagTest.php" line="131" class="Test\Ease\TWB5\ColTest" classname="Test.Ease.TWB5.ColTest" assertions="1" time="0.000870"/>
      <testcase name="testSetTagClass" file="/home/vitex/Projects/VitexSoftware/php-ease-twbootstrap5/vendor/vitexsoftware/ease-html/tests/src/Ease/Html/TagTest.php" line="140" class="Test\Ease\TWB5\ColTest" classname="Test.Ease.TWB5.ColTest" assertions="1" time="0.000887"/>
      <testcase name="testAddTagClass" file="/home/vitex/Projects/VitexSoftware/php-ease-twbootstrap5/vendor/vitexsoftware/ease-html/tests/src/Ease/Html/TagTest.php" line="149" class="Test\Ease\TWB5\ColTest" classname="Test.Ease.TWB5.ColTest" assertions="1" time="0.000879"/>
      <testcase name="testGetTagClass" file="/home/vitex/Projects/VitexSoftware/php-ease-twbootstrap5/vendor/vitexsoftware/ease-html/tests/src/Ease/Html/TagTest.php" line="159" class="Test\Ease\TWB5\ColTest" classname="Test.Ease.TWB5.ColTest" assertions="1" time="0.000814"/>
      <testcase name="testSetTagID" file="/home/vitex/Projects/VitexSoftware/php-ease-twbootstrap5/vendor/vitexsoftware/ease-html/tests/src/Ease/Html/TagTest.php" line="168" class="Test\Ease\TWB5\ColTest" classname="Test.Ease.TWB5.ColTest" assertions="2" time="0.000873"/>
      <testcase name="testGetTagID" file="/home/vitex/Projects/VitexSoftware/php-ease-twbootstrap5/vendor/vitexsoftware/ease-html/tests/src/Ease/Html/TagTest.php" line="179" class="Test\Ease\TWB5\ColTest" classname="Test.Ease.TWB5.ColTest" assertions="1" time="0.000904"/>
      <testcase name="testGetTagProperty" file="/home/vitex/Projects/VitexSoftware/php-ease-twbootstrap5/vendor/vitexsoftware/ease-html/tests/src/Ease/Html/TagTest.php" line="188" class="Test\Ease\TWB5\ColTest" classname="Test.Ease.TWB5.ColTest" assertions="1" time="0.000815"/>
      <testcase name="testSetTagProperties" file="/home/vitex/Projects/VitexSoftware/php-ease-twbootstrap5/vendor/vitexsoftware/ease-html/tests/src/Ease/Html/TagTest.php" line="197" class="Test\Ease\TWB5\ColTest" classname="Test.Ease.TWB5.ColTest" assertions="2" time="0.000830"/>
      <testcase name="testTagPropertiesToString" file="/home/vitex/Projects/VitexSoftware/php-ease-twbootstrap5/vendor/vitexsoftware/ease-html/tests/src/Ease/Html/TagTest.php" line="208" class="Test\Ease\TWB5\ColTest" classname="Test.Ease.TWB5.ColTest" assertions="1" time="0.000852"/>
      <testcase name="testSetTagCss" file="/home/vitex/Projects/VitexSoftware/php-ease-twbootstrap5/vendor/vitexsoftware/ease-html/tests/src/Ease/Html/TagTest.php" line="218" class="Test\Ease\TWB5\ColTest" classname="Test.Ease.TWB5.ColTest" assertions="1" time="0.000957"/>
      <testcase name="testCssPropertiesToString" file="/home/vitex/Projects/VitexSoftware/php-ease-twbootstrap5/vendor/vitexsoftware/ease-html/tests/src/Ease/Html/TagTest.php" line="230" class="Test\Ease\TWB5\ColTest" classname="Test.Ease.TWB5.ColTest" assertions="1" time="0.000852"/>
      <testcase name="testFinalize" file="/home/vitex/Projects/VitexSoftware/php-ease-twbootstrap5/vendor/vitexsoftware/ease-html/tests/src/Ease/Html/TagTest.php" line="268" class="Test\Ease\TWB5\ColTest" classname="Test.Ease.TWB5.ColTest" assertions="1" time="0.000807"/>
      <testcase name="testConstructor" file="/home/vitex/Projects/VitexSoftware/php-ease-twbootstrap5/vendor/vitexsoftware/ease-html/tests/src/Ease/Html/PairTagTest.php" line="52" class="Test\Ease\TWB5\ColTest" classname="Test.Ease.TWB5.ColTest" assertions="1" time="0.001375"/>
      <testcase name="testDraw" file="/home/vitex/Projects/VitexSoftware/php-ease-twbootstrap5/vendor/vitexsoftware/ease-html/tests/src/Ease/Html/PairTagTest.php" line="77" class="Test\Ease\TWB5\ColTest" classname="Test.Ease.TWB5.ColTest" assertions="1" time="0.002491">
        <failure type="PHPUnit\Framework\ExpectationFailedException">Test\Ease\TWB5\ColTest::testDraw
Failed asserting that two strings are equal.
--- Expected
+++ Actual
@@ @@
-'&lt;div&gt;&lt;/div&gt;'
+'&lt;div class="col"&gt;&lt;/div&gt;'

/home/vitex/Projects/VitexSoftware/php-ease-twbootstrap5/vendor/vitexsoftware/ease-html/tests/src/Ease/Html/PairTagTest.php:97</failure>
      </testcase>
      <testcase name="testTagBegin" file="/home/vitex/Projects/VitexSoftware/php-ease-twbootstrap5/vendor/vitexsoftware/ease-html/tests/src/Ease/Html/PairTagTest.php" line="105" class="Test\Ease\TWB5\ColTest" classname="Test.Ease.TWB5.ColTest" assertions="1" time="0.000718"/>
      <testcase name="testTagEnclousure" file="/home/vitex/Projects/VitexSoftware/php-ease-twbootstrap5/vendor/vitexsoftware/ease-html/tests/src/Ease/Html/PairTagTest.php" line="125" class="Test\Ease\TWB5\ColTest" classname="Test.Ease.TWB5.ColTest" assertions="1" time="0.000707"/>
    </testsuite>
    <testsuite name="Test\Ease\TWB5\ContainerTest" file="/home/vitex/Projects/VitexSoftware/php-ease-twbootstrap5/tests/src/Ease/TWB5/ContainerTest.php" tests="66" assertions="95" errors="1" failures="2" skipped="0" time="0.064407">
      <testcase name="testgetObjectName" file="/home/vitex/Projects/VitexSoftware/php-ease-twbootstrap5/vendor/vitexsoftware/ease-core/tests/src/Ease/AtomTest.php" line="61" class="Test\Ease\TWB5\ContainerTest" classname="Test.Ease.TWB5.ContainerTest" assertions="1" time="0.001036"/>
      <testcase name="testDataReset" file="/home/vitex/Projects/VitexSoftware/php-ease-twbootstrap5/vendor/vitexsoftware/ease-core/tests/src/Ease/SandTest.php" line="53" class="Test\Ease\TWB5\ContainerTest" classname="Test.Ease.TWB5.ContainerTest" assertions="1" time="0.000815"/>
      <testcase name="testSetData" file="/home/vitex/Projects/VitexSoftware/php-ease-twbootstrap5/vendor/vitexsoftware/ease-core/tests/src/Ease/SandTest.php" line="62" class="Test\Ease\TWB5\ContainerTest" classname="Test.Ease.TWB5.ContainerTest" assertions="1" time="0.000823"/>
      <testcase name="testGetData" file="/home/vitex/Projects/VitexSoftware/php-ease-twbootstrap5/vendor/vitexsoftware/ease-core/tests/src/Ease/SandTest.php" line="74" class="Test\Ease\TWB5\ContainerTest" classname="Test.Ease.TWB5.ContainerTest" assertions="1" time="0.000860"/>
      <testcase name="testGetDataCount" file="/home/vitex/Projects/VitexSoftware/php-ease-twbootstrap5/vendor/vitexsoftware/ease-core/tests/src/Ease/SandTest.php" line="84" class="Test\Ease\TWB5\ContainerTest" classname="Test.Ease.TWB5.ContainerTest" assertions="1" time="0.000807"/>
      <testcase name="testGetDataValue" file="/home/vitex/Projects/VitexSoftware/php-ease-twbootstrap5/vendor/vitexsoftware/ease-core/tests/src/Ease/SandTest.php" line="95" class="Test\Ease\TWB5\ContainerTest" classname="Test.Ease.TWB5.ContainerTest" assertions="2" time="0.000811"/>
      <testcase name="testSetDataValue" file="/home/vitex/Projects/VitexSoftware/php-ease-twbootstrap5/vendor/vitexsoftware/ease-core/tests/src/Ease/SandTest.php" line="106" class="Test\Ease\TWB5\ContainerTest" classname="Test.Ease.TWB5.ContainerTest" assertions="1" time="0.000829"/>
      <testcase name="testUnsetDataValue" file="/home/vitex/Projects/VitexSoftware/php-ease-twbootstrap5/vendor/vitexsoftware/ease-core/tests/src/Ease/SandTest.php" line="115" class="Test\Ease\TWB5\ContainerTest" classname="Test.Ease.TWB5.ContainerTest" assertions="3" time="0.000828"/>
      <testcase name="testTakeData" file="/home/vitex/Projects/VitexSoftware/php-ease-twbootstrap5/vendor/vitexsoftware/ease-core/tests/src/Ease/SandTest.php" line="127" class="Test\Ease\TWB5\ContainerTest" classname="Test.Ease.TWB5.ContainerTest" assertions="2" time="0.000802"/>
      <testcase name="testAddItemCustom" file="/home/vitex/Projects/VitexSoftware/php-ease-twbootstrap5/vendor/vitexsoftware/ease-html/tests/src/Ease/ContainerTest.php" line="60" class="Test\Ease\TWB5\ContainerTest" classname="Test.Ease.TWB5.ContainerTest" assertions="2" time="0.000988"/>
      <testcase name="testAddAsFirst" file="/home/vitex/Projects/VitexSoftware/php-ease-twbootstrap5/vendor/vitexsoftware/ease-html/tests/src/Ease/ContainerTest.php" line="92" class="Test\Ease\TWB5\ContainerTest" classname="Test.Ease.TWB5.ContainerTest" assertions="1" time="0.000909"/>
      <testcase name="testSuicide" file="/home/vitex/Projects/VitexSoftware/php-ease-twbootstrap5/vendor/vitexsoftware/ease-html/tests/src/Ease/ContainerTest.php" line="108" class="Test\Ease\TWB5\ContainerTest" classname="Test.Ease.TWB5.ContainerTest" assertions="3" time="0.000832"/>
      <testcase name="testGetItemsCount" file="/home/vitex/Projects/VitexSoftware/php-ease-twbootstrap5/vendor/vitexsoftware/ease-html/tests/src/Ease/ContainerTest.php" line="120" class="Test\Ease\TWB5\ContainerTest" classname="Test.Ease.TWB5.ContainerTest" assertions="2" time="0.000982"/>
      <testcase name="testAddNextTo" file="/home/vitex/Projects/VitexSoftware/php-ease-twbootstrap5/vendor/vitexsoftware/ease-html/tests/src/Ease/ContainerTest.php" line="131" class="Test\Ease\TWB5\ContainerTest" classname="Test.Ease.TWB5.ContainerTest" assertions="1" time="0.001195"/>
      <testcase name="testLastItem" file="/home/vitex/Projects/VitexSoftware/php-ease-twbootstrap5/vendor/vitexsoftware/ease-html/tests/src/Ease/ContainerTest.php" line="141" class="Test\Ease\TWB5\ContainerTest" classname="Test.Ease.TWB5.ContainerTest" assertions="1" time="0.001042"/>
      <testcase name="testAddToLastItem" file="/home/vitex/Projects/VitexSoftware/php-ease-twbootstrap5/vendor/vitexsoftware/ease-html/tests/src/Ease/ContainerTest.php" line="152" class="Test\Ease\TWB5\ContainerTest" classname="Test.Ease.TWB5.ContainerTest" assertions="1" time="0.000934"/>
      <testcase name="testGetFirstPart" file="/home/vitex/Projects/VitexSoftware/php-ease-twbootstrap5/vendor/vitexsoftware/ease-html/tests/src/Ease/ContainerTest.php" line="166" class="Test\Ease\TWB5\ContainerTest" classname="Test.Ease.TWB5.ContainerTest" assertions="2" time="0.000989"/>
      <testcase name="testGetContents" file="/home/vitex/Projects/VitexSoftware/php-ease-twbootstrap5/vendor/vitexsoftware/ease-html/tests/src/Ease/ContainerTest.php" line="181" class="Test\Ease\TWB5\ContainerTest" classname="Test.Ease.TWB5.ContainerTest" assertions="1" time="0.000842"/>
      <testcase name="testAddItems" file="/home/vitex/Projects/VitexSoftware/php-ease-twbootstrap5/vendor/vitexsoftware/ease-html/tests/src/Ease/ContainerTest.php" line="190" class="Test\Ease\TWB5\ContainerTest" classname="Test.Ease.TWB5.ContainerTest" assertions="1" time="0.000906"/>
      <testcase name="testEmptyContents" file="/home/vitex/Projects/VitexSoftware/php-ease-twbootstrap5/vendor/vitexsoftware/ease-html/tests/src/Ease/ContainerTest.php" line="200" class="Test\Ease\TWB5\ContainerTest" classname="Test.Ease.TWB5.ContainerTest" assertions="1" time="0.000896"/>
      <testcase name="testDrawAllContents" file="/home/vitex/Projects/VitexSoftware/php-ease-twbootstrap5/vendor/vitexsoftware/ease-html/tests/src/Ease/ContainerTest.php" line="210" class="Test\Ease\TWB5\ContainerTest" classname="Test.Ease.TWB5.ContainerTest" assertions="1" time="0.000935"/>
      <testcase name="testGetRendered" file="/home/vitex/Projects/VitexSoftware/php-ease-twbootstrap5/vendor/vitexsoftware/ease-html/tests/src/Ease/ContainerTest.php" line="239" class="Test\Ease\TWB5\ContainerTest" classname="Test.Ease.TWB5.ContainerTest" assertions="1" time="0.001035"/>
      <testcase name="testDrawIfNotDrawn" file="/home/vitex/Projects/VitexSoftware/php-ease-twbootstrap5/vendor/vitexsoftware/ease-html/tests/src/Ease/ContainerTest.php" line="261" class="Test\Ease\TWB5\ContainerTest" classname="Test.Ease.TWB5.ContainerTest" assertions="1" time="0.003009">
        <failure type="PHPUnit\Framework\ExpectationFailedException">Test\Ease\TWB5\ContainerTest::testDrawIfNotDrawn
Failed asserting that two strings are equal.
--- Expected
+++ Actual
@@ @@
-'&lt;div&gt;&lt;/div&gt;'
+'&lt;div class="container"&gt;&lt;/div&gt;'

/home/vitex/Projects/VitexSoftware/php-ease-twbootstrap5/vendor/vitexsoftware/ease-html/tests/src/Ease/ContainerTest.php:266</failure>
      </testcase>
      <testcase name="testIsFinalized" file="/home/vitex/Projects/VitexSoftware/php-ease-twbootstrap5/vendor/vitexsoftware/ease-html/tests/src/Ease/ContainerTest.php" line="277" class="Test\Ease\TWB5\ContainerTest" classname="Test.Ease.TWB5.ContainerTest" assertions="2" time="0.000901"/>
      <testcase name="testSetFinalized" file="/home/vitex/Projects/VitexSoftware/php-ease-twbootstrap5/vendor/vitexsoftware/ease-html/tests/src/Ease/ContainerTest.php" line="287" class="Test\Ease\TWB5\ContainerTest" classname="Test.Ease.TWB5.ContainerTest" assertions="1" time="0.000847"/>
      <testcase name="testIsEmpty" file="/home/vitex/Projects/VitexSoftware/php-ease-twbootstrap5/vendor/vitexsoftware/ease-html/tests/src/Ease/ContainerTest.php" line="296" class="Test\Ease\TWB5\ContainerTest" classname="Test.Ease.TWB5.ContainerTest" assertions="2" time="0.000818"/>
      <testcase name="testToString" file="/home/vitex/Projects/VitexSoftware/php-ease-twbootstrap5/vendor/vitexsoftware/ease-html/tests/src/Ease/ContainerTest.php" line="341" class="Test\Ease\TWB5\ContainerTest" classname="Test.Ease.TWB5.ContainerTest" assertions="1" time="0.000903"/>
      <testcase name="testSingleton" file="/home/vitex/Projects/VitexSoftware/php-ease-twbootstrap5/vendor/vitexsoftware/ease-html/tests/src/Ease/DocumentTest.php" line="52" class="Test\Ease\TWB5\ContainerTest" classname="Test.Ease.TWB5.ContainerTest" assertions="1" time="0.000861"/>
      <testcase name="testAddJavaScript" file="/home/vitex/Projects/VitexSoftware/php-ease-twbootstrap5/vendor/vitexsoftware/ease-html/tests/src/Ease/DocumentTest.php" line="67" class="Test\Ease\TWB5\ContainerTest" classname="Test.Ease.TWB5.ContainerTest" assertions="2" time="0.001038"/>
      <testcase name="testIncludeJavaScript" file="/home/vitex/Projects/VitexSoftware/php-ease-twbootstrap5/vendor/vitexsoftware/ease-html/tests/src/Ease/DocumentTest.php" line="81" class="Test\Ease\TWB5\ContainerTest" classname="Test.Ease.TWB5.ContainerTest" assertions="2" time="0.000939"/>
      <testcase name="testAddCSS" file="/home/vitex/Projects/VitexSoftware/php-ease-twbootstrap5/vendor/vitexsoftware/ease-html/tests/src/Ease/DocumentTest.php" line="91" class="Test\Ease\TWB5\ContainerTest" classname="Test.Ease.TWB5.ContainerTest" assertions="1" time="0.000860"/>
      <testcase name="testIncludeCss" file="/home/vitex/Projects/VitexSoftware/php-ease-twbootstrap5/vendor/vitexsoftware/ease-html/tests/src/Ease/DocumentTest.php" line="100" class="Test\Ease\TWB5\ContainerTest" classname="Test.Ease.TWB5.ContainerTest" assertions="1" time="0.000811"/>
      <testcase name="testRedirect" file="/home/vitex/Projects/VitexSoftware/php-ease-twbootstrap5/vendor/vitexsoftware/ease-html/tests/src/Ease/DocumentTest.php" line="109" class="Test\Ease\TWB5\ContainerTest" classname="Test.Ease.TWB5.ContainerTest" assertions="2" time="0.000866"/>
      <testcase name="testGetUri" file="/home/vitex/Projects/VitexSoftware/php-ease-twbootstrap5/vendor/vitexsoftware/ease-html/tests/src/Ease/DocumentTest.php" line="120" class="Test\Ease\TWB5\ContainerTest" classname="Test.Ease.TWB5.ContainerTest" assertions="1" time="0.000792"/>
      <testcase name="testPhpSelf" file="/home/vitex/Projects/VitexSoftware/php-ease-twbootstrap5/vendor/vitexsoftware/ease-html/tests/src/Ease/DocumentTest.php" line="129" class="Test\Ease\TWB5\ContainerTest" classname="Test.Ease.TWB5.ContainerTest" assertions="1" time="0.000815"/>
      <testcase name="testOnlyForLogged" file="/home/vitex/Projects/VitexSoftware/php-ease-twbootstrap5/vendor/vitexsoftware/ease-html/tests/src/Ease/DocumentTest.php" line="138" class="Test\Ease\TWB5\ContainerTest" classname="Test.Ease.TWB5.ContainerTest" assertions="0" time="0.002139">
        <error type="Error">Test\Ease\TWB5\ContainerTest::testOnlyForLogged
Error: Class "User" not found

/home/vitex/Projects/VitexSoftware/php-ease-twbootstrap5/vendor/vitexsoftware/ease-core/src/Ease/Shared.php:318
/home/vitex/Projects/VitexSoftware/php-ease-twbootstrap5/vendor/vitexsoftware/ease-html/src/Ease/Document.php:222
/home/vitex/Projects/VitexSoftware/php-ease-twbootstrap5/vendor/vitexsoftware/ease-html/tests/src/Ease/DocumentTest.php:141</error>
      </testcase>
      <testcase name="testGetRequestValues" file="/home/vitex/Projects/VitexSoftware/php-ease-twbootstrap5/vendor/vitexsoftware/ease-html/tests/src/Ease/DocumentTest.php" line="151" class="Test\Ease\TWB5\ContainerTest" classname="Test.Ease.TWB5.ContainerTest" assertions="1" time="0.000827"/>
      <testcase name="testIsPosted" file="/home/vitex/Projects/VitexSoftware/php-ease-twbootstrap5/vendor/vitexsoftware/ease-html/tests/src/Ease/DocumentTest.php" line="163" class="Test\Ease\TWB5\ContainerTest" classname="Test.Ease.TWB5.ContainerTest" assertions="2" time="0.000797"/>
      <testcase name="testSanitizeAsType" file="/home/vitex/Projects/VitexSoftware/php-ease-twbootstrap5/vendor/vitexsoftware/ease-html/tests/src/Ease/DocumentTest.php" line="174" class="Test\Ease\TWB5\ContainerTest" classname="Test.Ease.TWB5.ContainerTest" assertions="8" time="0.000914"/>
      <testcase name="testGetRequestValue" file="/home/vitex/Projects/VitexSoftware/php-ease-twbootstrap5/vendor/vitexsoftware/ease-html/tests/src/Ease/DocumentTest.php" line="192" class="Test\Ease\TWB5\ContainerTest" classname="Test.Ease.TWB5.ContainerTest" assertions="1" time="0.000814"/>
      <testcase name="testGetGetValue" file="/home/vitex/Projects/VitexSoftware/php-ease-twbootstrap5/vendor/vitexsoftware/ease-html/tests/src/Ease/DocumentTest.php" line="201" class="Test\Ease\TWB5\ContainerTest" classname="Test.Ease.TWB5.ContainerTest" assertions="1" time="0.000832"/>
      <testcase name="testGetPostValue" file="/home/vitex/Projects/VitexSoftware/php-ease-twbootstrap5/vendor/vitexsoftware/ease-html/tests/src/Ease/DocumentTest.php" line="210" class="Test\Ease\TWB5\ContainerTest" classname="Test.Ease.TWB5.ContainerTest" assertions="1" time="0.000859"/>
      <testcase name="testIsFormPosted" file="/home/vitex/Projects/VitexSoftware/php-ease-twbootstrap5/vendor/vitexsoftware/ease-html/tests/src/Ease/DocumentTest.php" line="219" class="Test\Ease\TWB5\ContainerTest" classname="Test.Ease.TWB5.ContainerTest" assertions="2" time="0.000875"/>
      <testcase name="testArrayToUrlParams" file="/home/vitex/Projects/VitexSoftware/php-ease-twbootstrap5/vendor/vitexsoftware/ease-html/tests/src/Ease/DocumentTest.php" line="230" class="Test\Ease\TWB5\ContainerTest" classname="Test.Ease.TWB5.ContainerTest" assertions="2" time="0.000889"/>
      <testcase name="testAddItem" file="/home/vitex/Projects/VitexSoftware/php-ease-twbootstrap5/vendor/vitexsoftware/ease-html/tests/src/Ease/DocumentTest.php" line="251" class="Test\Ease\TWB5\ContainerTest" classname="Test.Ease.TWB5.ContainerTest" assertions="3" time="0.000885"/>
      <testcase name="testRegisterItem" file="/home/vitex/Projects/VitexSoftware/php-ease-twbootstrap5/vendor/vitexsoftware/ease-html/tests/src/Ease/DocumentTest.php" line="263" class="Test\Ease\TWB5\ContainerTest" classname="Test.Ease.TWB5.ContainerTest" assertions="1" time="0.000834"/>
      <testcase name="testSetObjectName" file="/home/vitex/Projects/VitexSoftware/php-ease-twbootstrap5/vendor/vitexsoftware/ease-html/tests/src/Ease/Html/TagTest.php" line="72" class="Test\Ease\TWB5\ContainerTest" classname="Test.Ease.TWB5.ContainerTest" assertions="2" time="0.000757"/>
      <testcase name="testSetTagName" file="/home/vitex/Projects/VitexSoftware/php-ease-twbootstrap5/vendor/vitexsoftware/ease-html/tests/src/Ease/Html/TagTest.php" line="101" class="Test\Ease\TWB5\ContainerTest" classname="Test.Ease.TWB5.ContainerTest" assertions="1" time="0.000800"/>
      <testcase name="testGetTagName" file="/home/vitex/Projects/VitexSoftware/php-ease-twbootstrap5/vendor/vitexsoftware/ease-html/tests/src/Ease/Html/TagTest.php" line="111" class="Test\Ease\TWB5\ContainerTest" classname="Test.Ease.TWB5.ContainerTest" assertions="2" time="0.000814"/>
      <testcase name="testSetTagType" file="/home/vitex/Projects/VitexSoftware/php-ease-twbootstrap5/vendor/vitexsoftware/ease-html/tests/src/Ease/Html/TagTest.php" line="122" class="Test\Ease\TWB5\ContainerTest" classname="Test.Ease.TWB5.ContainerTest" assertions="1" time="0.000823"/>
      <testcase name="testGetTagType" file="/home/vitex/Projects/VitexSoftware/php-ease-twbootstrap5/vendor/vitexsoftware/ease-html/tests/src/Ease/Html/TagTest.php" line="131" class="Test\Ease\TWB5\ContainerTest" classname="Test.Ease.TWB5.ContainerTest" assertions="1" time="0.000737"/>
      <testcase name="testSetTagClass" file="/home/vitex/Projects/VitexSoftware/php-ease-twbootstrap5/vendor/vitexsoftware/ease-html/tests/src/Ease/Html/TagTest.php" line="140" class="Test\Ease\TWB5\ContainerTest" classname="Test.Ease.TWB5.ContainerTest" assertions="1" time="0.000800"/>
      <testcase name="testAddTagClass" file="/home/vitex/Projects/VitexSoftware/php-ease-twbootstrap5/vendor/vitexsoftware/ease-html/tests/src/Ease/Html/TagTest.php" line="149" class="Test\Ease\TWB5\ContainerTest" classname="Test.Ease.TWB5.ContainerTest" assertions="1" time="0.000805"/>
      <testcase name="testGetTagClass" file="/home/vitex/Projects/VitexSoftware/php-ease-twbootstrap5/vendor/vitexsoftware/ease-html/tests/src/Ease/Html/TagTest.php" line="159" class="Test\Ease\TWB5\ContainerTest" classname="Test.Ease.TWB5.ContainerTest" assertions="1" time="0.000825"/>
      <testcase name="testSetTagID" file="/home/vitex/Projects/VitexSoftware/php-ease-twbootstrap5/vendor/vitexsoftware/ease-html/tests/src/Ease/Html/TagTest.php" line="168" class="Test\Ease\TWB5\ContainerTest" classname="Test.Ease.TWB5.ContainerTest" assertions="2" time="0.001032"/>
      <testcase name="testGetTagID" file="/home/vitex/Projects/VitexSoftware/php-ease-twbootstrap5/vendor/vitexsoftware/ease-html/tests/src/Ease/Html/TagTest.php" line="179" class="Test\Ease\TWB5\ContainerTest" classname="Test.Ease.TWB5.ContainerTest" assertions="1" time="0.001258"/>
      <testcase name="testGetTagProperty" file="/home/vitex/Projects/VitexSoftware/php-ease-twbootstrap5/vendor/vitexsoftware/ease-html/tests/src/Ease/Html/TagTest.php" line="188" class="Test\Ease\TWB5\ContainerTest" classname="Test.Ease.TWB5.ContainerTest" assertions="1" time="0.000960"/>
      <testcase name="testSetTagProperties" file="/home/vitex/Projects/VitexSoftware/php-ease-twbootstrap5/vendor/vitexsoftware/ease-html/tests/src/Ease/Html/TagTest.php" line="197" class="Test\Ease\TWB5\ContainerTest" classname="Test.Ease.TWB5.ContainerTest" assertions="2" time="0.000897"/>
      <testcase name="testTagPropertiesToString" file="/home/vitex/Projects/VitexSoftware/php-ease-twbootstrap5/vendor/vitexsoftware/ease-html/tests/src/Ease/Html/TagTest.php" line="208" class="Test\Ease\TWB5\ContainerTest" classname="Test.Ease.TWB5.ContainerTest" assertions="1" time="0.000910"/>
      <testcase name="testSetTagCss" file="/home/vitex/Projects/VitexSoftware/php-ease-twbootstrap5/vendor/vitexsoftware/ease-html/tests/src/Ease/Html/TagTest.php" line="218" class="Test\Ease\TWB5\ContainerTest" classname="Test.Ease.TWB5.ContainerTest" assertions="1" time="0.000908"/>
      <testcase name="testCssPropertiesToString" file="/home/vitex/Projects/VitexSoftware/php-ease-twbootstrap5/vendor/vitexsoftware/ease-html/tests/src/Ease/Html/TagTest.php" line="230" class="Test\Ease\TWB5\ContainerTest" classname="Test.Ease.TWB5.ContainerTest" assertions="1" time="0.000854"/>
      <testcase name="testFinalize" file="/home/vitex/Projects/VitexSoftware/php-ease-twbootstrap5/vendor/vitexsoftware/ease-html/tests/src/Ease/Html/TagTest.php" line="268" class="Test\Ease\TWB5\ContainerTest" classname="Test.Ease.TWB5.ContainerTest" assertions="1" time="0.000803"/>
      <testcase name="testConstructor" file="/home/vitex/Projects/VitexSoftware/php-ease-twbootstrap5/vendor/vitexsoftware/ease-html/tests/src/Ease/Html/PairTagTest.php" line="52" class="Test\Ease\TWB5\ContainerTest" classname="Test.Ease.TWB5.ContainerTest" assertions="1" time="0.001375"/>
      <testcase name="testDraw" file="/home/vitex/Projects/VitexSoftware/php-ease-twbootstrap5/vendor/vitexsoftware/ease-html/tests/src/Ease/Html/PairTagTest.php" line="77" class="Test\Ease\TWB5\ContainerTest" classname="Test.Ease.TWB5.ContainerTest" assertions="1" time="0.003060">
        <failure type="PHPUnit\Framework\ExpectationFailedException">Test\Ease\TWB5\ContainerTest::testDraw
Failed asserting that two strings are equal.
--- Expected
+++ Actual
@@ @@
-'&lt;div&gt;&lt;/div&gt;'
+'&lt;div class="container"&gt;&lt;/div&gt;'

/home/vitex/Projects/VitexSoftware/php-ease-twbootstrap5/vendor/vitexsoftware/ease-html/tests/src/Ease/Html/PairTagTest.php:97</failure>
      </testcase>
      <testcase name="testTagBegin" file="/home/vitex/Projects/VitexSoftware/php-ease-twbootstrap5/vendor/vitexsoftware/ease-html/tests/src/Ease/Html/PairTagTest.php" line="105" class="Test\Ease\TWB5\ContainerTest" classname="Test.Ease.TWB5.ContainerTest" assertions="1" time="0.000917"/>
      <testcase name="testTagEnclousure" file="/home/vitex/Projects/VitexSoftware/php-ease-twbootstrap5/vendor/vitexsoftware/ease-html/tests/src/Ease/Html/PairTagTest.php" line="125" class="Test\Ease\TWB5\ContainerTest" classname="Test.Ease.TWB5.ContainerTest" assertions="1" time="0.000850"/>
    </testsuite>
    <testsuite name="Test\Ease\TWB5\NavItemDropDownTest" file="/home/vitex/Projects/VitexSoftware/php-ease-twbootstrap5/tests/src/Ease/TWB5/NavItemDropDownTest.php" tests="3" assertions="0" errors="3" failures="0" skipped="0" time="0.000000">
      <testcase name="testhandle" file="/home/vitex/Projects/VitexSoftware/php-ease-twbootstrap5/tests/src/Ease/TWB5/NavItemDropDownTest.php" line="52" class="Test\Ease\TWB5\NavItemDropDownTest" classname="Test.Ease.TWB5.NavItemDropDownTest" assertions="0" time="0.000000">
        <error type="ArgumentCountError">Test\Ease\TWB5\NavItemDropDownTest::testhandle
ArgumentCountError: Too few arguments to function Ease\TWB5\NavItemDropDown::__construct(), 0 passed in /home/vitex/Projects/VitexSoftware/php-ease-twbootstrap5/tests/src/Ease/TWB5/NavItemDropDownTest.php on line 36 and at least 1 expected

/home/vitex/Projects/VitexSoftware/php-ease-twbootstrap5/src/Ease/TWB5/NavItemDropDown.php:33
/home/vitex/Projects/VitexSoftware/php-ease-twbootstrap5/tests/src/Ease/TWB5/NavItemDropDownTest.php:36</error>
      </testcase>
      <testcase name="testaddDropdownItem" file="/home/vitex/Projects/VitexSoftware/php-ease-twbootstrap5/tests/src/Ease/TWB5/NavItemDropDownTest.php" line="64" class="Test\Ease\TWB5\NavItemDropDownTest" classname="Test.Ease.TWB5.NavItemDropDownTest" assertions="0" time="0.000000">
        <error type="ArgumentCountError">Test\Ease\TWB5\NavItemDropDownTest::testaddDropdownItem
ArgumentCountError: Too few arguments to function Ease\TWB5\NavItemDropDown::__construct(), 0 passed in /home/vitex/Projects/VitexSoftware/php-ease-twbootstrap5/tests/src/Ease/TWB5/NavItemDropDownTest.php on line 36 and at least 1 expected

/home/vitex/Projects/VitexSoftware/php-ease-twbootstrap5/src/Ease/TWB5/NavItemDropDown.php:33
/home/vitex/Projects/VitexSoftware/php-ease-twbootstrap5/tests/src/Ease/TWB5/NavItemDropDownTest.php:36</error>
      </testcase>
      <testcase name="testfinalize" file="/home/vitex/Projects/VitexSoftware/php-ease-twbootstrap5/tests/src/Ease/TWB5/NavItemDropDownTest.php" line="76" class="Test\Ease\TWB5\NavItemDropDownTest" classname="Test.Ease.TWB5.NavItemDropDownTest" assertions="0" time="0.000000">
        <error type="ArgumentCountError">Test\Ease\TWB5\NavItemDropDownTest::testfinalize
ArgumentCountError: Too few arguments to function Ease\TWB5\NavItemDropDown::__construct(), 0 passed in /home/vitex/Projects/VitexSoftware/php-ease-twbootstrap5/tests/src/Ease/TWB5/NavItemDropDownTest.php on line 36 and at least 1 expected

/home/vitex/Projects/VitexSoftware/php-ease-twbootstrap5/src/Ease/TWB5/NavItemDropDown.php:33
/home/vitex/Projects/VitexSoftware/php-ease-twbootstrap5/tests/src/Ease/TWB5/NavItemDropDownTest.php:36</error>
      </testcase>
    </testsuite>
    <testsuite name="Test\Ease\TWB5\NavbarTest" file="/home/vitex/Projects/VitexSoftware/php-ease-twbootstrap5/tests/src/Ease/TWB5/NavbarTest.php" tests="5" assertions="4" errors="1" failures="3" skipped="1" time="0.020995">
      <testcase name="testaddMenuItem" file="/home/vitex/Projects/VitexSoftware/php-ease-twbootstrap5/tests/src/Ease/TWB5/NavbarTest.php" line="50" class="Test\Ease\TWB5\NavbarTest" classname="Test.Ease.TWB5.NavbarTest" assertions="1" time="0.006415">
        <failure type="PHPUnit\Framework\ExpectationFailedException">Test\Ease\TWB5\NavbarTest::testaddMenuItem
Failed asserting that Ease\Html\LiTag Object #194 (
    'debug' =&gt; false,
    'objectName' =&gt; 'Ease\Html\LiTag@li',
    'langCode' =&gt; null,
    'data' =&gt; null,
    'parentObject' =&gt; Ease\Html\UlTag Object #6940 (
        'debug' =&gt; false,
        'objectName' =&gt; 'Ease\Html\UlTag@ul',
        'langCode' =&gt; null,
        'data' =&gt; null,
        'parentObject' =&gt; null,
        'logger' =&gt; null,
        'pageParts' =&gt; Array &amp;0 [
            0 =&gt; Ease\Html\LiTag Object #194,
        ],
        'drawStatus' =&gt; false,
        'finalized' =&gt; false,
        'embedName' =&gt; null,
        'raiseItems' =&gt; Array &amp;1 [
            'SetUpUser' =&gt; 'User',
            0 =&gt; 'webPage',
            1 =&gt; 'OutputFormat',
        ],
        'tagName' =&gt; '',
        'tagProperties' =&gt; Array &amp;2 [
            'class' =&gt; 'navbar-nav ms-auto flex-nowrap navbar-expand mb-2 mb-lg-0',
            'style' =&gt; '--bs-scroll-height: 100px;',
        ],
        'cssProperties' =&gt; Array &amp;3 [],
        'logType' =&gt; 'none',
        'trail' =&gt; '',
        'setName' =&gt; false,
        'tagType' =&gt; 'ul',
    ),
    'logger' =&gt; null,
    'pageParts' =&gt; Array &amp;4 [
        0 =&gt; 'b',
    ],
    'drawStatus' =&gt; true,
    'finalized' =&gt; true,
    'embedName' =&gt; '0',
    'raiseItems' =&gt; Array &amp;5 [
        'SetUpUser' =&gt; 'User',
        0 =&gt; 'webPage',
        1 =&gt; 'OutputFormat',
    ],
    'tagName' =&gt; '',
    'tagProperties' =&gt; Array &amp;6 [
        'class' =&gt; 'nav-item',
    ],
    'cssProperties' =&gt; Array &amp;7 [],
    'logType' =&gt; 'none',
    'trail' =&gt; '',
    'setName' =&gt; false,
    'tagType' =&gt; 'li',
) matches expected ''.

/home/vitex/Projects/VitexSoftware/php-ease-twbootstrap5/tests/src/Ease/TWB5/NavbarTest.php:52</failure>
      </testcase>
      <testcase name="testaddDropDownMenu" file="/home/vitex/Projects/VitexSoftware/php-ease-twbootstrap5/tests/src/Ease/TWB5/NavbarTest.php" line="62" class="Test\Ease\TWB5\NavbarTest" classname="Test.Ease.TWB5.NavbarTest" assertions="0" time="0.002373">
        <error type="ArgumentCountError">Test\Ease\TWB5\NavbarTest::testaddDropDownMenu
ArgumentCountError: Too few arguments to function Ease\TWB5\Navbar::addDropDownMenu(), 0 passed in /home/vitex/Projects/VitexSoftware/php-ease-twbootstrap5/tests/src/Ease/TWB5/NavbarTest.php on line 64 and at least 2 expected

/home/vitex/Projects/VitexSoftware/php-ease-twbootstrap5/src/Ease/TWB5/Navbar.php:124
/home/vitex/Projects/VitexSoftware/php-ease-twbootstrap5/tests/src/Ease/TWB5/NavbarTest.php:64</error>
      </testcase>
      <testcase name="testnavbarCollapse" file="/home/vitex/Projects/VitexSoftware/php-ease-twbootstrap5/tests/src/Ease/TWB5/NavbarTest.php" line="74" class="Test\Ease\TWB5\NavbarTest" classname="Test.Ease.TWB5.NavbarTest" assertions="1" time="0.005216">
        <failure type="PHPUnit\Framework\ExpectationFailedException">Test\Ease\TWB5\NavbarTest::testnavbarCollapse
Failed asserting that Ease\Html\DivTag Object #3902 (
    'debug' =&gt; false,
    'objectName' =&gt; 'Ease\Html\DivTag@div',
    'langCode' =&gt; null,
    'data' =&gt; null,
    'parentObject' =&gt; null,
    'logger' =&gt; null,
    'pageParts' =&gt; Array &amp;0 [
        0 =&gt; Ease\Html\UlTag Object #4487 (
            'debug' =&gt; false,
            'objectName' =&gt; 'Ease\Html\UlTag@ul',
            'langCode' =&gt; null,
            'data' =&gt; null,
            'parentObject' =&gt; Ease\Html\DivTag Object #3902,
            'logger' =&gt; null,
            'pageParts' =&gt; Array &amp;1 [],
            'drawStatus' =&gt; true,
            'finalized' =&gt; true,
            'embedName' =&gt; '0',
            'raiseItems' =&gt; Array &amp;2 [
                'SetUpUser' =&gt; 'User',
                0 =&gt; 'webPage',
                1 =&gt; 'OutputFormat',
            ],
            'tagName' =&gt; '',
            'tagProperties' =&gt; Array &amp;3 [
                'class' =&gt; 'navbar-nav ms-auto flex-nowrap navbar-expand mb-2 mb-lg-0',
                'style' =&gt; '--bs-scroll-height: 100px;',
            ],
            'cssProperties' =&gt; Array &amp;4 [],
            'logType' =&gt; 'none',
            'trail' =&gt; '',
            'setName' =&gt; false,
            'tagType' =&gt; 'ul',
        ),
    ],
    'drawStatus' =&gt; true,
    'finalized' =&gt; true,
    'embedName' =&gt; null,
    'raiseItems' =&gt; Array &amp;5 [
        'SetUpUser' =&gt; 'User',
        0 =&gt; 'webPage',
        1 =&gt; 'OutputFormat',
    ],
    'tagName' =&gt; '',
    'tagProperties' =&gt; Array &amp;6 [
        'class' =&gt; 'collapse navbar-collapse',
        'id' =&gt; 'navbar',
    ],
    'cssProperties' =&gt; Array &amp;7 [],
    'logType' =&gt; 'none',
    'trail' =&gt; '',
    'setName' =&gt; false,
    'tagType' =&gt; 'div',
) matches expected ''.

/home/vitex/Projects/VitexSoftware/php-ease-twbootstrap5/tests/src/Ease/TWB5/NavbarTest.php:76</failure>
      </testcase>
      <testcase name="testfinalize" file="/home/vitex/Projects/VitexSoftware/php-ease-twbootstrap5/tests/src/Ease/TWB5/NavbarTest.php" line="86" class="Test\Ease\TWB5\NavbarTest" classname="Test.Ease.TWB5.NavbarTest" assertions="1" time="0.002068">
        <skipped/>
      </testcase>
      <testcase name="testnavBarToggler" file="/home/vitex/Projects/VitexSoftware/php-ease-twbootstrap5/tests/src/Ease/TWB5/NavbarTest.php" line="98" class="Test\Ease\TWB5\NavbarTest" classname="Test.Ease.TWB5.NavbarTest" assertions="1" time="0.004923">
        <failure type="PHPUnit\Framework\ExpectationFailedException">Test\Ease\TWB5\NavbarTest::testnavBarToggler
Failed asserting that Ease\Html\ButtonTag Object #6944 (
    'debug' =&gt; false,
    'objectName' =&gt; 'Ease\Html\ButtonTag@button',
    'langCode' =&gt; null,
    'data' =&gt; null,
    'parentObject' =&gt; null,
    'logger' =&gt; null,
    'pageParts' =&gt; Array &amp;0 [
        0 =&gt; Ease\Html\SpanTag Object #6839 (
            'debug' =&gt; false,
            'objectName' =&gt; 'Ease\Html\SpanTag@span',
            'langCode' =&gt; null,
            'data' =&gt; null,
            'parentObject' =&gt; Ease\Html\ButtonTag Object #6944,
            'logger' =&gt; null,
            'pageParts' =&gt; Array &amp;1 [],
            'drawStatus' =&gt; true,
            'finalized' =&gt; true,
            'embedName' =&gt; '0',
            'raiseItems' =&gt; Array &amp;2 [
                'SetUpUser' =&gt; 'User',
                0 =&gt; 'webPage',
                1 =&gt; 'OutputFormat',
            ],
            'tagName' =&gt; '',
            'tagProperties' =&gt; Array &amp;3 [
                'class' =&gt; 'navbar-toggler-icon',
            ],
            'cssProperties' =&gt; Array &amp;4 [],
            'logType' =&gt; 'none',
            'trail' =&gt; '',
            'setName' =&gt; false,
            'tagType' =&gt; 'span',
        ),
    ],
    'drawStatus' =&gt; true,
    'finalized' =&gt; true,
    'embedName' =&gt; null,
    'raiseItems' =&gt; Array &amp;5 [
        'SetUpUser' =&gt; 'User',
        0 =&gt; 'webPage',
        1 =&gt; 'OutputFormat',
    ],
    'tagName' =&gt; '',
    'tagProperties' =&gt; Array &amp;6 [
        'class' =&gt; 'navbar-toggler',
        'type' =&gt; 'button',
        'data-bs-toggle' =&gt; 'dropdown',
        'data-bs-target' =&gt; '#navbar',
        'aria-controls' =&gt; 'navbar',
        'aria-expanded' =&gt; 'false',
        'aria-label' =&gt; 'Toggle navigation',
    ],
    'cssProperties' =&gt; Array &amp;7 [],
    'logType' =&gt; 'none',
    'trail' =&gt; '',
    'setName' =&gt; false,
    'tagType' =&gt; 'button',
) matches expected ''.

/home/vitex/Projects/VitexSoftware/php-ease-twbootstrap5/tests/src/Ease/TWB5/NavbarTest.php:100</failure>
      </testcase>
    </testsuite>
    <testsuite name="Test\Ease\TWB5\PanelTest" file="/home/vitex/Projects/VitexSoftware/php-ease-twbootstrap5/tests/src/Ease/TWB5/PanelTest.php" tests="66" assertions="0" errors="65" failures="0" skipped="1" time="0.000000">
      <testcase name="testgetObjectName" file="/home/vitex/Projects/VitexSoftware/php-ease-twbootstrap5/vendor/vitexsoftware/ease-core/tests/src/Ease/AtomTest.php" line="61" class="Test\Ease\TWB5\PanelTest" classname="Test.Ease.TWB5.PanelTest" assertions="0" time="0.000000">
        <error type="TypeError">Test\Ease\TWB5\PanelTest::testgetObjectName
TypeError: Ease\TWB5\Card::__construct(): Argument #2 ($properties) must be of type array, null given, called in /home/vitex/Projects/VitexSoftware/php-ease-twbootstrap5/src/Ease/TWB5/Panel.php on line 64

/home/vitex/Projects/VitexSoftware/php-ease-twbootstrap5/src/Ease/TWB5/Card.php:33
/home/vitex/Projects/VitexSoftware/php-ease-twbootstrap5/src/Ease/TWB5/Panel.php:64
/home/vitex/Projects/VitexSoftware/php-ease-twbootstrap5/tests/src/Ease/TWB5/PanelTest.php:36</error>
      </testcase>
      <testcase name="testDataReset" file="/home/vitex/Projects/VitexSoftware/php-ease-twbootstrap5/vendor/vitexsoftware/ease-core/tests/src/Ease/SandTest.php" line="53" class="Test\Ease\TWB5\PanelTest" classname="Test.Ease.TWB5.PanelTest" assertions="0" time="0.000000">
        <error type="TypeError">Test\Ease\TWB5\PanelTest::testDataReset
TypeError: Ease\TWB5\Card::__construct(): Argument #2 ($properties) must be of type array, null given, called in /home/vitex/Projects/VitexSoftware/php-ease-twbootstrap5/src/Ease/TWB5/Panel.php on line 64

/home/vitex/Projects/VitexSoftware/php-ease-twbootstrap5/src/Ease/TWB5/Card.php:33
/home/vitex/Projects/VitexSoftware/php-ease-twbootstrap5/src/Ease/TWB5/Panel.php:64
/home/vitex/Projects/VitexSoftware/php-ease-twbootstrap5/tests/src/Ease/TWB5/PanelTest.php:36</error>
      </testcase>
      <testcase name="testSetData" file="/home/vitex/Projects/VitexSoftware/php-ease-twbootstrap5/vendor/vitexsoftware/ease-core/tests/src/Ease/SandTest.php" line="62" class="Test\Ease\TWB5\PanelTest" classname="Test.Ease.TWB5.PanelTest" assertions="0" time="0.000000">
        <error type="TypeError">Test\Ease\TWB5\PanelTest::testSetData
TypeError: Ease\TWB5\Card::__construct(): Argument #2 ($properties) must be of type array, null given, called in /home/vitex/Projects/VitexSoftware/php-ease-twbootstrap5/src/Ease/TWB5/Panel.php on line 64

/home/vitex/Projects/VitexSoftware/php-ease-twbootstrap5/src/Ease/TWB5/Card.php:33
/home/vitex/Projects/VitexSoftware/php-ease-twbootstrap5/src/Ease/TWB5/Panel.php:64
/home/vitex/Projects/VitexSoftware/php-ease-twbootstrap5/tests/src/Ease/TWB5/PanelTest.php:36</error>
      </testcase>
      <testcase name="testGetData" file="/home/vitex/Projects/VitexSoftware/php-ease-twbootstrap5/vendor/vitexsoftware/ease-core/tests/src/Ease/SandTest.php" line="74" class="Test\Ease\TWB5\PanelTest" classname="Test.Ease.TWB5.PanelTest" assertions="0" time="0.000000">
        <skipped/>
      </testcase>
      <testcase name="testGetDataCount" file="/home/vitex/Projects/VitexSoftware/php-ease-twbootstrap5/vendor/vitexsoftware/ease-core/tests/src/Ease/SandTest.php" line="84" class="Test\Ease\TWB5\PanelTest" classname="Test.Ease.TWB5.PanelTest" assertions="0" time="0.000000">
        <error type="TypeError">Test\Ease\TWB5\PanelTest::testGetDataCount
TypeError: Ease\TWB5\Card::__construct(): Argument #2 ($properties) must be of type array, null given, called in /home/vitex/Projects/VitexSoftware/php-ease-twbootstrap5/src/Ease/TWB5/Panel.php on line 64

/home/vitex/Projects/VitexSoftware/php-ease-twbootstrap5/src/Ease/TWB5/Card.php:33
/home/vitex/Projects/VitexSoftware/php-ease-twbootstrap5/src/Ease/TWB5/Panel.php:64
/home/vitex/Projects/VitexSoftware/php-ease-twbootstrap5/tests/src/Ease/TWB5/PanelTest.php:36</error>
      </testcase>
      <testcase name="testGetDataValue" file="/home/vitex/Projects/VitexSoftware/php-ease-twbootstrap5/vendor/vitexsoftware/ease-core/tests/src/Ease/SandTest.php" line="95" class="Test\Ease\TWB5\PanelTest" classname="Test.Ease.TWB5.PanelTest" assertions="0" time="0.000000">
        <error type="TypeError">Test\Ease\TWB5\PanelTest::testGetDataValue
TypeError: Ease\TWB5\Card::__construct(): Argument #2 ($properties) must be of type array, null given, called in /home/vitex/Projects/VitexSoftware/php-ease-twbootstrap5/src/Ease/TWB5/Panel.php on line 64

/home/vitex/Projects/VitexSoftware/php-ease-twbootstrap5/src/Ease/TWB5/Card.php:33
/home/vitex/Projects/VitexSoftware/php-ease-twbootstrap5/src/Ease/TWB5/Panel.php:64
/home/vitex/Projects/VitexSoftware/php-ease-twbootstrap5/tests/src/Ease/TWB5/PanelTest.php:36</error>
      </testcase>
      <testcase name="testSetDataValue" file="/home/vitex/Projects/VitexSoftware/php-ease-twbootstrap5/vendor/vitexsoftware/ease-core/tests/src/Ease/SandTest.php" line="106" class="Test\Ease\TWB5\PanelTest" classname="Test.Ease.TWB5.PanelTest" assertions="0" time="0.000000">
        <error type="TypeError">Test\Ease\TWB5\PanelTest::testSetDataValue
TypeError: Ease\TWB5\Card::__construct(): Argument #2 ($properties) must be of type array, null given, called in /home/vitex/Projects/VitexSoftware/php-ease-twbootstrap5/src/Ease/TWB5/Panel.php on line 64

/home/vitex/Projects/VitexSoftware/php-ease-twbootstrap5/src/Ease/TWB5/Card.php:33
/home/vitex/Projects/VitexSoftware/php-ease-twbootstrap5/src/Ease/TWB5/Panel.php:64
/home/vitex/Projects/VitexSoftware/php-ease-twbootstrap5/tests/src/Ease/TWB5/PanelTest.php:36</error>
      </testcase>
      <testcase name="testUnsetDataValue" file="/home/vitex/Projects/VitexSoftware/php-ease-twbootstrap5/vendor/vitexsoftware/ease-core/tests/src/Ease/SandTest.php" line="115" class="Test\Ease\TWB5\PanelTest" classname="Test.Ease.TWB5.PanelTest" assertions="0" time="0.000000">
        <error type="TypeError">Test\Ease\TWB5\PanelTest::testUnsetDataValue
TypeError: Ease\TWB5\Card::__construct(): Argument #2 ($properties) must be of type array, null given, called in /home/vitex/Projects/VitexSoftware/php-ease-twbootstrap5/src/Ease/TWB5/Panel.php on line 64

/home/vitex/Projects/VitexSoftware/php-ease-twbootstrap5/src/Ease/TWB5/Card.php:33
/home/vitex/Projects/VitexSoftware/php-ease-twbootstrap5/src/Ease/TWB5/Panel.php:64
/home/vitex/Projects/VitexSoftware/php-ease-twbootstrap5/tests/src/Ease/TWB5/PanelTest.php:36</error>
      </testcase>
      <testcase name="testTakeData" file="/home/vitex/Projects/VitexSoftware/php-ease-twbootstrap5/vendor/vitexsoftware/ease-core/tests/src/Ease/SandTest.php" line="127" class="Test\Ease\TWB5\PanelTest" classname="Test.Ease.TWB5.PanelTest" assertions="0" time="0.000000">
        <error type="TypeError">Test\Ease\TWB5\PanelTest::testTakeData
TypeError: Ease\TWB5\Card::__construct(): Argument #2 ($properties) must be of type array, null given, called in /home/vitex/Projects/VitexSoftware/php-ease-twbootstrap5/src/Ease/TWB5/Panel.php on line 64

/home/vitex/Projects/VitexSoftware/php-ease-twbootstrap5/src/Ease/TWB5/Card.php:33
/home/vitex/Projects/VitexSoftware/php-ease-twbootstrap5/src/Ease/TWB5/Panel.php:64
/home/vitex/Projects/VitexSoftware/php-ease-twbootstrap5/tests/src/Ease/TWB5/PanelTest.php:36</error>
      </testcase>
      <testcase name="testAddItemCustom" file="/home/vitex/Projects/VitexSoftware/php-ease-twbootstrap5/vendor/vitexsoftware/ease-html/tests/src/Ease/ContainerTest.php" line="60" class="Test\Ease\TWB5\PanelTest" classname="Test.Ease.TWB5.PanelTest" assertions="0" time="0.000000">
        <error type="TypeError">Test\Ease\TWB5\PanelTest::testAddItemCustom
TypeError: Ease\TWB5\Card::__construct(): Argument #2 ($properties) must be of type array, null given, called in /home/vitex/Projects/VitexSoftware/php-ease-twbootstrap5/src/Ease/TWB5/Panel.php on line 64

/home/vitex/Projects/VitexSoftware/php-ease-twbootstrap5/src/Ease/TWB5/Card.php:33
/home/vitex/Projects/VitexSoftware/php-ease-twbootstrap5/src/Ease/TWB5/Panel.php:64
/home/vitex/Projects/VitexSoftware/php-ease-twbootstrap5/tests/src/Ease/TWB5/PanelTest.php:36</error>
      </testcase>
      <testcase name="testAddAsFirst" file="/home/vitex/Projects/VitexSoftware/php-ease-twbootstrap5/vendor/vitexsoftware/ease-html/tests/src/Ease/ContainerTest.php" line="92" class="Test\Ease\TWB5\PanelTest" classname="Test.Ease.TWB5.PanelTest" assertions="0" time="0.000000">
        <error type="TypeError">Test\Ease\TWB5\PanelTest::testAddAsFirst
TypeError: Ease\TWB5\Card::__construct(): Argument #2 ($properties) must be of type array, null given, called in /home/vitex/Projects/VitexSoftware/php-ease-twbootstrap5/src/Ease/TWB5/Panel.php on line 64

/home/vitex/Projects/VitexSoftware/php-ease-twbootstrap5/src/Ease/TWB5/Card.php:33
/home/vitex/Projects/VitexSoftware/php-ease-twbootstrap5/src/Ease/TWB5/Panel.php:64
/home/vitex/Projects/VitexSoftware/php-ease-twbootstrap5/tests/src/Ease/TWB5/PanelTest.php:36</error>
      </testcase>
      <testcase name="testSuicide" file="/home/vitex/Projects/VitexSoftware/php-ease-twbootstrap5/vendor/vitexsoftware/ease-html/tests/src/Ease/ContainerTest.php" line="108" class="Test\Ease\TWB5\PanelTest" classname="Test.Ease.TWB5.PanelTest" assertions="0" time="0.000000">
        <error type="TypeError">Test\Ease\TWB5\PanelTest::testSuicide
TypeError: Ease\TWB5\Card::__construct(): Argument #2 ($properties) must be of type array, null given, called in /home/vitex/Projects/VitexSoftware/php-ease-twbootstrap5/src/Ease/TWB5/Panel.php on line 64

/home/vitex/Projects/VitexSoftware/php-ease-twbootstrap5/src/Ease/TWB5/Card.php:33
/home/vitex/Projects/VitexSoftware/php-ease-twbootstrap5/src/Ease/TWB5/Panel.php:64
/home/vitex/Projects/VitexSoftware/php-ease-twbootstrap5/tests/src/Ease/TWB5/PanelTest.php:36</error>
      </testcase>
      <testcase name="testGetItemsCount" file="/home/vitex/Projects/VitexSoftware/php-ease-twbootstrap5/vendor/vitexsoftware/ease-html/tests/src/Ease/ContainerTest.php" line="120" class="Test\Ease\TWB5\PanelTest" classname="Test.Ease.TWB5.PanelTest" assertions="0" time="0.000000">
        <error type="TypeError">Test\Ease\TWB5\PanelTest::testGetItemsCount
TypeError: Ease\TWB5\Card::__construct(): Argument #2 ($properties) must be of type array, null given, called in /home/vitex/Projects/VitexSoftware/php-ease-twbootstrap5/src/Ease/TWB5/Panel.php on line 64

/home/vitex/Projects/VitexSoftware/php-ease-twbootstrap5/src/Ease/TWB5/Card.php:33
/home/vitex/Projects/VitexSoftware/php-ease-twbootstrap5/src/Ease/TWB5/Panel.php:64
/home/vitex/Projects/VitexSoftware/php-ease-twbootstrap5/tests/src/Ease/TWB5/PanelTest.php:36</error>
      </testcase>
      <testcase name="testAddNextTo" file="/home/vitex/Projects/VitexSoftware/php-ease-twbootstrap5/vendor/vitexsoftware/ease-html/tests/src/Ease/ContainerTest.php" line="131" class="Test\Ease\TWB5\PanelTest" classname="Test.Ease.TWB5.PanelTest" assertions="0" time="0.000000">
        <error type="TypeError">Test\Ease\TWB5\PanelTest::testAddNextTo
TypeError: Ease\TWB5\Card::__construct(): Argument #2 ($properties) must be of type array, null given, called in /home/vitex/Projects/VitexSoftware/php-ease-twbootstrap5/src/Ease/TWB5/Panel.php on line 64

/home/vitex/Projects/VitexSoftware/php-ease-twbootstrap5/src/Ease/TWB5/Card.php:33
/home/vitex/Projects/VitexSoftware/php-ease-twbootstrap5/src/Ease/TWB5/Panel.php:64
/home/vitex/Projects/VitexSoftware/php-ease-twbootstrap5/tests/src/Ease/TWB5/PanelTest.php:36</error>
      </testcase>
      <testcase name="testLastItem" file="/home/vitex/Projects/VitexSoftware/php-ease-twbootstrap5/vendor/vitexsoftware/ease-html/tests/src/Ease/ContainerTest.php" line="141" class="Test\Ease\TWB5\PanelTest" classname="Test.Ease.TWB5.PanelTest" assertions="0" time="0.000000">
        <error type="TypeError">Test\Ease\TWB5\PanelTest::testLastItem
TypeError: Ease\TWB5\Card::__construct(): Argument #2 ($properties) must be of type array, null given, called in /home/vitex/Projects/VitexSoftware/php-ease-twbootstrap5/src/Ease/TWB5/Panel.php on line 64

/home/vitex/Projects/VitexSoftware/php-ease-twbootstrap5/src/Ease/TWB5/Card.php:33
/home/vitex/Projects/VitexSoftware/php-ease-twbootstrap5/src/Ease/TWB5/Panel.php:64
/home/vitex/Projects/VitexSoftware/php-ease-twbootstrap5/tests/src/Ease/TWB5/PanelTest.php:36</error>
      </testcase>
      <testcase name="testAddToLastItem" file="/home/vitex/Projects/VitexSoftware/php-ease-twbootstrap5/vendor/vitexsoftware/ease-html/tests/src/Ease/ContainerTest.php" line="152" class="Test\Ease\TWB5\PanelTest" classname="Test.Ease.TWB5.PanelTest" assertions="0" time="0.000000">
        <error type="TypeError">Test\Ease\TWB5\PanelTest::testAddToLastItem
TypeError: Ease\TWB5\Card::__construct(): Argument #2 ($properties) must be of type array, null given, called in /home/vitex/Projects/VitexSoftware/php-ease-twbootstrap5/src/Ease/TWB5/Panel.php on line 64

/home/vitex/Projects/VitexSoftware/php-ease-twbootstrap5/src/Ease/TWB5/Card.php:33
/home/vitex/Projects/VitexSoftware/php-ease-twbootstrap5/src/Ease/TWB5/Panel.php:64
/home/vitex/Projects/VitexSoftware/php-ease-twbootstrap5/tests/src/Ease/TWB5/PanelTest.php:36</error>
      </testcase>
      <testcase name="testGetFirstPart" file="/home/vitex/Projects/VitexSoftware/php-ease-twbootstrap5/vendor/vitexsoftware/ease-html/tests/src/Ease/ContainerTest.php" line="166" class="Test\Ease\TWB5\PanelTest" classname="Test.Ease.TWB5.PanelTest" assertions="0" time="0.000000">
        <error type="TypeError">Test\Ease\TWB5\PanelTest::testGetFirstPart
TypeError: Ease\TWB5\Card::__construct(): Argument #2 ($properties) must be of type array, null given, called in /home/vitex/Projects/VitexSoftware/php-ease-twbootstrap5/src/Ease/TWB5/Panel.php on line 64

/home/vitex/Projects/VitexSoftware/php-ease-twbootstrap5/src/Ease/TWB5/Card.php:33
/home/vitex/Projects/VitexSoftware/php-ease-twbootstrap5/src/Ease/TWB5/Panel.php:64
/home/vitex/Projects/VitexSoftware/php-ease-twbootstrap5/tests/src/Ease/TWB5/PanelTest.php:36</error>
      </testcase>
      <testcase name="testGetContents" file="/home/vitex/Projects/VitexSoftware/php-ease-twbootstrap5/vendor/vitexsoftware/ease-html/tests/src/Ease/ContainerTest.php" line="181" class="Test\Ease\TWB5\PanelTest" classname="Test.Ease.TWB5.PanelTest" assertions="0" time="0.000000">
        <error type="TypeError">Test\Ease\TWB5\PanelTest::testGetContents
TypeError: Ease\TWB5\Card::__construct(): Argument #2 ($properties) must be of type array, null given, called in /home/vitex/Projects/VitexSoftware/php-ease-twbootstrap5/src/Ease/TWB5/Panel.php on line 64

/home/vitex/Projects/VitexSoftware/php-ease-twbootstrap5/src/Ease/TWB5/Card.php:33
/home/vitex/Projects/VitexSoftware/php-ease-twbootstrap5/src/Ease/TWB5/Panel.php:64
/home/vitex/Projects/VitexSoftware/php-ease-twbootstrap5/tests/src/Ease/TWB5/PanelTest.php:36</error>
      </testcase>
      <testcase name="testAddItems" file="/home/vitex/Projects/VitexSoftware/php-ease-twbootstrap5/vendor/vitexsoftware/ease-html/tests/src/Ease/ContainerTest.php" line="190" class="Test\Ease\TWB5\PanelTest" classname="Test.Ease.TWB5.PanelTest" assertions="0" time="0.000000">
        <error type="TypeError">Test\Ease\TWB5\PanelTest::testAddItems
TypeError: Ease\TWB5\Card::__construct(): Argument #2 ($properties) must be of type array, null given, called in /home/vitex/Projects/VitexSoftware/php-ease-twbootstrap5/src/Ease/TWB5/Panel.php on line 64

/home/vitex/Projects/VitexSoftware/php-ease-twbootstrap5/src/Ease/TWB5/Card.php:33
/home/vitex/Projects/VitexSoftware/php-ease-twbootstrap5/src/Ease/TWB5/Panel.php:64
/home/vitex/Projects/VitexSoftware/php-ease-twbootstrap5/tests/src/Ease/TWB5/PanelTest.php:36</error>
      </testcase>
      <testcase name="testEmptyContents" file="/home/vitex/Projects/VitexSoftware/php-ease-twbootstrap5/vendor/vitexsoftware/ease-html/tests/src/Ease/ContainerTest.php" line="200" class="Test\Ease\TWB5\PanelTest" classname="Test.Ease.TWB5.PanelTest" assertions="0" time="0.000000">
        <error type="TypeError">Test\Ease\TWB5\PanelTest::testEmptyContents
TypeError: Ease\TWB5\Card::__construct(): Argument #2 ($properties) must be of type array, null given, called in /home/vitex/Projects/VitexSoftware/php-ease-twbootstrap5/src/Ease/TWB5/Panel.php on line 64

/home/vitex/Projects/VitexSoftware/php-ease-twbootstrap5/src/Ease/TWB5/Card.php:33
/home/vitex/Projects/VitexSoftware/php-ease-twbootstrap5/src/Ease/TWB5/Panel.php:64
/home/vitex/Projects/VitexSoftware/php-ease-twbootstrap5/tests/src/Ease/TWB5/PanelTest.php:36</error>
      </testcase>
      <testcase name="testDrawAllContents" file="/home/vitex/Projects/VitexSoftware/php-ease-twbootstrap5/vendor/vitexsoftware/ease-html/tests/src/Ease/ContainerTest.php" line="210" class="Test\Ease\TWB5\PanelTest" classname="Test.Ease.TWB5.PanelTest" assertions="0" time="0.000000">
        <error type="TypeError">Test\Ease\TWB5\PanelTest::testDrawAllContents
TypeError: Ease\TWB5\Card::__construct(): Argument #2 ($properties) must be of type array, null given, called in /home/vitex/Projects/VitexSoftware/php-ease-twbootstrap5/src/Ease/TWB5/Panel.php on line 64

/home/vitex/Projects/VitexSoftware/php-ease-twbootstrap5/src/Ease/TWB5/Card.php:33
/home/vitex/Projects/VitexSoftware/php-ease-twbootstrap5/src/Ease/TWB5/Panel.php:64
/home/vitex/Projects/VitexSoftware/php-ease-twbootstrap5/tests/src/Ease/TWB5/PanelTest.php:36</error>
      </testcase>
      <testcase name="testGetRendered" file="/home/vitex/Projects/VitexSoftware/php-ease-twbootstrap5/vendor/vitexsoftware/ease-html/tests/src/Ease/ContainerTest.php" line="239" class="Test\Ease\TWB5\PanelTest" classname="Test.Ease.TWB5.PanelTest" assertions="0" time="0.000000">
        <error type="TypeError">Test\Ease\TWB5\PanelTest::testGetRendered
TypeError: Ease\TWB5\Card::__construct(): Argument #2 ($properties) must be of type array, null given, called in /home/vitex/Projects/VitexSoftware/php-ease-twbootstrap5/src/Ease/TWB5/Panel.php on line 64

/home/vitex/Projects/VitexSoftware/php-ease-twbootstrap5/src/Ease/TWB5/Card.php:33
/home/vitex/Projects/VitexSoftware/php-ease-twbootstrap5/src/Ease/TWB5/Panel.php:64
/home/vitex/Projects/VitexSoftware/php-ease-twbootstrap5/tests/src/Ease/TWB5/PanelTest.php:36</error>
      </testcase>
      <testcase name="testDrawIfNotDrawn" file="/home/vitex/Projects/VitexSoftware/php-ease-twbootstrap5/vendor/vitexsoftware/ease-html/tests/src/Ease/ContainerTest.php" line="261" class="Test\Ease\TWB5\PanelTest" classname="Test.Ease.TWB5.PanelTest" assertions="0" time="0.000000">
        <error type="TypeError">Test\Ease\TWB5\PanelTest::testDrawIfNotDrawn
TypeError: Ease\TWB5\Card::__construct(): Argument #2 ($properties) must be of type array, null given, called in /home/vitex/Projects/VitexSoftware/php-ease-twbootstrap5/src/Ease/TWB5/Panel.php on line 64

/home/vitex/Projects/VitexSoftware/php-ease-twbootstrap5/src/Ease/TWB5/Card.php:33
/home/vitex/Projects/VitexSoftware/php-ease-twbootstrap5/src/Ease/TWB5/Panel.php:64
/home/vitex/Projects/VitexSoftware/php-ease-twbootstrap5/tests/src/Ease/TWB5/PanelTest.php:36</error>
      </testcase>
      <testcase name="testIsFinalized" file="/home/vitex/Projects/VitexSoftware/php-ease-twbootstrap5/vendor/vitexsoftware/ease-html/tests/src/Ease/ContainerTest.php" line="277" class="Test\Ease\TWB5\PanelTest" classname="Test.Ease.TWB5.PanelTest" assertions="0" time="0.000000">
        <error type="TypeError">Test\Ease\TWB5\PanelTest::testIsFinalized
TypeError: Ease\TWB5\Card::__construct(): Argument #2 ($properties) must be of type array, null given, called in /home/vitex/Projects/VitexSoftware/php-ease-twbootstrap5/src/Ease/TWB5/Panel.php on line 64

/home/vitex/Projects/VitexSoftware/php-ease-twbootstrap5/src/Ease/TWB5/Card.php:33
/home/vitex/Projects/VitexSoftware/php-ease-twbootstrap5/src/Ease/TWB5/Panel.php:64
/home/vitex/Projects/VitexSoftware/php-ease-twbootstrap5/tests/src/Ease/TWB5/PanelTest.php:36</error>
      </testcase>
      <testcase name="testSetFinalized" file="/home/vitex/Projects/VitexSoftware/php-ease-twbootstrap5/vendor/vitexsoftware/ease-html/tests/src/Ease/ContainerTest.php" line="287" class="Test\Ease\TWB5\PanelTest" classname="Test.Ease.TWB5.PanelTest" assertions="0" time="0.000000">
        <error type="TypeError">Test\Ease\TWB5\PanelTest::testSetFinalized
TypeError: Ease\TWB5\Card::__construct(): Argument #2 ($properties) must be of type array, null given, called in /home/vitex/Projects/VitexSoftware/php-ease-twbootstrap5/src/Ease/TWB5/Panel.php on line 64

/home/vitex/Projects/VitexSoftware/php-ease-twbootstrap5/src/Ease/TWB5/Card.php:33
/home/vitex/Projects/VitexSoftware/php-ease-twbootstrap5/src/Ease/TWB5/Panel.php:64
/home/vitex/Projects/VitexSoftware/php-ease-twbootstrap5/tests/src/Ease/TWB5/PanelTest.php:36</error>
      </testcase>
      <testcase name="testIsEmpty" file="/home/vitex/Projects/VitexSoftware/php-ease-twbootstrap5/vendor/vitexsoftware/ease-html/tests/src/Ease/ContainerTest.php" line="296" class="Test\Ease\TWB5\PanelTest" classname="Test.Ease.TWB5.PanelTest" assertions="0" time="0.000000">
        <error type="TypeError">Test\Ease\TWB5\PanelTest::testIsEmpty
TypeError: Ease\TWB5\Card::__construct(): Argument #2 ($properties) must be of type array, null given, called in /home/vitex/Projects/VitexSoftware/php-ease-twbootstrap5/src/Ease/TWB5/Panel.php on line 64

/home/vitex/Projects/VitexSoftware/php-ease-twbootstrap5/src/Ease/TWB5/Card.php:33
/home/vitex/Projects/VitexSoftware/php-ease-twbootstrap5/src/Ease/TWB5/Panel.php:64
/home/vitex/Projects/VitexSoftware/php-ease-twbootstrap5/tests/src/Ease/TWB5/PanelTest.php:36</error>
      </testcase>
      <testcase name="testToString" file="/home/vitex/Projects/VitexSoftware/php-ease-twbootstrap5/vendor/vitexsoftware/ease-html/tests/src/Ease/ContainerTest.php" line="341" class="Test\Ease\TWB5\PanelTest" classname="Test.Ease.TWB5.PanelTest" assertions="0" time="0.000000">
        <error type="TypeError">Test\Ease\TWB5\PanelTest::testToString
TypeError: Ease\TWB5\Card::__construct(): Argument #2 ($properties) must be of type array, null given, called in /home/vitex/Projects/VitexSoftware/php-ease-twbootstrap5/src/Ease/TWB5/Panel.php on line 64

/home/vitex/Projects/VitexSoftware/php-ease-twbootstrap5/src/Ease/TWB5/Card.php:33
/home/vitex/Projects/VitexSoftware/php-ease-twbootstrap5/src/Ease/TWB5/Panel.php:64
/home/vitex/Projects/VitexSoftware/php-ease-twbootstrap5/tests/src/Ease/TWB5/PanelTest.php:36</error>
      </testcase>
      <testcase name="testSingleton" file="/home/vitex/Projects/VitexSoftware/php-ease-twbootstrap5/vendor/vitexsoftware/ease-html/tests/src/Ease/DocumentTest.php" line="52" class="Test\Ease\TWB5\PanelTest" classname="Test.Ease.TWB5.PanelTest" assertions="0" time="0.000000">
        <error type="TypeError">Test\Ease\TWB5\PanelTest::testSingleton
TypeError: Ease\TWB5\Card::__construct(): Argument #2 ($properties) must be of type array, null given, called in /home/vitex/Projects/VitexSoftware/php-ease-twbootstrap5/src/Ease/TWB5/Panel.php on line 64

/home/vitex/Projects/VitexSoftware/php-ease-twbootstrap5/src/Ease/TWB5/Card.php:33
/home/vitex/Projects/VitexSoftware/php-ease-twbootstrap5/src/Ease/TWB5/Panel.php:64
/home/vitex/Projects/VitexSoftware/php-ease-twbootstrap5/tests/src/Ease/TWB5/PanelTest.php:36</error>
      </testcase>
      <testcase name="testAddJavaScript" file="/home/vitex/Projects/VitexSoftware/php-ease-twbootstrap5/vendor/vitexsoftware/ease-html/tests/src/Ease/DocumentTest.php" line="67" class="Test\Ease\TWB5\PanelTest" classname="Test.Ease.TWB5.PanelTest" assertions="0" time="0.000000">
        <error type="TypeError">Test\Ease\TWB5\PanelTest::testAddJavaScript
TypeError: Ease\TWB5\Card::__construct(): Argument #2 ($properties) must be of type array, null given, called in /home/vitex/Projects/VitexSoftware/php-ease-twbootstrap5/src/Ease/TWB5/Panel.php on line 64

/home/vitex/Projects/VitexSoftware/php-ease-twbootstrap5/src/Ease/TWB5/Card.php:33
/home/vitex/Projects/VitexSoftware/php-ease-twbootstrap5/src/Ease/TWB5/Panel.php:64
/home/vitex/Projects/VitexSoftware/php-ease-twbootstrap5/tests/src/Ease/TWB5/PanelTest.php:36</error>
      </testcase>
      <testcase name="testIncludeJavaScript" file="/home/vitex/Projects/VitexSoftware/php-ease-twbootstrap5/vendor/vitexsoftware/ease-html/tests/src/Ease/DocumentTest.php" line="81" class="Test\Ease\TWB5\PanelTest" classname="Test.Ease.TWB5.PanelTest" assertions="0" time="0.000000">
        <error type="TypeError">Test\Ease\TWB5\PanelTest::testIncludeJavaScript
TypeError: Ease\TWB5\Card::__construct(): Argument #2 ($properties) must be of type array, null given, called in /home/vitex/Projects/VitexSoftware/php-ease-twbootstrap5/src/Ease/TWB5/Panel.php on line 64

/home/vitex/Projects/VitexSoftware/php-ease-twbootstrap5/src/Ease/TWB5/Card.php:33
/home/vitex/Projects/VitexSoftware/php-ease-twbootstrap5/src/Ease/TWB5/Panel.php:64
/home/vitex/Projects/VitexSoftware/php-ease-twbootstrap5/tests/src/Ease/TWB5/PanelTest.php:36</error>
      </testcase>
      <testcase name="testAddCSS" file="/home/vitex/Projects/VitexSoftware/php-ease-twbootstrap5/vendor/vitexsoftware/ease-html/tests/src/Ease/DocumentTest.php" line="91" class="Test\Ease\TWB5\PanelTest" classname="Test.Ease.TWB5.PanelTest" assertions="0" time="0.000000">
        <error type="TypeError">Test\Ease\TWB5\PanelTest::testAddCSS
TypeError: Ease\TWB5\Card::__construct(): Argument #2 ($properties) must be of type array, null given, called in /home/vitex/Projects/VitexSoftware/php-ease-twbootstrap5/src/Ease/TWB5/Panel.php on line 64

/home/vitex/Projects/VitexSoftware/php-ease-twbootstrap5/src/Ease/TWB5/Card.php:33
/home/vitex/Projects/VitexSoftware/php-ease-twbootstrap5/src/Ease/TWB5/Panel.php:64
/home/vitex/Projects/VitexSoftware/php-ease-twbootstrap5/tests/src/Ease/TWB5/PanelTest.php:36</error>
      </testcase>
      <testcase name="testIncludeCss" file="/home/vitex/Projects/VitexSoftware/php-ease-twbootstrap5/vendor/vitexsoftware/ease-html/tests/src/Ease/DocumentTest.php" line="100" class="Test\Ease\TWB5\PanelTest" classname="Test.Ease.TWB5.PanelTest" assertions="0" time="0.000000">
        <error type="TypeError">Test\Ease\TWB5\PanelTest::testIncludeCss
TypeError: Ease\TWB5\Card::__construct(): Argument #2 ($properties) must be of type array, null given, called in /home/vitex/Projects/VitexSoftware/php-ease-twbootstrap5/src/Ease/TWB5/Panel.php on line 64

/home/vitex/Projects/VitexSoftware/php-ease-twbootstrap5/src/Ease/TWB5/Card.php:33
/home/vitex/Projects/VitexSoftware/php-ease-twbootstrap5/src/Ease/TWB5/Panel.php:64
/home/vitex/Projects/VitexSoftware/php-ease-twbootstrap5/tests/src/Ease/TWB5/PanelTest.php:36</error>
      </testcase>
      <testcase name="testRedirect" file="/home/vitex/Projects/VitexSoftware/php-ease-twbootstrap5/vendor/vitexsoftware/ease-html/tests/src/Ease/DocumentTest.php" line="109" class="Test\Ease\TWB5\PanelTest" classname="Test.Ease.TWB5.PanelTest" assertions="0" time="0.000000">
        <error type="TypeError">Test\Ease\TWB5\PanelTest::testRedirect
TypeError: Ease\TWB5\Card::__construct(): Argument #2 ($properties) must be of type array, null given, called in /home/vitex/Projects/VitexSoftware/php-ease-twbootstrap5/src/Ease/TWB5/Panel.php on line 64

/home/vitex/Projects/VitexSoftware/php-ease-twbootstrap5/src/Ease/TWB5/Card.php:33
/home/vitex/Projects/VitexSoftware/php-ease-twbootstrap5/src/Ease/TWB5/Panel.php:64
/home/vitex/Projects/VitexSoftware/php-ease-twbootstrap5/tests/src/Ease/TWB5/PanelTest.php:36</error>
      </testcase>
      <testcase name="testGetUri" file="/home/vitex/Projects/VitexSoftware/php-ease-twbootstrap5/vendor/vitexsoftware/ease-html/tests/src/Ease/DocumentTest.php" line="120" class="Test\Ease\TWB5\PanelTest" classname="Test.Ease.TWB5.PanelTest" assertions="0" time="0.000000">
        <error type="TypeError">Test\Ease\TWB5\PanelTest::testGetUri
TypeError: Ease\TWB5\Card::__construct(): Argument #2 ($properties) must be of type array, null given, called in /home/vitex/Projects/VitexSoftware/php-ease-twbootstrap5/src/Ease/TWB5/Panel.php on line 64

/home/vitex/Projects/VitexSoftware/php-ease-twbootstrap5/src/Ease/TWB5/Card.php:33
/home/vitex/Projects/VitexSoftware/php-ease-twbootstrap5/src/Ease/TWB5/Panel.php:64
/home/vitex/Projects/VitexSoftware/php-ease-twbootstrap5/tests/src/Ease/TWB5/PanelTest.php:36</error>
      </testcase>
      <testcase name="testPhpSelf" file="/home/vitex/Projects/VitexSoftware/php-ease-twbootstrap5/vendor/vitexsoftware/ease-html/tests/src/Ease/DocumentTest.php" line="129" class="Test\Ease\TWB5\PanelTest" classname="Test.Ease.TWB5.PanelTest" assertions="0" time="0.000000">
        <error type="TypeError">Test\Ease\TWB5\PanelTest::testPhpSelf
TypeError: Ease\TWB5\Card::__construct(): Argument #2 ($properties) must be of type array, null given, called in /home/vitex/Projects/VitexSoftware/php-ease-twbootstrap5/src/Ease/TWB5/Panel.php on line 64

/home/vitex/Projects/VitexSoftware/php-ease-twbootstrap5/src/Ease/TWB5/Card.php:33
/home/vitex/Projects/VitexSoftware/php-ease-twbootstrap5/src/Ease/TWB5/Panel.php:64
/home/vitex/Projects/VitexSoftware/php-ease-twbootstrap5/tests/src/Ease/TWB5/PanelTest.php:36</error>
      </testcase>
      <testcase name="testOnlyForLogged" file="/home/vitex/Projects/VitexSoftware/php-ease-twbootstrap5/vendor/vitexsoftware/ease-html/tests/src/Ease/DocumentTest.php" line="138" class="Test\Ease\TWB5\PanelTest" classname="Test.Ease.TWB5.PanelTest" assertions="0" time="0.000000">
        <error type="TypeError">Test\Ease\TWB5\PanelTest::testOnlyForLogged
TypeError: Ease\TWB5\Card::__construct(): Argument #2 ($properties) must be of type array, null given, called in /home/vitex/Projects/VitexSoftware/php-ease-twbootstrap5/src/Ease/TWB5/Panel.php on line 64

/home/vitex/Projects/VitexSoftware/php-ease-twbootstrap5/src/Ease/TWB5/Card.php:33
/home/vitex/Projects/VitexSoftware/php-ease-twbootstrap5/src/Ease/TWB5/Panel.php:64
/home/vitex/Projects/VitexSoftware/php-ease-twbootstrap5/tests/src/Ease/TWB5/PanelTest.php:36</error>
      </testcase>
      <testcase name="testGetRequestValues" file="/home/vitex/Projects/VitexSoftware/php-ease-twbootstrap5/vendor/vitexsoftware/ease-html/tests/src/Ease/DocumentTest.php" line="151" class="Test\Ease\TWB5\PanelTest" classname="Test.Ease.TWB5.PanelTest" assertions="0" time="0.000000">
        <error type="TypeError">Test\Ease\TWB5\PanelTest::testGetRequestValues
TypeError: Ease\TWB5\Card::__construct(): Argument #2 ($properties) must be of type array, null given, called in /home/vitex/Projects/VitexSoftware/php-ease-twbootstrap5/src/Ease/TWB5/Panel.php on line 64

/home/vitex/Projects/VitexSoftware/php-ease-twbootstrap5/src/Ease/TWB5/Card.php:33
/home/vitex/Projects/VitexSoftware/php-ease-twbootstrap5/src/Ease/TWB5/Panel.php:64
/home/vitex/Projects/VitexSoftware/php-ease-twbootstrap5/tests/src/Ease/TWB5/PanelTest.php:36</error>
      </testcase>
      <testcase name="testIsPosted" file="/home/vitex/Projects/VitexSoftware/php-ease-twbootstrap5/vendor/vitexsoftware/ease-html/tests/src/Ease/DocumentTest.php" line="163" class="Test\Ease\TWB5\PanelTest" classname="Test.Ease.TWB5.PanelTest" assertions="0" time="0.000000">
        <error type="TypeError">Test\Ease\TWB5\PanelTest::testIsPosted
TypeError: Ease\TWB5\Card::__construct(): Argument #2 ($properties) must be of type array, null given, called in /home/vitex/Projects/VitexSoftware/php-ease-twbootstrap5/src/Ease/TWB5/Panel.php on line 64

/home/vitex/Projects/VitexSoftware/php-ease-twbootstrap5/src/Ease/TWB5/Card.php:33
/home/vitex/Projects/VitexSoftware/php-ease-twbootstrap5/src/Ease/TWB5/Panel.php:64
/home/vitex/Projects/VitexSoftware/php-ease-twbootstrap5/tests/src/Ease/TWB5/PanelTest.php:36</error>
      </testcase>
      <testcase name="testSanitizeAsType" file="/home/vitex/Projects/VitexSoftware/php-ease-twbootstrap5/vendor/vitexsoftware/ease-html/tests/src/Ease/DocumentTest.php" line="174" class="Test\Ease\TWB5\PanelTest" classname="Test.Ease.TWB5.PanelTest" assertions="0" time="0.000000">
        <error type="TypeError">Test\Ease\TWB5\PanelTest::testSanitizeAsType
TypeError: Ease\TWB5\Card::__construct(): Argument #2 ($properties) must be of type array, null given, called in /home/vitex/Projects/VitexSoftware/php-ease-twbootstrap5/src/Ease/TWB5/Panel.php on line 64

/home/vitex/Projects/VitexSoftware/php-ease-twbootstrap5/src/Ease/TWB5/Card.php:33
/home/vitex/Projects/VitexSoftware/php-ease-twbootstrap5/src/Ease/TWB5/Panel.php:64
/home/vitex/Projects/VitexSoftware/php-ease-twbootstrap5/tests/src/Ease/TWB5/PanelTest.php:36</error>
      </testcase>
      <testcase name="testGetRequestValue" file="/home/vitex/Projects/VitexSoftware/php-ease-twbootstrap5/vendor/vitexsoftware/ease-html/tests/src/Ease/DocumentTest.php" line="192" class="Test\Ease\TWB5\PanelTest" classname="Test.Ease.TWB5.PanelTest" assertions="0" time="0.000000">
        <error type="TypeError">Test\Ease\TWB5\PanelTest::testGetRequestValue
TypeError: Ease\TWB5\Card::__construct(): Argument #2 ($properties) must be of type array, null given, called in /home/vitex/Projects/VitexSoftware/php-ease-twbootstrap5/src/Ease/TWB5/Panel.php on line 64

/home/vitex/Projects/VitexSoftware/php-ease-twbootstrap5/src/Ease/TWB5/Card.php:33
/home/vitex/Projects/VitexSoftware/php-ease-twbootstrap5/src/Ease/TWB5/Panel.php:64
/home/vitex/Projects/VitexSoftware/php-ease-twbootstrap5/tests/src/Ease/TWB5/PanelTest.php:36</error>
      </testcase>
      <testcase name="testGetGetValue" file="/home/vitex/Projects/VitexSoftware/php-ease-twbootstrap5/vendor/vitexsoftware/ease-html/tests/src/Ease/DocumentTest.php" line="201" class="Test\Ease\TWB5\PanelTest" classname="Test.Ease.TWB5.PanelTest" assertions="0" time="0.000000">
        <error type="TypeError">Test\Ease\TWB5\PanelTest::testGetGetValue
TypeError: Ease\TWB5\Card::__construct(): Argument #2 ($properties) must be of type array, null given, called in /home/vitex/Projects/VitexSoftware/php-ease-twbootstrap5/src/Ease/TWB5/Panel.php on line 64

/home/vitex/Projects/VitexSoftware/php-ease-twbootstrap5/src/Ease/TWB5/Card.php:33
/home/vitex/Projects/VitexSoftware/php-ease-twbootstrap5/src/Ease/TWB5/Panel.php:64
/home/vitex/Projects/VitexSoftware/php-ease-twbootstrap5/tests/src/Ease/TWB5/PanelTest.php:36</error>
      </testcase>
      <testcase name="testGetPostValue" file="/home/vitex/Projects/VitexSoftware/php-ease-twbootstrap5/vendor/vitexsoftware/ease-html/tests/src/Ease/DocumentTest.php" line="210" class="Test\Ease\TWB5\PanelTest" classname="Test.Ease.TWB5.PanelTest" assertions="0" time="0.000000">
        <error type="TypeError">Test\Ease\TWB5\PanelTest::testGetPostValue
TypeError: Ease\TWB5\Card::__construct(): Argument #2 ($properties) must be of type array, null given, called in /home/vitex/Projects/VitexSoftware/php-ease-twbootstrap5/src/Ease/TWB5/Panel.php on line 64

/home/vitex/Projects/VitexSoftware/php-ease-twbootstrap5/src/Ease/TWB5/Card.php:33
/home/vitex/Projects/VitexSoftware/php-ease-twbootstrap5/src/Ease/TWB5/Panel.php:64
/home/vitex/Projects/VitexSoftware/php-ease-twbootstrap5/tests/src/Ease/TWB5/PanelTest.php:36</error>
      </testcase>
      <testcase name="testIsFormPosted" file="/home/vitex/Projects/VitexSoftware/php-ease-twbootstrap5/vendor/vitexsoftware/ease-html/tests/src/Ease/DocumentTest.php" line="219" class="Test\Ease\TWB5\PanelTest" classname="Test.Ease.TWB5.PanelTest" assertions="0" time="0.000000">
        <error type="TypeError">Test\Ease\TWB5\PanelTest::testIsFormPosted
TypeError: Ease\TWB5\Card::__construct(): Argument #2 ($properties) must be of type array, null given, called in /home/vitex/Projects/VitexSoftware/php-ease-twbootstrap5/src/Ease/TWB5/Panel.php on line 64

/home/vitex/Projects/VitexSoftware/php-ease-twbootstrap5/src/Ease/TWB5/Card.php:33
/home/vitex/Projects/VitexSoftware/php-ease-twbootstrap5/src/Ease/TWB5/Panel.php:64
/home/vitex/Projects/VitexSoftware/php-ease-twbootstrap5/tests/src/Ease/TWB5/PanelTest.php:36</error>
      </testcase>
      <testcase name="testArrayToUrlParams" file="/home/vitex/Projects/VitexSoftware/php-ease-twbootstrap5/vendor/vitexsoftware/ease-html/tests/src/Ease/DocumentTest.php" line="230" class="Test\Ease\TWB5\PanelTest" classname="Test.Ease.TWB5.PanelTest" assertions="0" time="0.000000">
        <error type="TypeError">Test\Ease\TWB5\PanelTest::testArrayToUrlParams
TypeError: Ease\TWB5\Card::__construct(): Argument #2 ($properties) must be of type array, null given, called in /home/vitex/Projects/VitexSoftware/php-ease-twbootstrap5/src/Ease/TWB5/Panel.php on line 64

/home/vitex/Projects/VitexSoftware/php-ease-twbootstrap5/src/Ease/TWB5/Card.php:33
/home/vitex/Projects/VitexSoftware/php-ease-twbootstrap5/src/Ease/TWB5/Panel.php:64
/home/vitex/Projects/VitexSoftware/php-ease-twbootstrap5/tests/src/Ease/TWB5/PanelTest.php:36</error>
      </testcase>
      <testcase name="testRegisterItem" file="/home/vitex/Projects/VitexSoftware/php-ease-twbootstrap5/vendor/vitexsoftware/ease-html/tests/src/Ease/DocumentTest.php" line="263" class="Test\Ease\TWB5\PanelTest" classname="Test.Ease.TWB5.PanelTest" assertions="0" time="0.000000">
        <error type="TypeError">Test\Ease\TWB5\PanelTest::testRegisterItem
TypeError: Ease\TWB5\Card::__construct(): Argument #2 ($properties) must be of type array, null given, called in /home/vitex/Projects/VitexSoftware/php-ease-twbootstrap5/src/Ease/TWB5/Panel.php on line 64

/home/vitex/Projects/VitexSoftware/php-ease-twbootstrap5/src/Ease/TWB5/Card.php:33
/home/vitex/Projects/VitexSoftware/php-ease-twbootstrap5/src/Ease/TWB5/Panel.php:64
/home/vitex/Projects/VitexSoftware/php-ease-twbootstrap5/tests/src/Ease/TWB5/PanelTest.php:36</error>
      </testcase>
      <testcase name="testSetObjectName" file="/home/vitex/Projects/VitexSoftware/php-ease-twbootstrap5/vendor/vitexsoftware/ease-html/tests/src/Ease/Html/TagTest.php" line="72" class="Test\Ease\TWB5\PanelTest" classname="Test.Ease.TWB5.PanelTest" assertions="0" time="0.000000">
        <error type="TypeError">Test\Ease\TWB5\PanelTest::testSetObjectName
TypeError: Ease\TWB5\Card::__construct(): Argument #2 ($properties) must be of type array, null given, called in /home/vitex/Projects/VitexSoftware/php-ease-twbootstrap5/src/Ease/TWB5/Panel.php on line 64

/home/vitex/Projects/VitexSoftware/php-ease-twbootstrap5/src/Ease/TWB5/Card.php:33
/home/vitex/Projects/VitexSoftware/php-ease-twbootstrap5/src/Ease/TWB5/Panel.php:64
/home/vitex/Projects/VitexSoftware/php-ease-twbootstrap5/tests/src/Ease/TWB5/PanelTest.php:36</error>
      </testcase>
      <testcase name="testSetTagName" file="/home/vitex/Projects/VitexSoftware/php-ease-twbootstrap5/vendor/vitexsoftware/ease-html/tests/src/Ease/Html/TagTest.php" line="101" class="Test\Ease\TWB5\PanelTest" classname="Test.Ease.TWB5.PanelTest" assertions="0" time="0.000000">
        <error type="TypeError">Test\Ease\TWB5\PanelTest::testSetTagName
TypeError: Ease\TWB5\Card::__construct(): Argument #2 ($properties) must be of type array, null given, called in /home/vitex/Projects/VitexSoftware/php-ease-twbootstrap5/src/Ease/TWB5/Panel.php on line 64

/home/vitex/Projects/VitexSoftware/php-ease-twbootstrap5/src/Ease/TWB5/Card.php:33
/home/vitex/Projects/VitexSoftware/php-ease-twbootstrap5/src/Ease/TWB5/Panel.php:64
/home/vitex/Projects/VitexSoftware/php-ease-twbootstrap5/tests/src/Ease/TWB5/PanelTest.php:36</error>
      </testcase>
      <testcase name="testGetTagName" file="/home/vitex/Projects/VitexSoftware/php-ease-twbootstrap5/vendor/vitexsoftware/ease-html/tests/src/Ease/Html/TagTest.php" line="111" class="Test\Ease\TWB5\PanelTest" classname="Test.Ease.TWB5.PanelTest" assertions="0" time="0.000000">
        <error type="TypeError">Test\Ease\TWB5\PanelTest::testGetTagName
TypeError: Ease\TWB5\Card::__construct(): Argument #2 ($properties) must be of type array, null given, called in /home/vitex/Projects/VitexSoftware/php-ease-twbootstrap5/src/Ease/TWB5/Panel.php on line 64

/home/vitex/Projects/VitexSoftware/php-ease-twbootstrap5/src/Ease/TWB5/Card.php:33
/home/vitex/Projects/VitexSoftware/php-ease-twbootstrap5/src/Ease/TWB5/Panel.php:64
/home/vitex/Projects/VitexSoftware/php-ease-twbootstrap5/tests/src/Ease/TWB5/PanelTest.php:36</error>
      </testcase>
      <testcase name="testSetTagType" file="/home/vitex/Projects/VitexSoftware/php-ease-twbootstrap5/vendor/vitexsoftware/ease-html/tests/src/Ease/Html/TagTest.php" line="122" class="Test\Ease\TWB5\PanelTest" classname="Test.Ease.TWB5.PanelTest" assertions="0" time="0.000000">
        <error type="TypeError">Test\Ease\TWB5\PanelTest::testSetTagType
TypeError: Ease\TWB5\Card::__construct(): Argument #2 ($properties) must be of type array, null given, called in /home/vitex/Projects/VitexSoftware/php-ease-twbootstrap5/src/Ease/TWB5/Panel.php on line 64

/home/vitex/Projects/VitexSoftware/php-ease-twbootstrap5/src/Ease/TWB5/Card.php:33
/home/vitex/Projects/VitexSoftware/php-ease-twbootstrap5/src/Ease/TWB5/Panel.php:64
/home/vitex/Projects/VitexSoftware/php-ease-twbootstrap5/tests/src/Ease/TWB5/PanelTest.php:36</error>
      </testcase>
      <testcase name="testGetTagType" file="/home/vitex/Projects/VitexSoftware/php-ease-twbootstrap5/vendor/vitexsoftware/ease-html/tests/src/Ease/Html/TagTest.php" line="131" class="Test\Ease\TWB5\PanelTest" classname="Test.Ease.TWB5.PanelTest" assertions="0" time="0.000000">
        <error type="TypeError">Test\Ease\TWB5\PanelTest::testGetTagType
TypeError: Ease\TWB5\Card::__construct(): Argument #2 ($properties) must be of type array, null given, called in /home/vitex/Projects/VitexSoftware/php-ease-twbootstrap5/src/Ease/TWB5/Panel.php on line 64

/home/vitex/Projects/VitexSoftware/php-ease-twbootstrap5/src/Ease/TWB5/Card.php:33
/home/vitex/Projects/VitexSoftware/php-ease-twbootstrap5/src/Ease/TWB5/Panel.php:64
/home/vitex/Projects/VitexSoftware/php-ease-twbootstrap5/tests/src/Ease/TWB5/PanelTest.php:36</error>
      </testcase>
      <testcase name="testSetTagClass" file="/home/vitex/Projects/VitexSoftware/php-ease-twbootstrap5/vendor/vitexsoftware/ease-html/tests/src/Ease/Html/TagTest.php" line="140" class="Test\Ease\TWB5\PanelTest" classname="Test.Ease.TWB5.PanelTest" assertions="0" time="0.000000">
        <error type="TypeError">Test\Ease\TWB5\PanelTest::testSetTagClass
TypeError: Ease\TWB5\Card::__construct(): Argument #2 ($properties) must be of type array, null given, called in /home/vitex/Projects/VitexSoftware/php-ease-twbootstrap5/src/Ease/TWB5/Panel.php on line 64

/home/vitex/Projects/VitexSoftware/php-ease-twbootstrap5/src/Ease/TWB5/Card.php:33
/home/vitex/Projects/VitexSoftware/php-ease-twbootstrap5/src/Ease/TWB5/Panel.php:64
/home/vitex/Projects/VitexSoftware/php-ease-twbootstrap5/tests/src/Ease/TWB5/PanelTest.php:36</error>
      </testcase>
      <testcase name="testAddTagClass" file="/home/vitex/Projects/VitexSoftware/php-ease-twbootstrap5/vendor/vitexsoftware/ease-html/tests/src/Ease/Html/TagTest.php" line="149" class="Test\Ease\TWB5\PanelTest" classname="Test.Ease.TWB5.PanelTest" assertions="0" time="0.000000">
        <error type="TypeError">Test\Ease\TWB5\PanelTest::testAddTagClass
TypeError: Ease\TWB5\Card::__construct(): Argument #2 ($properties) must be of type array, null given, called in /home/vitex/Projects/VitexSoftware/php-ease-twbootstrap5/src/Ease/TWB5/Panel.php on line 64

/home/vitex/Projects/VitexSoftware/php-ease-twbootstrap5/src/Ease/TWB5/Card.php:33
/home/vitex/Projects/VitexSoftware/php-ease-twbootstrap5/src/Ease/TWB5/Panel.php:64
/home/vitex/Projects/VitexSoftware/php-ease-twbootstrap5/tests/src/Ease/TWB5/PanelTest.php:36</error>
      </testcase>
      <testcase name="testGetTagClass" file="/home/vitex/Projects/VitexSoftware/php-ease-twbootstrap5/vendor/vitexsoftware/ease-html/tests/src/Ease/Html/TagTest.php" line="159" class="Test\Ease\TWB5\PanelTest" classname="Test.Ease.TWB5.PanelTest" assertions="0" time="0.000000">
        <error type="TypeError">Test\Ease\TWB5\PanelTest::testGetTagClass
TypeError: Ease\TWB5\Card::__construct(): Argument #2 ($properties) must be of type array, null given, called in /home/vitex/Projects/VitexSoftware/php-ease-twbootstrap5/src/Ease/TWB5/Panel.php on line 64

/home/vitex/Projects/VitexSoftware/php-ease-twbootstrap5/src/Ease/TWB5/Card.php:33
/home/vitex/Projects/VitexSoftware/php-ease-twbootstrap5/src/Ease/TWB5/Panel.php:64
/home/vitex/Projects/VitexSoftware/php-ease-twbootstrap5/tests/src/Ease/TWB5/PanelTest.php:36</error>
      </testcase>
      <testcase name="testSetTagID" file="/home/vitex/Projects/VitexSoftware/php-ease-twbootstrap5/vendor/vitexsoftware/ease-html/tests/src/Ease/Html/TagTest.php" line="168" class="Test\Ease\TWB5\PanelTest" classname="Test.Ease.TWB5.PanelTest" assertions="0" time="0.000000">
        <error type="TypeError">Test\Ease\TWB5\PanelTest::testSetTagID
TypeError: Ease\TWB5\Card::__construct(): Argument #2 ($properties) must be of type array, null given, called in /home/vitex/Projects/VitexSoftware/php-ease-twbootstrap5/src/Ease/TWB5/Panel.php on line 64

/home/vitex/Projects/VitexSoftware/php-ease-twbootstrap5/src/Ease/TWB5/Card.php:33
/home/vitex/Projects/VitexSoftware/php-ease-twbootstrap5/src/Ease/TWB5/Panel.php:64
/home/vitex/Projects/VitexSoftware/php-ease-twbootstrap5/tests/src/Ease/TWB5/PanelTest.php:36</error>
      </testcase>
      <testcase name="testGetTagID" file="/home/vitex/Projects/VitexSoftware/php-ease-twbootstrap5/vendor/vitexsoftware/ease-html/tests/src/Ease/Html/TagTest.php" line="179" class="Test\Ease\TWB5\PanelTest" classname="Test.Ease.TWB5.PanelTest" assertions="0" time="0.000000">
        <error type="TypeError">Test\Ease\TWB5\PanelTest::testGetTagID
TypeError: Ease\TWB5\Card::__construct(): Argument #2 ($properties) must be of type array, null given, called in /home/vitex/Projects/VitexSoftware/php-ease-twbootstrap5/src/Ease/TWB5/Panel.php on line 64

/home/vitex/Projects/VitexSoftware/php-ease-twbootstrap5/src/Ease/TWB5/Card.php:33
/home/vitex/Projects/VitexSoftware/php-ease-twbootstrap5/src/Ease/TWB5/Panel.php:64
/home/vitex/Projects/VitexSoftware/php-ease-twbootstrap5/tests/src/Ease/TWB5/PanelTest.php:36</error>
      </testcase>
      <testcase name="testGetTagProperty" file="/home/vitex/Projects/VitexSoftware/php-ease-twbootstrap5/vendor/vitexsoftware/ease-html/tests/src/Ease/Html/TagTest.php" line="188" class="Test\Ease\TWB5\PanelTest" classname="Test.Ease.TWB5.PanelTest" assertions="0" time="0.000000">
        <error type="TypeError">Test\Ease\TWB5\PanelTest::testGetTagProperty
TypeError: Ease\TWB5\Card::__construct(): Argument #2 ($properties) must be of type array, null given, called in /home/vitex/Projects/VitexSoftware/php-ease-twbootstrap5/src/Ease/TWB5/Panel.php on line 64

/home/vitex/Projects/VitexSoftware/php-ease-twbootstrap5/src/Ease/TWB5/Card.php:33
/home/vitex/Projects/VitexSoftware/php-ease-twbootstrap5/src/Ease/TWB5/Panel.php:64
/home/vitex/Projects/VitexSoftware/php-ease-twbootstrap5/tests/src/Ease/TWB5/PanelTest.php:36</error>
      </testcase>
      <testcase name="testSetTagProperties" file="/home/vitex/Projects/VitexSoftware/php-ease-twbootstrap5/vendor/vitexsoftware/ease-html/tests/src/Ease/Html/TagTest.php" line="197" class="Test\Ease\TWB5\PanelTest" classname="Test.Ease.TWB5.PanelTest" assertions="0" time="0.000000">
        <error type="TypeError">Test\Ease\TWB5\PanelTest::testSetTagProperties
TypeError: Ease\TWB5\Card::__construct(): Argument #2 ($properties) must be of type array, null given, called in /home/vitex/Projects/VitexSoftware/php-ease-twbootstrap5/src/Ease/TWB5/Panel.php on line 64

/home/vitex/Projects/VitexSoftware/php-ease-twbootstrap5/src/Ease/TWB5/Card.php:33
/home/vitex/Projects/VitexSoftware/php-ease-twbootstrap5/src/Ease/TWB5/Panel.php:64
/home/vitex/Projects/VitexSoftware/php-ease-twbootstrap5/tests/src/Ease/TWB5/PanelTest.php:36</error>
      </testcase>
      <testcase name="testTagPropertiesToString" file="/home/vitex/Projects/VitexSoftware/php-ease-twbootstrap5/vendor/vitexsoftware/ease-html/tests/src/Ease/Html/TagTest.php" line="208" class="Test\Ease\TWB5\PanelTest" classname="Test.Ease.TWB5.PanelTest" assertions="0" time="0.000000">
        <error type="TypeError">Test\Ease\TWB5\PanelTest::testTagPropertiesToString
TypeError: Ease\TWB5\Card::__construct(): Argument #2 ($properties) must be of type array, null given, called in /home/vitex/Projects/VitexSoftware/php-ease-twbootstrap5/src/Ease/TWB5/Panel.php on line 64

/home/vitex/Projects/VitexSoftware/php-ease-twbootstrap5/src/Ease/TWB5/Card.php:33
/home/vitex/Projects/VitexSoftware/php-ease-twbootstrap5/src/Ease/TWB5/Panel.php:64
/home/vitex/Projects/VitexSoftware/php-ease-twbootstrap5/tests/src/Ease/TWB5/PanelTest.php:36</error>
      </testcase>
      <testcase name="testSetTagCss" file="/home/vitex/Projects/VitexSoftware/php-ease-twbootstrap5/vendor/vitexsoftware/ease-html/tests/src/Ease/Html/TagTest.php" line="218" class="Test\Ease\TWB5\PanelTest" classname="Test.Ease.TWB5.PanelTest" assertions="0" time="0.000000">
        <error type="TypeError">Test\Ease\TWB5\PanelTest::testSetTagCss
TypeError: Ease\TWB5\Card::__construct(): Argument #2 ($properties) must be of type array, null given, called in /home/vitex/Projects/VitexSoftware/php-ease-twbootstrap5/src/Ease/TWB5/Panel.php on line 64

/home/vitex/Projects/VitexSoftware/php-ease-twbootstrap5/src/Ease/TWB5/Card.php:33
/home/vitex/Projects/VitexSoftware/php-ease-twbootstrap5/src/Ease/TWB5/Panel.php:64
/home/vitex/Projects/VitexSoftware/php-ease-twbootstrap5/tests/src/Ease/TWB5/PanelTest.php:36</error>
      </testcase>
      <testcase name="testCssPropertiesToString" file="/home/vitex/Projects/VitexSoftware/php-ease-twbootstrap5/vendor/vitexsoftware/ease-html/tests/src/Ease/Html/TagTest.php" line="230" class="Test\Ease\TWB5\PanelTest" classname="Test.Ease.TWB5.PanelTest" assertions="0" time="0.000000">
        <error type="TypeError">Test\Ease\TWB5\PanelTest::testCssPropertiesToString
TypeError: Ease\TWB5\Card::__construct(): Argument #2 ($properties) must be of type array, null given, called in /home/vitex/Projects/VitexSoftware/php-ease-twbootstrap5/src/Ease/TWB5/Panel.php on line 64

/home/vitex/Projects/VitexSoftware/php-ease-twbootstrap5/src/Ease/TWB5/Card.php:33
/home/vitex/Projects/VitexSoftware/php-ease-twbootstrap5/src/Ease/TWB5/Panel.php:64
/home/vitex/Projects/VitexSoftware/php-ease-twbootstrap5/tests/src/Ease/TWB5/PanelTest.php:36</error>
      </testcase>
      <testcase name="testConstructor" file="/home/vitex/Projects/VitexSoftware/php-ease-twbootstrap5/vendor/vitexsoftware/ease-html/tests/src/Ease/Html/PairTagTest.php" line="52" class="Test\Ease\TWB5\PanelTest" classname="Test.Ease.TWB5.PanelTest" assertions="0" time="0.000000">
        <error type="TypeError">Test\Ease\TWB5\PanelTest::testConstructor
TypeError: Ease\TWB5\Card::__construct(): Argument #2 ($properties) must be of type array, null given, called in /home/vitex/Projects/VitexSoftware/php-ease-twbootstrap5/src/Ease/TWB5/Panel.php on line 64

/home/vitex/Projects/VitexSoftware/php-ease-twbootstrap5/src/Ease/TWB5/Card.php:33
/home/vitex/Projects/VitexSoftware/php-ease-twbootstrap5/src/Ease/TWB5/Panel.php:64
/home/vitex/Projects/VitexSoftware/php-ease-twbootstrap5/tests/src/Ease/TWB5/PanelTest.php:36</error>
      </testcase>
      <testcase name="testDraw" file="/home/vitex/Projects/VitexSoftware/php-ease-twbootstrap5/vendor/vitexsoftware/ease-html/tests/src/Ease/Html/PairTagTest.php" line="77" class="Test\Ease\TWB5\PanelTest" classname="Test.Ease.TWB5.PanelTest" assertions="0" time="0.000000">
        <error type="TypeError">Test\Ease\TWB5\PanelTest::testDraw
TypeError: Ease\TWB5\Card::__construct(): Argument #2 ($properties) must be of type array, null given, called in /home/vitex/Projects/VitexSoftware/php-ease-twbootstrap5/src/Ease/TWB5/Panel.php on line 64

/home/vitex/Projects/VitexSoftware/php-ease-twbootstrap5/src/Ease/TWB5/Card.php:33
/home/vitex/Projects/VitexSoftware/php-ease-twbootstrap5/src/Ease/TWB5/Panel.php:64
/home/vitex/Projects/VitexSoftware/php-ease-twbootstrap5/tests/src/Ease/TWB5/PanelTest.php:36</error>
      </testcase>
      <testcase name="testTagBegin" file="/home/vitex/Projects/VitexSoftware/php-ease-twbootstrap5/vendor/vitexsoftware/ease-html/tests/src/Ease/Html/PairTagTest.php" line="105" class="Test\Ease\TWB5\PanelTest" classname="Test.Ease.TWB5.PanelTest" assertions="0" time="0.000000">
        <error type="TypeError">Test\Ease\TWB5\PanelTest::testTagBegin
TypeError: Ease\TWB5\Card::__construct(): Argument #2 ($properties) must be of type array, null given, called in /home/vitex/Projects/VitexSoftware/php-ease-twbootstrap5/src/Ease/TWB5/Panel.php on line 64

/home/vitex/Projects/VitexSoftware/php-ease-twbootstrap5/src/Ease/TWB5/Card.php:33
/home/vitex/Projects/VitexSoftware/php-ease-twbootstrap5/src/Ease/TWB5/Panel.php:64
/home/vitex/Projects/VitexSoftware/php-ease-twbootstrap5/tests/src/Ease/TWB5/PanelTest.php:36</error>
      </testcase>
      <testcase name="testTagEnclousure" file="/home/vitex/Projects/VitexSoftware/php-ease-twbootstrap5/vendor/vitexsoftware/ease-html/tests/src/Ease/Html/PairTagTest.php" line="125" class="Test\Ease\TWB5\PanelTest" classname="Test.Ease.TWB5.PanelTest" assertions="0" time="0.000000">
        <error type="TypeError">Test\Ease\TWB5\PanelTest::testTagEnclousure
TypeError: Ease\TWB5\Card::__construct(): Argument #2 ($properties) must be of type array, null given, called in /home/vitex/Projects/VitexSoftware/php-ease-twbootstrap5/src/Ease/TWB5/Panel.php on line 64

/home/vitex/Projects/VitexSoftware/php-ease-twbootstrap5/src/Ease/TWB5/Card.php:33
/home/vitex/Projects/VitexSoftware/php-ease-twbootstrap5/src/Ease/TWB5/Panel.php:64
/home/vitex/Projects/VitexSoftware/php-ease-twbootstrap5/tests/src/Ease/TWB5/PanelTest.php:36</error>
      </testcase>
      <testcase name="testaddItem" file="/home/vitex/Projects/VitexSoftware/php-ease-twbootstrap5/tests/src/Ease/TWB5/PanelTest.php" line="52" class="Test\Ease\TWB5\PanelTest" classname="Test.Ease.TWB5.PanelTest" assertions="0" time="0.000000">
        <error type="TypeError">Test\Ease\TWB5\PanelTest::testaddItem
TypeError: Ease\TWB5\Card::__construct(): Argument #2 ($properties) must be of type array, null given, called in /home/vitex/Projects/VitexSoftware/php-ease-twbootstrap5/src/Ease/TWB5/Panel.php on line 64

/home/vitex/Projects/VitexSoftware/php-ease-twbootstrap5/src/Ease/TWB5/Card.php:33
/home/vitex/Projects/VitexSoftware/php-ease-twbootstrap5/src/Ease/TWB5/Panel.php:64
/home/vitex/Projects/VitexSoftware/php-ease-twbootstrap5/tests/src/Ease/TWB5/PanelTest.php:36</error>
      </testcase>
      <testcase name="testfinalize" file="/home/vitex/Projects/VitexSoftware/php-ease-twbootstrap5/tests/src/Ease/TWB5/PanelTest.php" line="64" class="Test\Ease\TWB5\PanelTest" classname="Test.Ease.TWB5.PanelTest" assertions="0" time="0.000000">
        <error type="TypeError">Test\Ease\TWB5\PanelTest::testfinalize
TypeError: Ease\TWB5\Card::__construct(): Argument #2 ($properties) must be of type array, null given, called in /home/vitex/Projects/VitexSoftware/php-ease-twbootstrap5/src/Ease/TWB5/Panel.php on line 64

/home/vitex/Projects/VitexSoftware/php-ease-twbootstrap5/src/Ease/TWB5/Card.php:33
/home/vitex/Projects/VitexSoftware/php-ease-twbootstrap5/src/Ease/TWB5/Panel.php:64
/home/vitex/Projects/VitexSoftware/php-ease-twbootstrap5/tests/src/Ease/TWB5/PanelTest.php:36</error>
      </testcase>
    </testsuite>
    <testsuite name="Test\Ease\TWB5\PartTest" file="/home/vitex/Projects/VitexSoftware/php-ease-twbootstrap5/tests/src/Ease/TWB5/PartTest.php" tests="1" assertions="1" errors="0" failures="1" skipped="0" time="0.003021">
      <testcase name="testtwBootstrapize" file="/home/vitex/Projects/VitexSoftware/php-ease-twbootstrap5/tests/src/Ease/TWB5/PartTest.php" line="52" class="Test\Ease\TWB5\PartTest" classname="Test.Ease.TWB5.PartTest" assertions="1" time="0.003021">
        <failure type="PHPUnit\Framework\ExpectationFailedException">Test\Ease\TWB5\PartTest::testtwBootstrapize
Failed asserting that true matches expected ''.

/home/vitex/Projects/VitexSoftware/php-ease-twbootstrap5/tests/src/Ease/TWB5/PartTest.php:54</failure>
      </testcase>
    </testsuite>
    <testsuite name="Test\Ease\TWB5\RowTest" file="/home/vitex/Projects/VitexSoftware/php-ease-twbootstrap5/tests/src/Ease/TWB5/RowTest.php" tests="1" assertions="0" errors="1" failures="0" skipped="0" time="0.002606">
      <testcase name="testaddColumn" file="/home/vitex/Projects/VitexSoftware/php-ease-twbootstrap5/tests/src/Ease/TWB5/RowTest.php" line="52" class="Test\Ease\TWB5\RowTest" classname="Test.Ease.TWB5.RowTest" assertions="0" time="0.002606">
        <error type="ArgumentCountError">Test\Ease\TWB5\RowTest::testaddColumn
ArgumentCountError: Too few arguments to function Ease\TWB5\Row::addColumn(), 0 passed in /home/vitex/Projects/VitexSoftware/php-ease-twbootstrap5/tests/src/Ease/TWB5/RowTest.php on line 54 and at least 1 expected

/home/vitex/Projects/VitexSoftware/php-ease-twbootstrap5/src/Ease/TWB5/Row.php:51
/home/vitex/Projects/VitexSoftware/php-ease-twbootstrap5/tests/src/Ease/TWB5/RowTest.php:54</error>
      </testcase>
    </testsuite>
    <testsuite name="Test\Ease\TWB5\SubmitButtonTest" file="/home/vitex/Projects/VitexSoftware/php-ease-twbootstrap5/tests/src/Ease/TWB5/SubmitButtonTest.php" tests="66" assertions="94" errors="2" failures="2" skipped="0" time="0.067089">
      <testcase name="testgetObjectName" file="/home/vitex/Projects/VitexSoftware/php-ease-twbootstrap5/vendor/vitexsoftware/ease-core/tests/src/Ease/AtomTest.php" line="61" class="Test\Ease\TWB5\SubmitButtonTest" classname="Test.Ease.TWB5.SubmitButtonTest" assertions="1" time="0.001294"/>
      <testcase name="testDataReset" file="/home/vitex/Projects/VitexSoftware/php-ease-twbootstrap5/vendor/vitexsoftware/ease-core/tests/src/Ease/SandTest.php" line="53" class="Test\Ease\TWB5\SubmitButtonTest" classname="Test.Ease.TWB5.SubmitButtonTest" assertions="1" time="0.000835"/>
      <testcase name="testSetData" file="/home/vitex/Projects/VitexSoftware/php-ease-twbootstrap5/vendor/vitexsoftware/ease-core/tests/src/Ease/SandTest.php" line="62" class="Test\Ease\TWB5\SubmitButtonTest" classname="Test.Ease.TWB5.SubmitButtonTest" assertions="1" time="0.000838"/>
      <testcase name="testGetData" file="/home/vitex/Projects/VitexSoftware/php-ease-twbootstrap5/vendor/vitexsoftware/ease-core/tests/src/Ease/SandTest.php" line="74" class="Test\Ease\TWB5\SubmitButtonTest" classname="Test.Ease.TWB5.SubmitButtonTest" assertions="1" time="0.000855"/>
      <testcase name="testGetDataCount" file="/home/vitex/Projects/VitexSoftware/php-ease-twbootstrap5/vendor/vitexsoftware/ease-core/tests/src/Ease/SandTest.php" line="84" class="Test\Ease\TWB5\SubmitButtonTest" classname="Test.Ease.TWB5.SubmitButtonTest" assertions="1" time="0.000839"/>
      <testcase name="testGetDataValue" file="/home/vitex/Projects/VitexSoftware/php-ease-twbootstrap5/vendor/vitexsoftware/ease-core/tests/src/Ease/SandTest.php" line="95" class="Test\Ease\TWB5\SubmitButtonTest" classname="Test.Ease.TWB5.SubmitButtonTest" assertions="2" time="0.000863"/>
      <testcase name="testSetDataValue" file="/home/vitex/Projects/VitexSoftware/php-ease-twbootstrap5/vendor/vitexsoftware/ease-core/tests/src/Ease/SandTest.php" line="106" class="Test\Ease\TWB5\SubmitButtonTest" classname="Test.Ease.TWB5.SubmitButtonTest" assertions="1" time="0.000809"/>
      <testcase name="testUnsetDataValue" file="/home/vitex/Projects/VitexSoftware/php-ease-twbootstrap5/vendor/vitexsoftware/ease-core/tests/src/Ease/SandTest.php" line="115" class="Test\Ease\TWB5\SubmitButtonTest" classname="Test.Ease.TWB5.SubmitButtonTest" assertions="3" time="0.000848"/>
      <testcase name="testTakeData" file="/home/vitex/Projects/VitexSoftware/php-ease-twbootstrap5/vendor/vitexsoftware/ease-core/tests/src/Ease/SandTest.php" line="127" class="Test\Ease\TWB5\SubmitButtonTest" classname="Test.Ease.TWB5.SubmitButtonTest" assertions="2" time="0.000904"/>
      <testcase name="testAddItemCustom" file="/home/vitex/Projects/VitexSoftware/php-ease-twbootstrap5/vendor/vitexsoftware/ease-html/tests/src/Ease/ContainerTest.php" line="60" class="Test\Ease\TWB5\SubmitButtonTest" classname="Test.Ease.TWB5.SubmitButtonTest" assertions="2" time="0.001093"/>
      <testcase name="testAddAsFirst" file="/home/vitex/Projects/VitexSoftware/php-ease-twbootstrap5/vendor/vitexsoftware/ease-html/tests/src/Ease/ContainerTest.php" line="92" class="Test\Ease\TWB5\SubmitButtonTest" classname="Test.Ease.TWB5.SubmitButtonTest" assertions="1" time="0.000921"/>
      <testcase name="testSuicide" file="/home/vitex/Projects/VitexSoftware/php-ease-twbootstrap5/vendor/vitexsoftware/ease-html/tests/src/Ease/ContainerTest.php" line="108" class="Test\Ease\TWB5\SubmitButtonTest" classname="Test.Ease.TWB5.SubmitButtonTest" assertions="3" time="0.000949"/>
      <testcase name="testGetItemsCount" file="/home/vitex/Projects/VitexSoftware/php-ease-twbootstrap5/vendor/vitexsoftware/ease-html/tests/src/Ease/ContainerTest.php" line="120" class="Test\Ease\TWB5\SubmitButtonTest" classname="Test.Ease.TWB5.SubmitButtonTest" assertions="2" time="0.000846"/>
      <testcase name="testAddNextTo" file="/home/vitex/Projects/VitexSoftware/php-ease-twbootstrap5/vendor/vitexsoftware/ease-html/tests/src/Ease/ContainerTest.php" line="131" class="Test\Ease\TWB5\SubmitButtonTest" classname="Test.Ease.TWB5.SubmitButtonTest" assertions="1" time="0.000841"/>
      <testcase name="testLastItem" file="/home/vitex/Projects/VitexSoftware/php-ease-twbootstrap5/vendor/vitexsoftware/ease-html/tests/src/Ease/ContainerTest.php" line="141" class="Test\Ease\TWB5\SubmitButtonTest" classname="Test.Ease.TWB5.SubmitButtonTest" assertions="1" time="0.000943"/>
      <testcase name="testAddToLastItem" file="/home/vitex/Projects/VitexSoftware/php-ease-twbootstrap5/vendor/vitexsoftware/ease-html/tests/src/Ease/ContainerTest.php" line="152" class="Test\Ease\TWB5\SubmitButtonTest" classname="Test.Ease.TWB5.SubmitButtonTest" assertions="1" time="0.000871"/>
      <testcase name="testGetFirstPart" file="/home/vitex/Projects/VitexSoftware/php-ease-twbootstrap5/vendor/vitexsoftware/ease-html/tests/src/Ease/ContainerTest.php" line="166" class="Test\Ease\TWB5\SubmitButtonTest" classname="Test.Ease.TWB5.SubmitButtonTest" assertions="2" time="0.000955"/>
      <testcase name="testGetContents" file="/home/vitex/Projects/VitexSoftware/php-ease-twbootstrap5/vendor/vitexsoftware/ease-html/tests/src/Ease/ContainerTest.php" line="181" class="Test\Ease\TWB5\SubmitButtonTest" classname="Test.Ease.TWB5.SubmitButtonTest" assertions="1" time="0.000805"/>
      <testcase name="testAddItems" file="/home/vitex/Projects/VitexSoftware/php-ease-twbootstrap5/vendor/vitexsoftware/ease-html/tests/src/Ease/ContainerTest.php" line="190" class="Test\Ease\TWB5\SubmitButtonTest" classname="Test.Ease.TWB5.SubmitButtonTest" assertions="1" time="0.000845"/>
      <testcase name="testEmptyContents" file="/home/vitex/Projects/VitexSoftware/php-ease-twbootstrap5/vendor/vitexsoftware/ease-html/tests/src/Ease/ContainerTest.php" line="200" class="Test\Ease\TWB5\SubmitButtonTest" classname="Test.Ease.TWB5.SubmitButtonTest" assertions="1" time="0.000850"/>
      <testcase name="testDrawAllContents" file="/home/vitex/Projects/VitexSoftware/php-ease-twbootstrap5/vendor/vitexsoftware/ease-html/tests/src/Ease/ContainerTest.php" line="210" class="Test\Ease\TWB5\SubmitButtonTest" classname="Test.Ease.TWB5.SubmitButtonTest" assertions="1" time="0.000985"/>
      <testcase name="testGetRendered" file="/home/vitex/Projects/VitexSoftware/php-ease-twbootstrap5/vendor/vitexsoftware/ease-html/tests/src/Ease/ContainerTest.php" line="239" class="Test\Ease\TWB5\SubmitButtonTest" classname="Test.Ease.TWB5.SubmitButtonTest" assertions="1" time="0.000950"/>
      <testcase name="testDrawIfNotDrawn" file="/home/vitex/Projects/VitexSoftware/php-ease-twbootstrap5/vendor/vitexsoftware/ease-html/tests/src/Ease/ContainerTest.php" line="261" class="Test\Ease\TWB5\SubmitButtonTest" classname="Test.Ease.TWB5.SubmitButtonTest" assertions="1" time="0.003411">
        <failure type="PHPUnit\Framework\ExpectationFailedException">Test\Ease\TWB5\SubmitButtonTest::testDrawIfNotDrawn
Failed asserting that two strings are equal.
--- Expected
+++ Actual
@@ @@
-'&lt;button&gt;Test&lt;/button&gt;'
+'&lt;button class="btn"&gt;&lt;/button&gt;'

/home/vitex/Projects/VitexSoftware/php-ease-twbootstrap5/vendor/vitexsoftware/ease-html/tests/src/Ease/ContainerTest.php:266</failure>
      </testcase>
      <testcase name="testIsFinalized" file="/home/vitex/Projects/VitexSoftware/php-ease-twbootstrap5/vendor/vitexsoftware/ease-html/tests/src/Ease/ContainerTest.php" line="277" class="Test\Ease\TWB5\SubmitButtonTest" classname="Test.Ease.TWB5.SubmitButtonTest" assertions="2" time="0.000974"/>
      <testcase name="testSetFinalized" file="/home/vitex/Projects/VitexSoftware/php-ease-twbootstrap5/vendor/vitexsoftware/ease-html/tests/src/Ease/ContainerTest.php" line="287" class="Test\Ease\TWB5\SubmitButtonTest" classname="Test.Ease.TWB5.SubmitButtonTest" assertions="1" time="0.000902"/>
      <testcase name="testIsEmpty" file="/home/vitex/Projects/VitexSoftware/php-ease-twbootstrap5/vendor/vitexsoftware/ease-html/tests/src/Ease/ContainerTest.php" line="296" class="Test\Ease\TWB5\SubmitButtonTest" classname="Test.Ease.TWB5.SubmitButtonTest" assertions="2" time="0.000853"/>
      <testcase name="testToString" file="/home/vitex/Projects/VitexSoftware/php-ease-twbootstrap5/vendor/vitexsoftware/ease-html/tests/src/Ease/ContainerTest.php" line="341" class="Test\Ease\TWB5\SubmitButtonTest" classname="Test.Ease.TWB5.SubmitButtonTest" assertions="1" time="0.000879"/>
      <testcase name="testSingleton" file="/home/vitex/Projects/VitexSoftware/php-ease-twbootstrap5/vendor/vitexsoftware/ease-html/tests/src/Ease/DocumentTest.php" line="52" class="Test\Ease\TWB5\SubmitButtonTest" classname="Test.Ease.TWB5.SubmitButtonTest" assertions="1" time="0.000822"/>
      <testcase name="testAddJavaScript" file="/home/vitex/Projects/VitexSoftware/php-ease-twbootstrap5/vendor/vitexsoftware/ease-html/tests/src/Ease/DocumentTest.php" line="67" class="Test\Ease\TWB5\SubmitButtonTest" classname="Test.Ease.TWB5.SubmitButtonTest" assertions="2" time="0.000892"/>
      <testcase name="testIncludeJavaScript" file="/home/vitex/Projects/VitexSoftware/php-ease-twbootstrap5/vendor/vitexsoftware/ease-html/tests/src/Ease/DocumentTest.php" line="81" class="Test\Ease\TWB5\SubmitButtonTest" classname="Test.Ease.TWB5.SubmitButtonTest" assertions="2" time="0.000901"/>
      <testcase name="testAddCSS" file="/home/vitex/Projects/VitexSoftware/php-ease-twbootstrap5/vendor/vitexsoftware/ease-html/tests/src/Ease/DocumentTest.php" line="91" class="Test\Ease\TWB5\SubmitButtonTest" classname="Test.Ease.TWB5.SubmitButtonTest" assertions="1" time="0.000840"/>
      <testcase name="testIncludeCss" file="/home/vitex/Projects/VitexSoftware/php-ease-twbootstrap5/vendor/vitexsoftware/ease-html/tests/src/Ease/DocumentTest.php" line="100" class="Test\Ease\TWB5\SubmitButtonTest" classname="Test.Ease.TWB5.SubmitButtonTest" assertions="1" time="0.000875"/>
      <testcase name="testRedirect" file="/home/vitex/Projects/VitexSoftware/php-ease-twbootstrap5/vendor/vitexsoftware/ease-html/tests/src/Ease/DocumentTest.php" line="109" class="Test\Ease\TWB5\SubmitButtonTest" classname="Test.Ease.TWB5.SubmitButtonTest" assertions="2" time="0.000901"/>
      <testcase name="testGetUri" file="/home/vitex/Projects/VitexSoftware/php-ease-twbootstrap5/vendor/vitexsoftware/ease-html/tests/src/Ease/DocumentTest.php" line="120" class="Test\Ease\TWB5\SubmitButtonTest" classname="Test.Ease.TWB5.SubmitButtonTest" assertions="1" time="0.000817"/>
      <testcase name="testPhpSelf" file="/home/vitex/Projects/VitexSoftware/php-ease-twbootstrap5/vendor/vitexsoftware/ease-html/tests/src/Ease/DocumentTest.php" line="129" class="Test\Ease\TWB5\SubmitButtonTest" classname="Test.Ease.TWB5.SubmitButtonTest" assertions="1" time="0.000880"/>
      <testcase name="testOnlyForLogged" file="/home/vitex/Projects/VitexSoftware/php-ease-twbootstrap5/vendor/vitexsoftware/ease-html/tests/src/Ease/DocumentTest.php" line="138" class="Test\Ease\TWB5\SubmitButtonTest" classname="Test.Ease.TWB5.SubmitButtonTest" assertions="0" time="0.002409">
        <error type="Error">Test\Ease\TWB5\SubmitButtonTest::testOnlyForLogged
Error: Class "User" not found

/home/vitex/Projects/VitexSoftware/php-ease-twbootstrap5/vendor/vitexsoftware/ease-core/src/Ease/Shared.php:318
/home/vitex/Projects/VitexSoftware/php-ease-twbootstrap5/vendor/vitexsoftware/ease-html/src/Ease/Document.php:222
/home/vitex/Projects/VitexSoftware/php-ease-twbootstrap5/vendor/vitexsoftware/ease-html/tests/src/Ease/DocumentTest.php:141</error>
      </testcase>
      <testcase name="testGetRequestValues" file="/home/vitex/Projects/VitexSoftware/php-ease-twbootstrap5/vendor/vitexsoftware/ease-html/tests/src/Ease/DocumentTest.php" line="151" class="Test\Ease\TWB5\SubmitButtonTest" classname="Test.Ease.TWB5.SubmitButtonTest" assertions="1" time="0.000904"/>
      <testcase name="testIsPosted" file="/home/vitex/Projects/VitexSoftware/php-ease-twbootstrap5/vendor/vitexsoftware/ease-html/tests/src/Ease/DocumentTest.php" line="163" class="Test\Ease\TWB5\SubmitButtonTest" classname="Test.Ease.TWB5.SubmitButtonTest" assertions="2" time="0.000875"/>
      <testcase name="testSanitizeAsType" file="/home/vitex/Projects/VitexSoftware/php-ease-twbootstrap5/vendor/vitexsoftware/ease-html/tests/src/Ease/DocumentTest.php" line="174" class="Test\Ease\TWB5\SubmitButtonTest" classname="Test.Ease.TWB5.SubmitButtonTest" assertions="8" time="0.000893"/>
      <testcase name="testGetRequestValue" file="/home/vitex/Projects/VitexSoftware/php-ease-twbootstrap5/vendor/vitexsoftware/ease-html/tests/src/Ease/DocumentTest.php" line="192" class="Test\Ease\TWB5\SubmitButtonTest" classname="Test.Ease.TWB5.SubmitButtonTest" assertions="1" time="0.000929"/>
      <testcase name="testGetGetValue" file="/home/vitex/Projects/VitexSoftware/php-ease-twbootstrap5/vendor/vitexsoftware/ease-html/tests/src/Ease/DocumentTest.php" line="201" class="Test\Ease\TWB5\SubmitButtonTest" classname="Test.Ease.TWB5.SubmitButtonTest" assertions="1" time="0.000840"/>
      <testcase name="testGetPostValue" file="/home/vitex/Projects/VitexSoftware/php-ease-twbootstrap5/vendor/vitexsoftware/ease-html/tests/src/Ease/DocumentTest.php" line="210" class="Test\Ease\TWB5\SubmitButtonTest" classname="Test.Ease.TWB5.SubmitButtonTest" assertions="1" time="0.000810"/>
      <testcase name="testIsFormPosted" file="/home/vitex/Projects/VitexSoftware/php-ease-twbootstrap5/vendor/vitexsoftware/ease-html/tests/src/Ease/DocumentTest.php" line="219" class="Test\Ease\TWB5\SubmitButtonTest" classname="Test.Ease.TWB5.SubmitButtonTest" assertions="2" time="0.000819"/>
      <testcase name="testArrayToUrlParams" file="/home/vitex/Projects/VitexSoftware/php-ease-twbootstrap5/vendor/vitexsoftware/ease-html/tests/src/Ease/DocumentTest.php" line="230" class="Test\Ease\TWB5\SubmitButtonTest" classname="Test.Ease.TWB5.SubmitButtonTest" assertions="2" time="0.000830"/>
      <testcase name="testAddItem" file="/home/vitex/Projects/VitexSoftware/php-ease-twbootstrap5/vendor/vitexsoftware/ease-html/tests/src/Ease/DocumentTest.php" line="251" class="Test\Ease\TWB5\SubmitButtonTest" classname="Test.Ease.TWB5.SubmitButtonTest" assertions="3" time="0.000901"/>
      <testcase name="testRegisterItem" file="/home/vitex/Projects/VitexSoftware/php-ease-twbootstrap5/vendor/vitexsoftware/ease-html/tests/src/Ease/DocumentTest.php" line="263" class="Test\Ease\TWB5\SubmitButtonTest" classname="Test.Ease.TWB5.SubmitButtonTest" assertions="1" time="0.000891"/>
      <testcase name="testSetObjectName" file="/home/vitex/Projects/VitexSoftware/php-ease-twbootstrap5/vendor/vitexsoftware/ease-html/tests/src/Ease/Html/TagTest.php" line="72" class="Test\Ease\TWB5\SubmitButtonTest" classname="Test.Ease.TWB5.SubmitButtonTest" assertions="2" time="0.000858"/>
      <testcase name="testSetTagName" file="/home/vitex/Projects/VitexSoftware/php-ease-twbootstrap5/vendor/vitexsoftware/ease-html/tests/src/Ease/Html/TagTest.php" line="101" class="Test\Ease\TWB5\SubmitButtonTest" classname="Test.Ease.TWB5.SubmitButtonTest" assertions="1" time="0.000820"/>
      <testcase name="testGetTagName" file="/home/vitex/Projects/VitexSoftware/php-ease-twbootstrap5/vendor/vitexsoftware/ease-html/tests/src/Ease/Html/TagTest.php" line="111" class="Test\Ease\TWB5\SubmitButtonTest" classname="Test.Ease.TWB5.SubmitButtonTest" assertions="2" time="0.000903"/>
      <testcase name="testSetTagType" file="/home/vitex/Projects/VitexSoftware/php-ease-twbootstrap5/vendor/vitexsoftware/ease-html/tests/src/Ease/Html/TagTest.php" line="122" class="Test\Ease\TWB5\SubmitButtonTest" classname="Test.Ease.TWB5.SubmitButtonTest" assertions="1" time="0.000845"/>
      <testcase name="testGetTagType" file="/home/vitex/Projects/VitexSoftware/php-ease-twbootstrap5/vendor/vitexsoftware/ease-html/tests/src/Ease/Html/TagTest.php" line="131" class="Test\Ease\TWB5\SubmitButtonTest" classname="Test.Ease.TWB5.SubmitButtonTest" assertions="1" time="0.000899"/>
      <testcase name="testSetTagClass" file="/home/vitex/Projects/VitexSoftware/php-ease-twbootstrap5/vendor/vitexsoftware/ease-html/tests/src/Ease/Html/TagTest.php" line="140" class="Test\Ease\TWB5\SubmitButtonTest" classname="Test.Ease.TWB5.SubmitButtonTest" assertions="1" time="0.000833"/>
      <testcase name="testAddTagClass" file="/home/vitex/Projects/VitexSoftware/php-ease-twbootstrap5/vendor/vitexsoftware/ease-html/tests/src/Ease/Html/TagTest.php" line="149" class="Test\Ease\TWB5\SubmitButtonTest" classname="Test.Ease.TWB5.SubmitButtonTest" assertions="1" time="0.000844"/>
      <testcase name="testGetTagClass" file="/home/vitex/Projects/VitexSoftware/php-ease-twbootstrap5/vendor/vitexsoftware/ease-html/tests/src/Ease/Html/TagTest.php" line="159" class="Test\Ease\TWB5\SubmitButtonTest" classname="Test.Ease.TWB5.SubmitButtonTest" assertions="1" time="0.000830"/>
      <testcase name="testSetTagID" file="/home/vitex/Projects/VitexSoftware/php-ease-twbootstrap5/vendor/vitexsoftware/ease-html/tests/src/Ease/Html/TagTest.php" line="168" class="Test\Ease\TWB5\SubmitButtonTest" classname="Test.Ease.TWB5.SubmitButtonTest" assertions="2" time="0.000838"/>
      <testcase name="testGetTagID" file="/home/vitex/Projects/VitexSoftware/php-ease-twbootstrap5/vendor/vitexsoftware/ease-html/tests/src/Ease/Html/TagTest.php" line="179" class="Test\Ease\TWB5\SubmitButtonTest" classname="Test.Ease.TWB5.SubmitButtonTest" assertions="1" time="0.000828"/>
      <testcase name="testGetTagProperty" file="/home/vitex/Projects/VitexSoftware/php-ease-twbootstrap5/vendor/vitexsoftware/ease-html/tests/src/Ease/Html/TagTest.php" line="188" class="Test\Ease\TWB5\SubmitButtonTest" classname="Test.Ease.TWB5.SubmitButtonTest" assertions="1" time="0.000809"/>
      <testcase name="testSetTagProperties" file="/home/vitex/Projects/VitexSoftware/php-ease-twbootstrap5/vendor/vitexsoftware/ease-html/tests/src/Ease/Html/TagTest.php" line="197" class="Test\Ease\TWB5\SubmitButtonTest" classname="Test.Ease.TWB5.SubmitButtonTest" assertions="2" time="0.000835"/>
      <testcase name="testTagPropertiesToString" file="/home/vitex/Projects/VitexSoftware/php-ease-twbootstrap5/vendor/vitexsoftware/ease-html/tests/src/Ease/Html/TagTest.php" line="208" class="Test\Ease\TWB5\SubmitButtonTest" classname="Test.Ease.TWB5.SubmitButtonTest" assertions="1" time="0.001072"/>
      <testcase name="testSetTagCss" file="/home/vitex/Projects/VitexSoftware/php-ease-twbootstrap5/vendor/vitexsoftware/ease-html/tests/src/Ease/Html/TagTest.php" line="218" class="Test\Ease\TWB5\SubmitButtonTest" classname="Test.Ease.TWB5.SubmitButtonTest" assertions="1" time="0.001195"/>
      <testcase name="testCssPropertiesToString" file="/home/vitex/Projects/VitexSoftware/php-ease-twbootstrap5/vendor/vitexsoftware/ease-html/tests/src/Ease/Html/TagTest.php" line="230" class="Test\Ease\TWB5\SubmitButtonTest" classname="Test.Ease.TWB5.SubmitButtonTest" assertions="1" time="0.001149"/>
      <testcase name="testFinalize" file="/home/vitex/Projects/VitexSoftware/php-ease-twbootstrap5/vendor/vitexsoftware/ease-html/tests/src/Ease/Html/TagTest.php" line="268" class="Test\Ease\TWB5\SubmitButtonTest" classname="Test.Ease.TWB5.SubmitButtonTest" assertions="1" time="0.000891"/>
      <testcase name="testConstructor" file="/home/vitex/Projects/VitexSoftware/php-ease-twbootstrap5/vendor/vitexsoftware/ease-html/tests/src/Ease/Html/PairTagTest.php" line="52" class="Test\Ease\TWB5\SubmitButtonTest" classname="Test.Ease.TWB5.SubmitButtonTest" assertions="0" time="0.002911">
        <error type="TypeError">Test\Ease\TWB5\SubmitButtonTest::testConstructor
TypeError: Cannot access offset of type string on string

/home/vitex/Projects/VitexSoftware/php-ease-twbootstrap5/src/Ease/TWB5/SubmitButton.php:35
/home/vitex/Projects/VitexSoftware/php-ease-twbootstrap5/vendor/vitexsoftware/ease-html/tests/src/Ease/Html/PairTagTest.php:62</error>
      </testcase>
      <testcase name="testDraw" file="/home/vitex/Projects/VitexSoftware/php-ease-twbootstrap5/vendor/vitexsoftware/ease-html/tests/src/Ease/Html/PairTagTest.php" line="77" class="Test\Ease\TWB5\SubmitButtonTest" classname="Test.Ease.TWB5.SubmitButtonTest" assertions="1" time="0.002816">
        <failure type="PHPUnit\Framework\ExpectationFailedException">Test\Ease\TWB5\SubmitButtonTest::testDraw
Failed asserting that two strings are equal.
--- Expected
+++ Actual
@@ @@
-'&lt;button&gt;Test&lt;/button&gt;'
+'&lt;button class="btn"&gt;&lt;/button&gt;'

/home/vitex/Projects/VitexSoftware/php-ease-twbootstrap5/vendor/vitexsoftware/ease-html/tests/src/Ease/Html/PairTagTest.php:97</failure>
      </testcase>
      <testcase name="testTagBegin" file="/home/vitex/Projects/VitexSoftware/php-ease-twbootstrap5/vendor/vitexsoftware/ease-html/tests/src/Ease/Html/PairTagTest.php" line="105" class="Test\Ease\TWB5\SubmitButtonTest" classname="Test.Ease.TWB5.SubmitButtonTest" assertions="1" time="0.000935"/>
      <testcase name="testTagEnclousure" file="/home/vitex/Projects/VitexSoftware/php-ease-twbootstrap5/vendor/vitexsoftware/ease-html/tests/src/Ease/Html/PairTagTest.php" line="125" class="Test\Ease\TWB5\SubmitButtonTest" classname="Test.Ease.TWB5.SubmitButtonTest" assertions="1" time="0.000989"/>
    </testsuite>
    <testsuite name="Test\Ease\TWB5\WebPageTest" file="/home/vitex/Projects/VitexSoftware/php-ease-twbootstrap5/tests/src/Ease/TWB5/WebPageTest.php" tests="57" assertions="0" errors="56" failures="0" skipped="1" time="0.000000">
      <testcase name="testgetObjectName" file="/home/vitex/Projects/VitexSoftware/php-ease-twbootstrap5/vendor/vitexsoftware/ease-core/tests/src/Ease/AtomTest.php" line="61" class="Test\Ease\TWB5\WebPageTest" classname="Test.Ease.TWB5.WebPageTest" assertions="0" time="0.000000">
        <error type="TypeError">Test\Ease\TWB5\WebPageTest::testgetObjectName
TypeError: Ease\WebPage::__construct(): Argument #1 ($pageTitle) must be of type string, null given, called in /home/vitex/Projects/VitexSoftware/php-ease-twbootstrap5/src/Ease/TWB5/WebPage.php on line 59

/home/vitex/Projects/VitexSoftware/php-ease-twbootstrap5/vendor/vitexsoftware/ease-html/src/Ease/WebPage.php:86
/home/vitex/Projects/VitexSoftware/php-ease-twbootstrap5/src/Ease/TWB5/WebPage.php:59
/home/vitex/Projects/VitexSoftware/php-ease-twbootstrap5/tests/src/Ease/TWB5/WebPageTest.php:36</error>
      </testcase>
      <testcase name="testDataReset" file="/home/vitex/Projects/VitexSoftware/php-ease-twbootstrap5/vendor/vitexsoftware/ease-core/tests/src/Ease/SandTest.php" line="53" class="Test\Ease\TWB5\WebPageTest" classname="Test.Ease.TWB5.WebPageTest" assertions="0" time="0.000000">
        <error type="TypeError">Test\Ease\TWB5\WebPageTest::testDataReset
TypeError: Ease\WebPage::__construct(): Argument #1 ($pageTitle) must be of type string, null given, called in /home/vitex/Projects/VitexSoftware/php-ease-twbootstrap5/src/Ease/TWB5/WebPage.php on line 59

/home/vitex/Projects/VitexSoftware/php-ease-twbootstrap5/vendor/vitexsoftware/ease-html/src/Ease/WebPage.php:86
/home/vitex/Projects/VitexSoftware/php-ease-twbootstrap5/src/Ease/TWB5/WebPage.php:59
/home/vitex/Projects/VitexSoftware/php-ease-twbootstrap5/tests/src/Ease/TWB5/WebPageTest.php:36</error>
      </testcase>
      <testcase name="testSetData" file="/home/vitex/Projects/VitexSoftware/php-ease-twbootstrap5/vendor/vitexsoftware/ease-core/tests/src/Ease/SandTest.php" line="62" class="Test\Ease\TWB5\WebPageTest" classname="Test.Ease.TWB5.WebPageTest" assertions="0" time="0.000000">
        <error type="TypeError">Test\Ease\TWB5\WebPageTest::testSetData
TypeError: Ease\WebPage::__construct(): Argument #1 ($pageTitle) must be of type string, null given, called in /home/vitex/Projects/VitexSoftware/php-ease-twbootstrap5/src/Ease/TWB5/WebPage.php on line 59

/home/vitex/Projects/VitexSoftware/php-ease-twbootstrap5/vendor/vitexsoftware/ease-html/src/Ease/WebPage.php:86
/home/vitex/Projects/VitexSoftware/php-ease-twbootstrap5/src/Ease/TWB5/WebPage.php:59
/home/vitex/Projects/VitexSoftware/php-ease-twbootstrap5/tests/src/Ease/TWB5/WebPageTest.php:36</error>
      </testcase>
      <testcase name="testGetData" file="/home/vitex/Projects/VitexSoftware/php-ease-twbootstrap5/vendor/vitexsoftware/ease-core/tests/src/Ease/SandTest.php" line="74" class="Test\Ease\TWB5\WebPageTest" classname="Test.Ease.TWB5.WebPageTest" assertions="0" time="0.000000">
        <skipped/>
      </testcase>
      <testcase name="testGetDataCount" file="/home/vitex/Projects/VitexSoftware/php-ease-twbootstrap5/vendor/vitexsoftware/ease-core/tests/src/Ease/SandTest.php" line="84" class="Test\Ease\TWB5\WebPageTest" classname="Test.Ease.TWB5.WebPageTest" assertions="0" time="0.000000">
        <error type="TypeError">Test\Ease\TWB5\WebPageTest::testGetDataCount
TypeError: Ease\WebPage::__construct(): Argument #1 ($pageTitle) must be of type string, null given, called in /home/vitex/Projects/VitexSoftware/php-ease-twbootstrap5/src/Ease/TWB5/WebPage.php on line 59

/home/vitex/Projects/VitexSoftware/php-ease-twbootstrap5/vendor/vitexsoftware/ease-html/src/Ease/WebPage.php:86
/home/vitex/Projects/VitexSoftware/php-ease-twbootstrap5/src/Ease/TWB5/WebPage.php:59
/home/vitex/Projects/VitexSoftware/php-ease-twbootstrap5/tests/src/Ease/TWB5/WebPageTest.php:36</error>
      </testcase>
      <testcase name="testGetDataValue" file="/home/vitex/Projects/VitexSoftware/php-ease-twbootstrap5/vendor/vitexsoftware/ease-core/tests/src/Ease/SandTest.php" line="95" class="Test\Ease\TWB5\WebPageTest" classname="Test.Ease.TWB5.WebPageTest" assertions="0" time="0.000000">
        <error type="TypeError">Test\Ease\TWB5\WebPageTest::testGetDataValue
TypeError: Ease\WebPage::__construct(): Argument #1 ($pageTitle) must be of type string, null given, called in /home/vitex/Projects/VitexSoftware/php-ease-twbootstrap5/src/Ease/TWB5/WebPage.php on line 59

/home/vitex/Projects/VitexSoftware/php-ease-twbootstrap5/vendor/vitexsoftware/ease-html/src/Ease/WebPage.php:86
/home/vitex/Projects/VitexSoftware/php-ease-twbootstrap5/src/Ease/TWB5/WebPage.php:59
/home/vitex/Projects/VitexSoftware/php-ease-twbootstrap5/tests/src/Ease/TWB5/WebPageTest.php:36</error>
      </testcase>
      <testcase name="testSetDataValue" file="/home/vitex/Projects/VitexSoftware/php-ease-twbootstrap5/vendor/vitexsoftware/ease-core/tests/src/Ease/SandTest.php" line="106" class="Test\Ease\TWB5\WebPageTest" classname="Test.Ease.TWB5.WebPageTest" assertions="0" time="0.000000">
        <error type="TypeError">Test\Ease\TWB5\WebPageTest::testSetDataValue
TypeError: Ease\WebPage::__construct(): Argument #1 ($pageTitle) must be of type string, null given, called in /home/vitex/Projects/VitexSoftware/php-ease-twbootstrap5/src/Ease/TWB5/WebPage.php on line 59

/home/vitex/Projects/VitexSoftware/php-ease-twbootstrap5/vendor/vitexsoftware/ease-html/src/Ease/WebPage.php:86
/home/vitex/Projects/VitexSoftware/php-ease-twbootstrap5/src/Ease/TWB5/WebPage.php:59
/home/vitex/Projects/VitexSoftware/php-ease-twbootstrap5/tests/src/Ease/TWB5/WebPageTest.php:36</error>
      </testcase>
      <testcase name="testUnsetDataValue" file="/home/vitex/Projects/VitexSoftware/php-ease-twbootstrap5/vendor/vitexsoftware/ease-core/tests/src/Ease/SandTest.php" line="115" class="Test\Ease\TWB5\WebPageTest" classname="Test.Ease.TWB5.WebPageTest" assertions="0" time="0.000000">
        <error type="TypeError">Test\Ease\TWB5\WebPageTest::testUnsetDataValue
TypeError: Ease\WebPage::__construct(): Argument #1 ($pageTitle) must be of type string, null given, called in /home/vitex/Projects/VitexSoftware/php-ease-twbootstrap5/src/Ease/TWB5/WebPage.php on line 59

/home/vitex/Projects/VitexSoftware/php-ease-twbootstrap5/vendor/vitexsoftware/ease-html/src/Ease/WebPage.php:86
/home/vitex/Projects/VitexSoftware/php-ease-twbootstrap5/src/Ease/TWB5/WebPage.php:59
/home/vitex/Projects/VitexSoftware/php-ease-twbootstrap5/tests/src/Ease/TWB5/WebPageTest.php:36</error>
      </testcase>
      <testcase name="testTakeData" file="/home/vitex/Projects/VitexSoftware/php-ease-twbootstrap5/vendor/vitexsoftware/ease-core/tests/src/Ease/SandTest.php" line="127" class="Test\Ease\TWB5\WebPageTest" classname="Test.Ease.TWB5.WebPageTest" assertions="0" time="0.000000">
        <error type="TypeError">Test\Ease\TWB5\WebPageTest::testTakeData
TypeError: Ease\WebPage::__construct(): Argument #1 ($pageTitle) must be of type string, null given, called in /home/vitex/Projects/VitexSoftware/php-ease-twbootstrap5/src/Ease/TWB5/WebPage.php on line 59

/home/vitex/Projects/VitexSoftware/php-ease-twbootstrap5/vendor/vitexsoftware/ease-html/src/Ease/WebPage.php:86
/home/vitex/Projects/VitexSoftware/php-ease-twbootstrap5/src/Ease/TWB5/WebPage.php:59
/home/vitex/Projects/VitexSoftware/php-ease-twbootstrap5/tests/src/Ease/TWB5/WebPageTest.php:36</error>
      </testcase>
      <testcase name="testConstructor" file="/home/vitex/Projects/VitexSoftware/php-ease-twbootstrap5/vendor/vitexsoftware/ease-html/tests/src/Ease/ContainerTest.php" line="51" class="Test\Ease\TWB5\WebPageTest" classname="Test.Ease.TWB5.WebPageTest" assertions="0" time="0.000000">
        <error type="TypeError">Test\Ease\TWB5\WebPageTest::testConstructor
TypeError: Ease\WebPage::__construct(): Argument #1 ($pageTitle) must be of type string, null given, called in /home/vitex/Projects/VitexSoftware/php-ease-twbootstrap5/src/Ease/TWB5/WebPage.php on line 59

/home/vitex/Projects/VitexSoftware/php-ease-twbootstrap5/vendor/vitexsoftware/ease-html/src/Ease/WebPage.php:86
/home/vitex/Projects/VitexSoftware/php-ease-twbootstrap5/src/Ease/TWB5/WebPage.php:59
/home/vitex/Projects/VitexSoftware/php-ease-twbootstrap5/tests/src/Ease/TWB5/WebPageTest.php:36</error>
      </testcase>
      <testcase name="testAddItemCustom" file="/home/vitex/Projects/VitexSoftware/php-ease-twbootstrap5/vendor/vitexsoftware/ease-html/tests/src/Ease/ContainerTest.php" line="60" class="Test\Ease\TWB5\WebPageTest" classname="Test.Ease.TWB5.WebPageTest" assertions="0" time="0.000000">
        <error type="TypeError">Test\Ease\TWB5\WebPageTest::testAddItemCustom
TypeError: Ease\WebPage::__construct(): Argument #1 ($pageTitle) must be of type string, null given, called in /home/vitex/Projects/VitexSoftware/php-ease-twbootstrap5/src/Ease/TWB5/WebPage.php on line 59

/home/vitex/Projects/VitexSoftware/php-ease-twbootstrap5/vendor/vitexsoftware/ease-html/src/Ease/WebPage.php:86
/home/vitex/Projects/VitexSoftware/php-ease-twbootstrap5/src/Ease/TWB5/WebPage.php:59
/home/vitex/Projects/VitexSoftware/php-ease-twbootstrap5/tests/src/Ease/TWB5/WebPageTest.php:36</error>
      </testcase>
      <testcase name="testAddAsFirst" file="/home/vitex/Projects/VitexSoftware/php-ease-twbootstrap5/vendor/vitexsoftware/ease-html/tests/src/Ease/ContainerTest.php" line="92" class="Test\Ease\TWB5\WebPageTest" classname="Test.Ease.TWB5.WebPageTest" assertions="0" time="0.000000">
        <error type="TypeError">Test\Ease\TWB5\WebPageTest::testAddAsFirst
TypeError: Ease\WebPage::__construct(): Argument #1 ($pageTitle) must be of type string, null given, called in /home/vitex/Projects/VitexSoftware/php-ease-twbootstrap5/src/Ease/TWB5/WebPage.php on line 59

/home/vitex/Projects/VitexSoftware/php-ease-twbootstrap5/vendor/vitexsoftware/ease-html/src/Ease/WebPage.php:86
/home/vitex/Projects/VitexSoftware/php-ease-twbootstrap5/src/Ease/TWB5/WebPage.php:59
/home/vitex/Projects/VitexSoftware/php-ease-twbootstrap5/tests/src/Ease/TWB5/WebPageTest.php:36</error>
      </testcase>
      <testcase name="testSuicide" file="/home/vitex/Projects/VitexSoftware/php-ease-twbootstrap5/vendor/vitexsoftware/ease-html/tests/src/Ease/ContainerTest.php" line="108" class="Test\Ease\TWB5\WebPageTest" classname="Test.Ease.TWB5.WebPageTest" assertions="0" time="0.000000">
        <error type="TypeError">Test\Ease\TWB5\WebPageTest::testSuicide
TypeError: Ease\WebPage::__construct(): Argument #1 ($pageTitle) must be of type string, null given, called in /home/vitex/Projects/VitexSoftware/php-ease-twbootstrap5/src/Ease/TWB5/WebPage.php on line 59

/home/vitex/Projects/VitexSoftware/php-ease-twbootstrap5/vendor/vitexsoftware/ease-html/src/Ease/WebPage.php:86
/home/vitex/Projects/VitexSoftware/php-ease-twbootstrap5/src/Ease/TWB5/WebPage.php:59
/home/vitex/Projects/VitexSoftware/php-ease-twbootstrap5/tests/src/Ease/TWB5/WebPageTest.php:36</error>
      </testcase>
      <testcase name="testAddNextTo" file="/home/vitex/Projects/VitexSoftware/php-ease-twbootstrap5/vendor/vitexsoftware/ease-html/tests/src/Ease/ContainerTest.php" line="131" class="Test\Ease\TWB5\WebPageTest" classname="Test.Ease.TWB5.WebPageTest" assertions="0" time="0.000000">
        <error type="TypeError">Test\Ease\TWB5\WebPageTest::testAddNextTo
TypeError: Ease\WebPage::__construct(): Argument #1 ($pageTitle) must be of type string, null given, called in /home/vitex/Projects/VitexSoftware/php-ease-twbootstrap5/src/Ease/TWB5/WebPage.php on line 59

/home/vitex/Projects/VitexSoftware/php-ease-twbootstrap5/vendor/vitexsoftware/ease-html/src/Ease/WebPage.php:86
/home/vitex/Projects/VitexSoftware/php-ease-twbootstrap5/src/Ease/TWB5/WebPage.php:59
/home/vitex/Projects/VitexSoftware/php-ease-twbootstrap5/tests/src/Ease/TWB5/WebPageTest.php:36</error>
      </testcase>
      <testcase name="testLastItem" file="/home/vitex/Projects/VitexSoftware/php-ease-twbootstrap5/vendor/vitexsoftware/ease-html/tests/src/Ease/ContainerTest.php" line="141" class="Test\Ease\TWB5\WebPageTest" classname="Test.Ease.TWB5.WebPageTest" assertions="0" time="0.000000">
        <error type="TypeError">Test\Ease\TWB5\WebPageTest::testLastItem
TypeError: Ease\WebPage::__construct(): Argument #1 ($pageTitle) must be of type string, null given, called in /home/vitex/Projects/VitexSoftware/php-ease-twbootstrap5/src/Ease/TWB5/WebPage.php on line 59

/home/vitex/Projects/VitexSoftware/php-ease-twbootstrap5/vendor/vitexsoftware/ease-html/src/Ease/WebPage.php:86
/home/vitex/Projects/VitexSoftware/php-ease-twbootstrap5/src/Ease/TWB5/WebPage.php:59
/home/vitex/Projects/VitexSoftware/php-ease-twbootstrap5/tests/src/Ease/TWB5/WebPageTest.php:36</error>
      </testcase>
      <testcase name="testAddToLastItem" file="/home/vitex/Projects/VitexSoftware/php-ease-twbootstrap5/vendor/vitexsoftware/ease-html/tests/src/Ease/ContainerTest.php" line="152" class="Test\Ease\TWB5\WebPageTest" classname="Test.Ease.TWB5.WebPageTest" assertions="0" time="0.000000">
        <error type="TypeError">Test\Ease\TWB5\WebPageTest::testAddToLastItem
TypeError: Ease\WebPage::__construct(): Argument #1 ($pageTitle) must be of type string, null given, called in /home/vitex/Projects/VitexSoftware/php-ease-twbootstrap5/src/Ease/TWB5/WebPage.php on line 59

/home/vitex/Projects/VitexSoftware/php-ease-twbootstrap5/vendor/vitexsoftware/ease-html/src/Ease/WebPage.php:86
/home/vitex/Projects/VitexSoftware/php-ease-twbootstrap5/src/Ease/TWB5/WebPage.php:59
/home/vitex/Projects/VitexSoftware/php-ease-twbootstrap5/tests/src/Ease/TWB5/WebPageTest.php:36</error>
      </testcase>
      <testcase name="testGetFirstPart" file="/home/vitex/Projects/VitexSoftware/php-ease-twbootstrap5/vendor/vitexsoftware/ease-html/tests/src/Ease/ContainerTest.php" line="166" class="Test\Ease\TWB5\WebPageTest" classname="Test.Ease.TWB5.WebPageTest" assertions="0" time="0.000000">
        <error type="TypeError">Test\Ease\TWB5\WebPageTest::testGetFirstPart
TypeError: Ease\WebPage::__construct(): Argument #1 ($pageTitle) must be of type string, null given, called in /home/vitex/Projects/VitexSoftware/php-ease-twbootstrap5/src/Ease/TWB5/WebPage.php on line 59

/home/vitex/Projects/VitexSoftware/php-ease-twbootstrap5/vendor/vitexsoftware/ease-html/src/Ease/WebPage.php:86
/home/vitex/Projects/VitexSoftware/php-ease-twbootstrap5/src/Ease/TWB5/WebPage.php:59
/home/vitex/Projects/VitexSoftware/php-ease-twbootstrap5/tests/src/Ease/TWB5/WebPageTest.php:36</error>
      </testcase>
      <testcase name="testGetContents" file="/home/vitex/Projects/VitexSoftware/php-ease-twbootstrap5/vendor/vitexsoftware/ease-html/tests/src/Ease/ContainerTest.php" line="181" class="Test\Ease\TWB5\WebPageTest" classname="Test.Ease.TWB5.WebPageTest" assertions="0" time="0.000000">
        <error type="TypeError">Test\Ease\TWB5\WebPageTest::testGetContents
TypeError: Ease\WebPage::__construct(): Argument #1 ($pageTitle) must be of type string, null given, called in /home/vitex/Projects/VitexSoftware/php-ease-twbootstrap5/src/Ease/TWB5/WebPage.php on line 59

/home/vitex/Projects/VitexSoftware/php-ease-twbootstrap5/vendor/vitexsoftware/ease-html/src/Ease/WebPage.php:86
/home/vitex/Projects/VitexSoftware/php-ease-twbootstrap5/src/Ease/TWB5/WebPage.php:59
/home/vitex/Projects/VitexSoftware/php-ease-twbootstrap5/tests/src/Ease/TWB5/WebPageTest.php:36</error>
      </testcase>
      <testcase name="testAddItems" file="/home/vitex/Projects/VitexSoftware/php-ease-twbootstrap5/vendor/vitexsoftware/ease-html/tests/src/Ease/ContainerTest.php" line="190" class="Test\Ease\TWB5\WebPageTest" classname="Test.Ease.TWB5.WebPageTest" assertions="0" time="0.000000">
        <error type="TypeError">Test\Ease\TWB5\WebPageTest::testAddItems
TypeError: Ease\WebPage::__construct(): Argument #1 ($pageTitle) must be of type string, null given, called in /home/vitex/Projects/VitexSoftware/php-ease-twbootstrap5/src/Ease/TWB5/WebPage.php on line 59

/home/vitex/Projects/VitexSoftware/php-ease-twbootstrap5/vendor/vitexsoftware/ease-html/src/Ease/WebPage.php:86
/home/vitex/Projects/VitexSoftware/php-ease-twbootstrap5/src/Ease/TWB5/WebPage.php:59
/home/vitex/Projects/VitexSoftware/php-ease-twbootstrap5/tests/src/Ease/TWB5/WebPageTest.php:36</error>
      </testcase>
      <testcase name="testEmptyContents" file="/home/vitex/Projects/VitexSoftware/php-ease-twbootstrap5/vendor/vitexsoftware/ease-html/tests/src/Ease/ContainerTest.php" line="200" class="Test\Ease\TWB5\WebPageTest" classname="Test.Ease.TWB5.WebPageTest" assertions="0" time="0.000000">
        <error type="TypeError">Test\Ease\TWB5\WebPageTest::testEmptyContents
TypeError: Ease\WebPage::__construct(): Argument #1 ($pageTitle) must be of type string, null given, called in /home/vitex/Projects/VitexSoftware/php-ease-twbootstrap5/src/Ease/TWB5/WebPage.php on line 59

/home/vitex/Projects/VitexSoftware/php-ease-twbootstrap5/vendor/vitexsoftware/ease-html/src/Ease/WebPage.php:86
/home/vitex/Projects/VitexSoftware/php-ease-twbootstrap5/src/Ease/TWB5/WebPage.php:59
/home/vitex/Projects/VitexSoftware/php-ease-twbootstrap5/tests/src/Ease/TWB5/WebPageTest.php:36</error>
      </testcase>
      <testcase name="testDrawAllContents" file="/home/vitex/Projects/VitexSoftware/php-ease-twbootstrap5/vendor/vitexsoftware/ease-html/tests/src/Ease/ContainerTest.php" line="210" class="Test\Ease\TWB5\WebPageTest" classname="Test.Ease.TWB5.WebPageTest" assertions="0" time="0.000000">
        <error type="TypeError">Test\Ease\TWB5\WebPageTest::testDrawAllContents
TypeError: Ease\WebPage::__construct(): Argument #1 ($pageTitle) must be of type string, null given, called in /home/vitex/Projects/VitexSoftware/php-ease-twbootstrap5/src/Ease/TWB5/WebPage.php on line 59

/home/vitex/Projects/VitexSoftware/php-ease-twbootstrap5/vendor/vitexsoftware/ease-html/src/Ease/WebPage.php:86
/home/vitex/Projects/VitexSoftware/php-ease-twbootstrap5/src/Ease/TWB5/WebPage.php:59
/home/vitex/Projects/VitexSoftware/php-ease-twbootstrap5/tests/src/Ease/TWB5/WebPageTest.php:36</error>
      </testcase>
      <testcase name="testGetRendered" file="/home/vitex/Projects/VitexSoftware/php-ease-twbootstrap5/vendor/vitexsoftware/ease-html/tests/src/Ease/ContainerTest.php" line="239" class="Test\Ease\TWB5\WebPageTest" classname="Test.Ease.TWB5.WebPageTest" assertions="0" time="0.000000">
        <error type="TypeError">Test\Ease\TWB5\WebPageTest::testGetRendered
TypeError: Ease\WebPage::__construct(): Argument #1 ($pageTitle) must be of type string, null given, called in /home/vitex/Projects/VitexSoftware/php-ease-twbootstrap5/src/Ease/TWB5/WebPage.php on line 59

/home/vitex/Projects/VitexSoftware/php-ease-twbootstrap5/vendor/vitexsoftware/ease-html/src/Ease/WebPage.php:86
/home/vitex/Projects/VitexSoftware/php-ease-twbootstrap5/src/Ease/TWB5/WebPage.php:59
/home/vitex/Projects/VitexSoftware/php-ease-twbootstrap5/tests/src/Ease/TWB5/WebPageTest.php:36</error>
      </testcase>
      <testcase name="testIsFinalized" file="/home/vitex/Projects/VitexSoftware/php-ease-twbootstrap5/vendor/vitexsoftware/ease-html/tests/src/Ease/ContainerTest.php" line="277" class="Test\Ease\TWB5\WebPageTest" classname="Test.Ease.TWB5.WebPageTest" assertions="0" time="0.000000">
        <error type="TypeError">Test\Ease\TWB5\WebPageTest::testIsFinalized
TypeError: Ease\WebPage::__construct(): Argument #1 ($pageTitle) must be of type string, null given, called in /home/vitex/Projects/VitexSoftware/php-ease-twbootstrap5/src/Ease/TWB5/WebPage.php on line 59

/home/vitex/Projects/VitexSoftware/php-ease-twbootstrap5/vendor/vitexsoftware/ease-html/src/Ease/WebPage.php:86
/home/vitex/Projects/VitexSoftware/php-ease-twbootstrap5/src/Ease/TWB5/WebPage.php:59
/home/vitex/Projects/VitexSoftware/php-ease-twbootstrap5/tests/src/Ease/TWB5/WebPageTest.php:36</error>
      </testcase>
      <testcase name="testSetFinalized" file="/home/vitex/Projects/VitexSoftware/php-ease-twbootstrap5/vendor/vitexsoftware/ease-html/tests/src/Ease/ContainerTest.php" line="287" class="Test\Ease\TWB5\WebPageTest" classname="Test.Ease.TWB5.WebPageTest" assertions="0" time="0.000000">
        <error type="TypeError">Test\Ease\TWB5\WebPageTest::testSetFinalized
TypeError: Ease\WebPage::__construct(): Argument #1 ($pageTitle) must be of type string, null given, called in /home/vitex/Projects/VitexSoftware/php-ease-twbootstrap5/src/Ease/TWB5/WebPage.php on line 59

/home/vitex/Projects/VitexSoftware/php-ease-twbootstrap5/vendor/vitexsoftware/ease-html/src/Ease/WebPage.php:86
/home/vitex/Projects/VitexSoftware/php-ease-twbootstrap5/src/Ease/TWB5/WebPage.php:59
/home/vitex/Projects/VitexSoftware/php-ease-twbootstrap5/tests/src/Ease/TWB5/WebPageTest.php:36</error>
      </testcase>
      <testcase name="testIsEmpty" file="/home/vitex/Projects/VitexSoftware/php-ease-twbootstrap5/vendor/vitexsoftware/ease-html/tests/src/Ease/ContainerTest.php" line="296" class="Test\Ease\TWB5\WebPageTest" classname="Test.Ease.TWB5.WebPageTest" assertions="0" time="0.000000">
        <error type="TypeError">Test\Ease\TWB5\WebPageTest::testIsEmpty
TypeError: Ease\WebPage::__construct(): Argument #1 ($pageTitle) must be of type string, null given, called in /home/vitex/Projects/VitexSoftware/php-ease-twbootstrap5/src/Ease/TWB5/WebPage.php on line 59

/home/vitex/Projects/VitexSoftware/php-ease-twbootstrap5/vendor/vitexsoftware/ease-html/src/Ease/WebPage.php:86
/home/vitex/Projects/VitexSoftware/php-ease-twbootstrap5/src/Ease/TWB5/WebPage.php:59
/home/vitex/Projects/VitexSoftware/php-ease-twbootstrap5/tests/src/Ease/TWB5/WebPageTest.php:36</error>
      </testcase>
      <testcase name="testToString" file="/home/vitex/Projects/VitexSoftware/php-ease-twbootstrap5/vendor/vitexsoftware/ease-html/tests/src/Ease/ContainerTest.php" line="341" class="Test\Ease\TWB5\WebPageTest" classname="Test.Ease.TWB5.WebPageTest" assertions="0" time="0.000000">
        <error type="TypeError">Test\Ease\TWB5\WebPageTest::testToString
TypeError: Ease\WebPage::__construct(): Argument #1 ($pageTitle) must be of type string, null given, called in /home/vitex/Projects/VitexSoftware/php-ease-twbootstrap5/src/Ease/TWB5/WebPage.php on line 59

/home/vitex/Projects/VitexSoftware/php-ease-twbootstrap5/vendor/vitexsoftware/ease-html/src/Ease/WebPage.php:86
/home/vitex/Projects/VitexSoftware/php-ease-twbootstrap5/src/Ease/TWB5/WebPage.php:59
/home/vitex/Projects/VitexSoftware/php-ease-twbootstrap5/tests/src/Ease/TWB5/WebPageTest.php:36</error>
      </testcase>
      <testcase name="testSingleton" file="/home/vitex/Projects/VitexSoftware/php-ease-twbootstrap5/vendor/vitexsoftware/ease-html/tests/src/Ease/DocumentTest.php" line="52" class="Test\Ease\TWB5\WebPageTest" classname="Test.Ease.TWB5.WebPageTest" assertions="0" time="0.000000">
        <error type="TypeError">Test\Ease\TWB5\WebPageTest::testSingleton
TypeError: Ease\WebPage::__construct(): Argument #1 ($pageTitle) must be of type string, null given, called in /home/vitex/Projects/VitexSoftware/php-ease-twbootstrap5/src/Ease/TWB5/WebPage.php on line 59

/home/vitex/Projects/VitexSoftware/php-ease-twbootstrap5/vendor/vitexsoftware/ease-html/src/Ease/WebPage.php:86
/home/vitex/Projects/VitexSoftware/php-ease-twbootstrap5/src/Ease/TWB5/WebPage.php:59
/home/vitex/Projects/VitexSoftware/php-ease-twbootstrap5/tests/src/Ease/TWB5/WebPageTest.php:36</error>
      </testcase>
      <testcase name="testRedirect" file="/home/vitex/Projects/VitexSoftware/php-ease-twbootstrap5/vendor/vitexsoftware/ease-html/tests/src/Ease/DocumentTest.php" line="109" class="Test\Ease\TWB5\WebPageTest" classname="Test.Ease.TWB5.WebPageTest" assertions="0" time="0.000000">
        <error type="TypeError">Test\Ease\TWB5\WebPageTest::testRedirect
TypeError: Ease\WebPage::__construct(): Argument #1 ($pageTitle) must be of type string, null given, called in /home/vitex/Projects/VitexSoftware/php-ease-twbootstrap5/src/Ease/TWB5/WebPage.php on line 59

/home/vitex/Projects/VitexSoftware/php-ease-twbootstrap5/vendor/vitexsoftware/ease-html/src/Ease/WebPage.php:86
/home/vitex/Projects/VitexSoftware/php-ease-twbootstrap5/src/Ease/TWB5/WebPage.php:59
/home/vitex/Projects/VitexSoftware/php-ease-twbootstrap5/tests/src/Ease/TWB5/WebPageTest.php:36</error>
      </testcase>
      <testcase name="testGetUri" file="/home/vitex/Projects/VitexSoftware/php-ease-twbootstrap5/vendor/vitexsoftware/ease-html/tests/src/Ease/DocumentTest.php" line="120" class="Test\Ease\TWB5\WebPageTest" classname="Test.Ease.TWB5.WebPageTest" assertions="0" time="0.000000">
        <error type="TypeError">Test\Ease\TWB5\WebPageTest::testGetUri
TypeError: Ease\WebPage::__construct(): Argument #1 ($pageTitle) must be of type string, null given, called in /home/vitex/Projects/VitexSoftware/php-ease-twbootstrap5/src/Ease/TWB5/WebPage.php on line 59

/home/vitex/Projects/VitexSoftware/php-ease-twbootstrap5/vendor/vitexsoftware/ease-html/src/Ease/WebPage.php:86
/home/vitex/Projects/VitexSoftware/php-ease-twbootstrap5/src/Ease/TWB5/WebPage.php:59
/home/vitex/Projects/VitexSoftware/php-ease-twbootstrap5/tests/src/Ease/TWB5/WebPageTest.php:36</error>
      </testcase>
      <testcase name="testPhpSelf" file="/home/vitex/Projects/VitexSoftware/php-ease-twbootstrap5/vendor/vitexsoftware/ease-html/tests/src/Ease/DocumentTest.php" line="129" class="Test\Ease\TWB5\WebPageTest" classname="Test.Ease.TWB5.WebPageTest" assertions="0" time="0.000000">
        <error type="TypeError">Test\Ease\TWB5\WebPageTest::testPhpSelf
TypeError: Ease\WebPage::__construct(): Argument #1 ($pageTitle) must be of type string, null given, called in /home/vitex/Projects/VitexSoftware/php-ease-twbootstrap5/src/Ease/TWB5/WebPage.php on line 59

/home/vitex/Projects/VitexSoftware/php-ease-twbootstrap5/vendor/vitexsoftware/ease-html/src/Ease/WebPage.php:86
/home/vitex/Projects/VitexSoftware/php-ease-twbootstrap5/src/Ease/TWB5/WebPage.php:59
/home/vitex/Projects/VitexSoftware/php-ease-twbootstrap5/tests/src/Ease/TWB5/WebPageTest.php:36</error>
      </testcase>
      <testcase name="testOnlyForLogged" file="/home/vitex/Projects/VitexSoftware/php-ease-twbootstrap5/vendor/vitexsoftware/ease-html/tests/src/Ease/DocumentTest.php" line="138" class="Test\Ease\TWB5\WebPageTest" classname="Test.Ease.TWB5.WebPageTest" assertions="0" time="0.000000">
        <error type="TypeError">Test\Ease\TWB5\WebPageTest::testOnlyForLogged
TypeError: Ease\WebPage::__construct(): Argument #1 ($pageTitle) must be of type string, null given, called in /home/vitex/Projects/VitexSoftware/php-ease-twbootstrap5/src/Ease/TWB5/WebPage.php on line 59

/home/vitex/Projects/VitexSoftware/php-ease-twbootstrap5/vendor/vitexsoftware/ease-html/src/Ease/WebPage.php:86
/home/vitex/Projects/VitexSoftware/php-ease-twbootstrap5/src/Ease/TWB5/WebPage.php:59
/home/vitex/Projects/VitexSoftware/php-ease-twbootstrap5/tests/src/Ease/TWB5/WebPageTest.php:36</error>
      </testcase>
      <testcase name="testGetRequestValues" file="/home/vitex/Projects/VitexSoftware/php-ease-twbootstrap5/vendor/vitexsoftware/ease-html/tests/src/Ease/DocumentTest.php" line="151" class="Test\Ease\TWB5\WebPageTest" classname="Test.Ease.TWB5.WebPageTest" assertions="0" time="0.000000">
        <error type="TypeError">Test\Ease\TWB5\WebPageTest::testGetRequestValues
TypeError: Ease\WebPage::__construct(): Argument #1 ($pageTitle) must be of type string, null given, called in /home/vitex/Projects/VitexSoftware/php-ease-twbootstrap5/src/Ease/TWB5/WebPage.php on line 59

/home/vitex/Projects/VitexSoftware/php-ease-twbootstrap5/vendor/vitexsoftware/ease-html/src/Ease/WebPage.php:86
/home/vitex/Projects/VitexSoftware/php-ease-twbootstrap5/src/Ease/TWB5/WebPage.php:59
/home/vitex/Projects/VitexSoftware/php-ease-twbootstrap5/tests/src/Ease/TWB5/WebPageTest.php:36</error>
      </testcase>
      <testcase name="testIsPosted" file="/home/vitex/Projects/VitexSoftware/php-ease-twbootstrap5/vendor/vitexsoftware/ease-html/tests/src/Ease/DocumentTest.php" line="163" class="Test\Ease\TWB5\WebPageTest" classname="Test.Ease.TWB5.WebPageTest" assertions="0" time="0.000000">
        <error type="TypeError">Test\Ease\TWB5\WebPageTest::testIsPosted
TypeError: Ease\WebPage::__construct(): Argument #1 ($pageTitle) must be of type string, null given, called in /home/vitex/Projects/VitexSoftware/php-ease-twbootstrap5/src/Ease/TWB5/WebPage.php on line 59

/home/vitex/Projects/VitexSoftware/php-ease-twbootstrap5/vendor/vitexsoftware/ease-html/src/Ease/WebPage.php:86
/home/vitex/Projects/VitexSoftware/php-ease-twbootstrap5/src/Ease/TWB5/WebPage.php:59
/home/vitex/Projects/VitexSoftware/php-ease-twbootstrap5/tests/src/Ease/TWB5/WebPageTest.php:36</error>
      </testcase>
      <testcase name="testSanitizeAsType" file="/home/vitex/Projects/VitexSoftware/php-ease-twbootstrap5/vendor/vitexsoftware/ease-html/tests/src/Ease/DocumentTest.php" line="174" class="Test\Ease\TWB5\WebPageTest" classname="Test.Ease.TWB5.WebPageTest" assertions="0" time="0.000000">
        <error type="TypeError">Test\Ease\TWB5\WebPageTest::testSanitizeAsType
TypeError: Ease\WebPage::__construct(): Argument #1 ($pageTitle) must be of type string, null given, called in /home/vitex/Projects/VitexSoftware/php-ease-twbootstrap5/src/Ease/TWB5/WebPage.php on line 59

/home/vitex/Projects/VitexSoftware/php-ease-twbootstrap5/vendor/vitexsoftware/ease-html/src/Ease/WebPage.php:86
/home/vitex/Projects/VitexSoftware/php-ease-twbootstrap5/src/Ease/TWB5/WebPage.php:59
/home/vitex/Projects/VitexSoftware/php-ease-twbootstrap5/tests/src/Ease/TWB5/WebPageTest.php:36</error>
      </testcase>
      <testcase name="testGetRequestValue" file="/home/vitex/Projects/VitexSoftware/php-ease-twbootstrap5/vendor/vitexsoftware/ease-html/tests/src/Ease/DocumentTest.php" line="192" class="Test\Ease\TWB5\WebPageTest" classname="Test.Ease.TWB5.WebPageTest" assertions="0" time="0.000000">
        <error type="TypeError">Test\Ease\TWB5\WebPageTest::testGetRequestValue
TypeError: Ease\WebPage::__construct(): Argument #1 ($pageTitle) must be of type string, null given, called in /home/vitex/Projects/VitexSoftware/php-ease-twbootstrap5/src/Ease/TWB5/WebPage.php on line 59

/home/vitex/Projects/VitexSoftware/php-ease-twbootstrap5/vendor/vitexsoftware/ease-html/src/Ease/WebPage.php:86
/home/vitex/Projects/VitexSoftware/php-ease-twbootstrap5/src/Ease/TWB5/WebPage.php:59
/home/vitex/Projects/VitexSoftware/php-ease-twbootstrap5/tests/src/Ease/TWB5/WebPageTest.php:36</error>
      </testcase>
      <testcase name="testGetGetValue" file="/home/vitex/Projects/VitexSoftware/php-ease-twbootstrap5/vendor/vitexsoftware/ease-html/tests/src/Ease/DocumentTest.php" line="201" class="Test\Ease\TWB5\WebPageTest" classname="Test.Ease.TWB5.WebPageTest" assertions="0" time="0.000000">
        <error type="TypeError">Test\Ease\TWB5\WebPageTest::testGetGetValue
TypeError: Ease\WebPage::__construct(): Argument #1 ($pageTitle) must be of type string, null given, called in /home/vitex/Projects/VitexSoftware/php-ease-twbootstrap5/src/Ease/TWB5/WebPage.php on line 59

/home/vitex/Projects/VitexSoftware/php-ease-twbootstrap5/vendor/vitexsoftware/ease-html/src/Ease/WebPage.php:86
/home/vitex/Projects/VitexSoftware/php-ease-twbootstrap5/src/Ease/TWB5/WebPage.php:59
/home/vitex/Projects/VitexSoftware/php-ease-twbootstrap5/tests/src/Ease/TWB5/WebPageTest.php:36</error>
      </testcase>
      <testcase name="testGetPostValue" file="/home/vitex/Projects/VitexSoftware/php-ease-twbootstrap5/vendor/vitexsoftware/ease-html/tests/src/Ease/DocumentTest.php" line="210" class="Test\Ease\TWB5\WebPageTest" classname="Test.Ease.TWB5.WebPageTest" assertions="0" time="0.000000">
        <error type="TypeError">Test\Ease\TWB5\WebPageTest::testGetPostValue
TypeError: Ease\WebPage::__construct(): Argument #1 ($pageTitle) must be of type string, null given, called in /home/vitex/Projects/VitexSoftware/php-ease-twbootstrap5/src/Ease/TWB5/WebPage.php on line 59

/home/vitex/Projects/VitexSoftware/php-ease-twbootstrap5/vendor/vitexsoftware/ease-html/src/Ease/WebPage.php:86
/home/vitex/Projects/VitexSoftware/php-ease-twbootstrap5/src/Ease/TWB5/WebPage.php:59
/home/vitex/Projects/VitexSoftware/php-ease-twbootstrap5/tests/src/Ease/TWB5/WebPageTest.php:36</error>
      </testcase>
      <testcase name="testIsFormPosted" file="/home/vitex/Projects/VitexSoftware/php-ease-twbootstrap5/vendor/vitexsoftware/ease-html/tests/src/Ease/DocumentTest.php" line="219" class="Test\Ease\TWB5\WebPageTest" classname="Test.Ease.TWB5.WebPageTest" assertions="0" time="0.000000">
        <error type="TypeError">Test\Ease\TWB5\WebPageTest::testIsFormPosted
TypeError: Ease\WebPage::__construct(): Argument #1 ($pageTitle) must be of type string, null given, called in /home/vitex/Projects/VitexSoftware/php-ease-twbootstrap5/src/Ease/TWB5/WebPage.php on line 59

/home/vitex/Projects/VitexSoftware/php-ease-twbootstrap5/vendor/vitexsoftware/ease-html/src/Ease/WebPage.php:86
/home/vitex/Projects/VitexSoftware/php-ease-twbootstrap5/src/Ease/TWB5/WebPage.php:59
/home/vitex/Projects/VitexSoftware/php-ease-twbootstrap5/tests/src/Ease/TWB5/WebPageTest.php:36</error>
      </testcase>
      <testcase name="testArrayToUrlParams" file="/home/vitex/Projects/VitexSoftware/php-ease-twbootstrap5/vendor/vitexsoftware/ease-html/tests/src/Ease/DocumentTest.php" line="230" class="Test\Ease\TWB5\WebPageTest" classname="Test.Ease.TWB5.WebPageTest" assertions="0" time="0.000000">
        <error type="TypeError">Test\Ease\TWB5\WebPageTest::testArrayToUrlParams
TypeError: Ease\WebPage::__construct(): Argument #1 ($pageTitle) must be of type string, null given, called in /home/vitex/Projects/VitexSoftware/php-ease-twbootstrap5/src/Ease/TWB5/WebPage.php on line 59

/home/vitex/Projects/VitexSoftware/php-ease-twbootstrap5/vendor/vitexsoftware/ease-html/src/Ease/WebPage.php:86
/home/vitex/Projects/VitexSoftware/php-ease-twbootstrap5/src/Ease/TWB5/WebPage.php:59
/home/vitex/Projects/VitexSoftware/php-ease-twbootstrap5/tests/src/Ease/TWB5/WebPageTest.php:36</error>
      </testcase>
      <testcase name="testRegisterItem" file="/home/vitex/Projects/VitexSoftware/php-ease-twbootstrap5/vendor/vitexsoftware/ease-html/tests/src/Ease/DocumentTest.php" line="263" class="Test\Ease\TWB5\WebPageTest" classname="Test.Ease.TWB5.WebPageTest" assertions="0" time="0.000000">
        <error type="TypeError">Test\Ease\TWB5\WebPageTest::testRegisterItem
TypeError: Ease\WebPage::__construct(): Argument #1 ($pageTitle) must be of type string, null given, called in /home/vitex/Projects/VitexSoftware/php-ease-twbootstrap5/src/Ease/TWB5/WebPage.php on line 59

/home/vitex/Projects/VitexSoftware/php-ease-twbootstrap5/vendor/vitexsoftware/ease-html/src/Ease/WebPage.php:86
/home/vitex/Projects/VitexSoftware/php-ease-twbootstrap5/src/Ease/TWB5/WebPage.php:59
/home/vitex/Projects/VitexSoftware/php-ease-twbootstrap5/tests/src/Ease/TWB5/WebPageTest.php:36</error>
      </testcase>
      <testcase name="testSetTagID" file="/home/vitex/Projects/VitexSoftware/php-ease-twbootstrap5/vendor/vitexsoftware/ease-html/tests/src/Ease/WebPageTest.php" line="51" class="Test\Ease\TWB5\WebPageTest" classname="Test.Ease.TWB5.WebPageTest" assertions="0" time="0.000000">
        <error type="TypeError">Test\Ease\TWB5\WebPageTest::testSetTagID
TypeError: Ease\WebPage::__construct(): Argument #1 ($pageTitle) must be of type string, null given, called in /home/vitex/Projects/VitexSoftware/php-ease-twbootstrap5/src/Ease/TWB5/WebPage.php on line 59

/home/vitex/Projects/VitexSoftware/php-ease-twbootstrap5/vendor/vitexsoftware/ease-html/src/Ease/WebPage.php:86
/home/vitex/Projects/VitexSoftware/php-ease-twbootstrap5/src/Ease/TWB5/WebPage.php:59
/home/vitex/Projects/VitexSoftware/php-ease-twbootstrap5/tests/src/Ease/TWB5/WebPageTest.php:36</error>
      </testcase>
      <testcase name="testAddItem" file="/home/vitex/Projects/VitexSoftware/php-ease-twbootstrap5/vendor/vitexsoftware/ease-html/tests/src/Ease/WebPageTest.php" line="60" class="Test\Ease\TWB5\WebPageTest" classname="Test.Ease.TWB5.WebPageTest" assertions="0" time="0.000000">
        <error type="TypeError">Test\Ease\TWB5\WebPageTest::testAddItem
TypeError: Ease\WebPage::__construct(): Argument #1 ($pageTitle) must be of type string, null given, called in /home/vitex/Projects/VitexSoftware/php-ease-twbootstrap5/src/Ease/TWB5/WebPage.php on line 59

/home/vitex/Projects/VitexSoftware/php-ease-twbootstrap5/vendor/vitexsoftware/ease-html/src/Ease/WebPage.php:86
/home/vitex/Projects/VitexSoftware/php-ease-twbootstrap5/src/Ease/TWB5/WebPage.php:59
/home/vitex/Projects/VitexSoftware/php-ease-twbootstrap5/tests/src/Ease/TWB5/WebPageTest.php:36</error>
      </testcase>
      <testcase name="testIncludeJavaScript" file="/home/vitex/Projects/VitexSoftware/php-ease-twbootstrap5/vendor/vitexsoftware/ease-html/tests/src/Ease/WebPageTest.php" line="71" class="Test\Ease\TWB5\WebPageTest" classname="Test.Ease.TWB5.WebPageTest" assertions="0" time="0.000000">
        <error type="TypeError">Test\Ease\TWB5\WebPageTest::testIncludeJavaScript
TypeError: Ease\WebPage::__construct(): Argument #1 ($pageTitle) must be of type string, null given, called in /home/vitex/Projects/VitexSoftware/php-ease-twbootstrap5/src/Ease/TWB5/WebPage.php on line 59

/home/vitex/Projects/VitexSoftware/php-ease-twbootstrap5/vendor/vitexsoftware/ease-html/src/Ease/WebPage.php:86
/home/vitex/Projects/VitexSoftware/php-ease-twbootstrap5/src/Ease/TWB5/WebPage.php:59
/home/vitex/Projects/VitexSoftware/php-ease-twbootstrap5/tests/src/Ease/TWB5/WebPageTest.php:36</error>
      </testcase>
      <testcase name="testAddJavaScript" file="/home/vitex/Projects/VitexSoftware/php-ease-twbootstrap5/vendor/vitexsoftware/ease-html/tests/src/Ease/WebPageTest.php" line="85" class="Test\Ease\TWB5\WebPageTest" classname="Test.Ease.TWB5.WebPageTest" assertions="0" time="0.000000">
        <error type="TypeError">Test\Ease\TWB5\WebPageTest::testAddJavaScript
TypeError: Ease\WebPage::__construct(): Argument #1 ($pageTitle) must be of type string, null given, called in /home/vitex/Projects/VitexSoftware/php-ease-twbootstrap5/src/Ease/TWB5/WebPage.php on line 59

/home/vitex/Projects/VitexSoftware/php-ease-twbootstrap5/vendor/vitexsoftware/ease-html/src/Ease/WebPage.php:86
/home/vitex/Projects/VitexSoftware/php-ease-twbootstrap5/src/Ease/TWB5/WebPage.php:59
/home/vitex/Projects/VitexSoftware/php-ease-twbootstrap5/tests/src/Ease/TWB5/WebPageTest.php:36</error>
      </testcase>
      <testcase name="testAddToScriptsStack" file="/home/vitex/Projects/VitexSoftware/php-ease-twbootstrap5/vendor/vitexsoftware/ease-html/tests/src/Ease/WebPageTest.php" line="97" class="Test\Ease\TWB5\WebPageTest" classname="Test.Ease.TWB5.WebPageTest" assertions="0" time="0.000000">
        <error type="TypeError">Test\Ease\TWB5\WebPageTest::testAddToScriptsStack
TypeError: Ease\WebPage::__construct(): Argument #1 ($pageTitle) must be of type string, null given, called in /home/vitex/Projects/VitexSoftware/php-ease-twbootstrap5/src/Ease/TWB5/WebPage.php on line 59

/home/vitex/Projects/VitexSoftware/php-ease-twbootstrap5/vendor/vitexsoftware/ease-html/src/Ease/WebPage.php:86
/home/vitex/Projects/VitexSoftware/php-ease-twbootstrap5/src/Ease/TWB5/WebPage.php:59
/home/vitex/Projects/VitexSoftware/php-ease-twbootstrap5/tests/src/Ease/TWB5/WebPageTest.php:36</error>
      </testcase>
      <testcase name="testAddCSS" file="/home/vitex/Projects/VitexSoftware/php-ease-twbootstrap5/vendor/vitexsoftware/ease-html/tests/src/Ease/WebPageTest.php" line="106" class="Test\Ease\TWB5\WebPageTest" classname="Test.Ease.TWB5.WebPageTest" assertions="0" time="0.000000">
        <error type="TypeError">Test\Ease\TWB5\WebPageTest::testAddCSS
TypeError: Ease\WebPage::__construct(): Argument #1 ($pageTitle) must be of type string, null given, called in /home/vitex/Projects/VitexSoftware/php-ease-twbootstrap5/src/Ease/TWB5/WebPage.php on line 59

/home/vitex/Projects/VitexSoftware/php-ease-twbootstrap5/vendor/vitexsoftware/ease-html/src/Ease/WebPage.php:86
/home/vitex/Projects/VitexSoftware/php-ease-twbootstrap5/src/Ease/TWB5/WebPage.php:59
/home/vitex/Projects/VitexSoftware/php-ease-twbootstrap5/tests/src/Ease/TWB5/WebPageTest.php:36</error>
      </testcase>
      <testcase name="testIncludeCss" file="/home/vitex/Projects/VitexSoftware/php-ease-twbootstrap5/vendor/vitexsoftware/ease-html/tests/src/Ease/WebPageTest.php" line="114" class="Test\Ease\TWB5\WebPageTest" classname="Test.Ease.TWB5.WebPageTest" assertions="0" time="0.000000">
        <error type="TypeError">Test\Ease\TWB5\WebPageTest::testIncludeCss
TypeError: Ease\WebPage::__construct(): Argument #1 ($pageTitle) must be of type string, null given, called in /home/vitex/Projects/VitexSoftware/php-ease-twbootstrap5/src/Ease/TWB5/WebPage.php on line 59

/home/vitex/Projects/VitexSoftware/php-ease-twbootstrap5/vendor/vitexsoftware/ease-html/src/Ease/WebPage.php:86
/home/vitex/Projects/VitexSoftware/php-ease-twbootstrap5/src/Ease/TWB5/WebPage.php:59
/home/vitex/Projects/VitexSoftware/php-ease-twbootstrap5/tests/src/Ease/TWB5/WebPageTest.php:36</error>
      </testcase>
      <testcase name="testGetStatusMessagesBlock" file="/home/vitex/Projects/VitexSoftware/php-ease-twbootstrap5/vendor/vitexsoftware/ease-html/tests/src/Ease/WebPageTest.php" line="124" class="Test\Ease\TWB5\WebPageTest" classname="Test.Ease.TWB5.WebPageTest" assertions="0" time="0.000000">
        <error type="TypeError">Test\Ease\TWB5\WebPageTest::testGetStatusMessagesBlock
TypeError: Ease\WebPage::__construct(): Argument #1 ($pageTitle) must be of type string, null given, called in /home/vitex/Projects/VitexSoftware/php-ease-twbootstrap5/src/Ease/TWB5/WebPage.php on line 59

/home/vitex/Projects/VitexSoftware/php-ease-twbootstrap5/vendor/vitexsoftware/ease-html/src/Ease/WebPage.php:86
/home/vitex/Projects/VitexSoftware/php-ease-twbootstrap5/src/Ease/TWB5/WebPage.php:59
/home/vitex/Projects/VitexSoftware/php-ease-twbootstrap5/tests/src/Ease/TWB5/WebPageTest.php:36</error>
      </testcase>
      <testcase name="testDraw" file="/home/vitex/Projects/VitexSoftware/php-ease-twbootstrap5/vendor/vitexsoftware/ease-html/tests/src/Ease/WebPageTest.php" line="150" class="Test\Ease\TWB5\WebPageTest" classname="Test.Ease.TWB5.WebPageTest" assertions="0" time="0.000000">
        <error type="TypeError">Test\Ease\TWB5\WebPageTest::testDraw
TypeError: Ease\WebPage::__construct(): Argument #1 ($pageTitle) must be of type string, null given, called in /home/vitex/Projects/VitexSoftware/php-ease-twbootstrap5/src/Ease/TWB5/WebPage.php on line 59

/home/vitex/Projects/VitexSoftware/php-ease-twbootstrap5/vendor/vitexsoftware/ease-html/src/Ease/WebPage.php:86
/home/vitex/Projects/VitexSoftware/php-ease-twbootstrap5/src/Ease/TWB5/WebPage.php:59
/home/vitex/Projects/VitexSoftware/php-ease-twbootstrap5/tests/src/Ease/TWB5/WebPageTest.php:36</error>
      </testcase>
      <testcase name="testFinalizeRegistred" file="/home/vitex/Projects/VitexSoftware/php-ease-twbootstrap5/vendor/vitexsoftware/ease-html/tests/src/Ease/WebPageTest.php" line="161" class="Test\Ease\TWB5\WebPageTest" classname="Test.Ease.TWB5.WebPageTest" assertions="0" time="0.000000">
        <error type="TypeError">Test\Ease\TWB5\WebPageTest::testFinalizeRegistred
TypeError: Ease\WebPage::__construct(): Argument #1 ($pageTitle) must be of type string, null given, called in /home/vitex/Projects/VitexSoftware/php-ease-twbootstrap5/src/Ease/TWB5/WebPage.php on line 59

/home/vitex/Projects/VitexSoftware/php-ease-twbootstrap5/vendor/vitexsoftware/ease-html/src/Ease/WebPage.php:86
/home/vitex/Projects/VitexSoftware/php-ease-twbootstrap5/src/Ease/TWB5/WebPage.php:59
/home/vitex/Projects/VitexSoftware/php-ease-twbootstrap5/tests/src/Ease/TWB5/WebPageTest.php:36</error>
      </testcase>
      <testcase name="testSetPageTitle" file="/home/vitex/Projects/VitexSoftware/php-ease-twbootstrap5/vendor/vitexsoftware/ease-html/tests/src/Ease/WebPageTest.php" line="172" class="Test\Ease\TWB5\WebPageTest" classname="Test.Ease.TWB5.WebPageTest" assertions="0" time="0.000000">
        <error type="TypeError">Test\Ease\TWB5\WebPageTest::testSetPageTitle
TypeError: Ease\WebPage::__construct(): Argument #1 ($pageTitle) must be of type string, null given, called in /home/vitex/Projects/VitexSoftware/php-ease-twbootstrap5/src/Ease/TWB5/WebPage.php on line 59

/home/vitex/Projects/VitexSoftware/php-ease-twbootstrap5/vendor/vitexsoftware/ease-html/src/Ease/WebPage.php:86
/home/vitex/Projects/VitexSoftware/php-ease-twbootstrap5/src/Ease/TWB5/WebPage.php:59
/home/vitex/Projects/VitexSoftware/php-ease-twbootstrap5/tests/src/Ease/TWB5/WebPageTest.php:36</error>
      </testcase>
      <testcase name="testGetItemsCount" file="/home/vitex/Projects/VitexSoftware/php-ease-twbootstrap5/vendor/vitexsoftware/ease-html/tests/src/Ease/WebPageTest.php" line="183" class="Test\Ease\TWB5\WebPageTest" classname="Test.Ease.TWB5.WebPageTest" assertions="0" time="0.000000">
        <error type="TypeError">Test\Ease\TWB5\WebPageTest::testGetItemsCount
TypeError: Ease\WebPage::__construct(): Argument #1 ($pageTitle) must be of type string, null given, called in /home/vitex/Projects/VitexSoftware/php-ease-twbootstrap5/src/Ease/TWB5/WebPage.php on line 59

/home/vitex/Projects/VitexSoftware/php-ease-twbootstrap5/vendor/vitexsoftware/ease-html/src/Ease/WebPage.php:86
/home/vitex/Projects/VitexSoftware/php-ease-twbootstrap5/src/Ease/TWB5/WebPage.php:59
/home/vitex/Projects/VitexSoftware/php-ease-twbootstrap5/tests/src/Ease/TWB5/WebPageTest.php:36</error>
      </testcase>
      <testcase name="testDrawIfNotDrawn" file="/home/vitex/Projects/VitexSoftware/php-ease-twbootstrap5/vendor/vitexsoftware/ease-html/tests/src/Ease/WebPageTest.php" line="193" class="Test\Ease\TWB5\WebPageTest" classname="Test.Ease.TWB5.WebPageTest" assertions="0" time="0.000000">
        <error type="TypeError">Test\Ease\TWB5\WebPageTest::testDrawIfNotDrawn
TypeError: Ease\WebPage::__construct(): Argument #1 ($pageTitle) must be of type string, null given, called in /home/vitex/Projects/VitexSoftware/php-ease-twbootstrap5/src/Ease/TWB5/WebPage.php on line 59

/home/vitex/Projects/VitexSoftware/php-ease-twbootstrap5/vendor/vitexsoftware/ease-html/src/Ease/WebPage.php:86
/home/vitex/Projects/VitexSoftware/php-ease-twbootstrap5/src/Ease/TWB5/WebPage.php:59
/home/vitex/Projects/VitexSoftware/php-ease-twbootstrap5/tests/src/Ease/TWB5/WebPageTest.php:36</error>
      </testcase>
      <testcase name="testaddToHeader" file="/home/vitex/Projects/VitexSoftware/php-ease-twbootstrap5/tests/src/Ease/TWB5/WebPageTest.php" line="52" class="Test\Ease\TWB5\WebPageTest" classname="Test.Ease.TWB5.WebPageTest" assertions="0" time="0.000000">
        <error type="TypeError">Test\Ease\TWB5\WebPageTest::testaddToHeader
TypeError: Ease\WebPage::__construct(): Argument #1 ($pageTitle) must be of type string, null given, called in /home/vitex/Projects/VitexSoftware/php-ease-twbootstrap5/src/Ease/TWB5/WebPage.php on line 59

/home/vitex/Projects/VitexSoftware/php-ease-twbootstrap5/vendor/vitexsoftware/ease-html/src/Ease/WebPage.php:86
/home/vitex/Projects/VitexSoftware/php-ease-twbootstrap5/src/Ease/TWB5/WebPage.php:59
/home/vitex/Projects/VitexSoftware/php-ease-twbootstrap5/tests/src/Ease/TWB5/WebPageTest.php:36</error>
      </testcase>
      <testcase name="testaddToMain" file="/home/vitex/Projects/VitexSoftware/php-ease-twbootstrap5/tests/src/Ease/TWB5/WebPageTest.php" line="64" class="Test\Ease\TWB5\WebPageTest" classname="Test.Ease.TWB5.WebPageTest" assertions="0" time="0.000000">
        <error type="TypeError">Test\Ease\TWB5\WebPageTest::testaddToMain
TypeError: Ease\WebPage::__construct(): Argument #1 ($pageTitle) must be of type string, null given, called in /home/vitex/Projects/VitexSoftware/php-ease-twbootstrap5/src/Ease/TWB5/WebPage.php on line 59

/home/vitex/Projects/VitexSoftware/php-ease-twbootstrap5/vendor/vitexsoftware/ease-html/src/Ease/WebPage.php:86
/home/vitex/Projects/VitexSoftware/php-ease-twbootstrap5/src/Ease/TWB5/WebPage.php:59
/home/vitex/Projects/VitexSoftware/php-ease-twbootstrap5/tests/src/Ease/TWB5/WebPageTest.php:36</error>
      </testcase>
      <testcase name="testaddToFooter" file="/home/vitex/Projects/VitexSoftware/php-ease-twbootstrap5/tests/src/Ease/TWB5/WebPageTest.php" line="76" class="Test\Ease\TWB5\WebPageTest" classname="Test.Ease.TWB5.WebPageTest" assertions="0" time="0.000000">
        <error type="TypeError">Test\Ease\TWB5\WebPageTest::testaddToFooter
TypeError: Ease\WebPage::__construct(): Argument #1 ($pageTitle) must be of type string, null given, called in /home/vitex/Projects/VitexSoftware/php-ease-twbootstrap5/src/Ease/TWB5/WebPage.php on line 59

/home/vitex/Projects/VitexSoftware/php-ease-twbootstrap5/vendor/vitexsoftware/ease-html/src/Ease/WebPage.php:86
/home/vitex/Projects/VitexSoftware/php-ease-twbootstrap5/src/Ease/TWB5/WebPage.php:59
/home/vitex/Projects/VitexSoftware/php-ease-twbootstrap5/tests/src/Ease/TWB5/WebPageTest.php:36</error>
      </testcase>
      <testcase name="testfinalize" file="/home/vitex/Projects/VitexSoftware/php-ease-twbootstrap5/tests/src/Ease/TWB5/WebPageTest.php" line="88" class="Test\Ease\TWB5\WebPageTest" classname="Test.Ease.TWB5.WebPageTest" assertions="0" time="0.000000">
        <error type="TypeError">Test\Ease\TWB5\WebPageTest::testfinalize
TypeError: Ease\WebPage::__construct(): Argument #1 ($pageTitle) must be of type string, null given, called in /home/vitex/Projects/VitexSoftware/php-ease-twbootstrap5/src/Ease/TWB5/WebPage.php on line 59

/home/vitex/Projects/VitexSoftware/php-ease-twbootstrap5/vendor/vitexsoftware/ease-html/src/Ease/WebPage.php:86
/home/vitex/Projects/VitexSoftware/php-ease-twbootstrap5/src/Ease/TWB5/WebPage.php:59
/home/vitex/Projects/VitexSoftware/php-ease-twbootstrap5/tests/src/Ease/TWB5/WebPageTest.php:36</error>
      </testcase>
    </testsuite>
  </testsuite>
</testsuites>
